ARM GAS  C:\Users\Admin\AppData\Local\Temp\ccElwchy.s 			page 1


   1              		.syntax unified
   2              		.cpu cortex-m3
   3              		.fpu softvfp
   4              		.eabi_attribute 20, 1
   5              		.eabi_attribute 21, 1
   6              		.eabi_attribute 23, 3
   7              		.eabi_attribute 24, 1
   8              		.eabi_attribute 25, 1
   9              		.eabi_attribute 26, 1
  10              		.eabi_attribute 30, 1
  11              		.eabi_attribute 34, 1
  12              		.eabi_attribute 18, 4
  13              		.thumb
  14              		.syntax unified
  15              		.file	"cymetadata.c"
  16              		.text
  17              	.Ltext0:
  18              		.cfi_sections	.debug_frame
  19              		.global	cy_metadata
  20              		.global	cy_meta_flashprotect
  21              		.global	cy_meta_wonvl
  22              		.global	cy_meta_custnvl
  23              		.global	cy_meta_configecc
  24              		.section	.cyconfigecc,"a",%progbits
  25              		.align	2
  26              		.type	cy_meta_configecc, %object
  27              		.size	cy_meta_configecc, 864
  28              	cy_meta_configecc:
  29 0000 03       		.byte	3
  30 0001 65       		.byte	101
  31 0002 00       		.byte	0
  32 0003 40       		.byte	64
  33 0004 03       		.byte	3
  34 0005 15       		.byte	21
  35 0006 01       		.byte	1
  36 0007 40       		.byte	64
  37 0008 02       		.byte	2
  38 0009 17       		.byte	23
  39 000a 01       		.byte	1
  40 000b 40       		.byte	64
  41 000c 68       		.byte	104
  42 000d 18       		.byte	24
  43 000e 01       		.byte	1
  44 000f 40       		.byte	64
  45 0010 3F       		.byte	63
  46 0011 19       		.byte	25
  47 0012 01       		.byte	1
  48 0013 40       		.byte	64
  49 0014 56       		.byte	86
  50 0015 1A       		.byte	26
  51 0016 01       		.byte	1
  52 0017 40       		.byte	64
  53 0018 4B       		.byte	75
  54 0019 1B       		.byte	27
  55 001a 01       		.byte	1
  56 001b 40       		.byte	64
  57 001c 02       		.byte	2
ARM GAS  C:\Users\Admin\AppData\Local\Temp\ccElwchy.s 			page 2


  58 001d 42       		.byte	66
  59 001e 01       		.byte	1
  60 001f 40       		.byte	64
  61 0020 01       		.byte	1
  62 0021 43       		.byte	67
  63 0022 01       		.byte	1
  64 0023 40       		.byte	64
  65 0024 05       		.byte	5
  66 0025 48       		.byte	72
  67 0026 01       		.byte	1
  68 0027 40       		.byte	64
  69 0028 0F       		.byte	15
  70 0029 49       		.byte	73
  71 002a 01       		.byte	1
  72 002b 40       		.byte	64
  73 002c 09       		.byte	9
  74 002d 4C       		.byte	76
  75 002e 01       		.byte	1
  76 002f 40       		.byte	64
  77 0030 0C       		.byte	12
  78 0031 4D       		.byte	77
  79 0032 01       		.byte	1
  80 0033 40       		.byte	64
  81 0034 02       		.byte	2
  82 0035 50       		.byte	80
  83 0036 01       		.byte	1
  84 0037 40       		.byte	64
  85 0038 01       		.byte	1
  86 0039 51       		.byte	81
  87 003a 01       		.byte	1
  88 003b 40       		.byte	64
  89 003c 88       		.byte	-120
  90 003d 38       		.byte	56
  91 003e 8A       		.byte	-118
  92 003f 0F       		.byte	15
  93 0040 8B       		.byte	-117
  94 0041 72       		.byte	114
  95 0042 E0       		.byte	-32
  96 0043 08       		.byte	8
  97 0044 E4       		.byte	-28
  98 0045 01       		.byte	1
  99 0046 EA       		.byte	-22
 100 0047 01       		.byte	1
 101 0048 E2       		.byte	-30
 102 0049 01       		.byte	1
 103 004a E6       		.byte	-26
 104 004b 08       		.byte	8
 105 004c 04       		.byte	4
 106 004d 48       		.byte	72
 107 004e 06       		.byte	6
 108 004f 32       		.byte	50
 109 0050 08       		.byte	8
 110 0051 F8       		.byte	-8
 111 0052 09       		.byte	9
 112 0053 01       		.byte	1
 113 0054 0F       		.byte	15
 114 0055 04       		.byte	4
ARM GAS  C:\Users\Admin\AppData\Local\Temp\ccElwchy.s 			page 3


 115 0056 14       		.byte	20
 116 0057 20       		.byte	32
 117 0058 15       		.byte	21
 118 0059 01       		.byte	1
 119 005a 16       		.byte	22
 120 005b C1       		.byte	-63
 121 005c 18       		.byte	24
 122 005d 90       		.byte	-112
 123 005e 1A       		.byte	26
 124 005f 2A       		.byte	42
 125 0060 1E       		.byte	30
 126 0061 04       		.byte	4
 127 0062 23       		.byte	35
 128 0063 04       		.byte	4
 129 0064 26       		.byte	38
 130 0065 04       		.byte	4
 131 0066 28       		.byte	40
 132 0067 F8       		.byte	-8
 133 0068 29       		.byte	41
 134 0069 02       		.byte	2
 135 006a 2D       		.byte	45
 136 006b 01       		.byte	1
 137 006c 30       		.byte	48
 138 006d 04       		.byte	4
 139 006e 31       		.byte	49
 140 006f 01       		.byte	1
 141 0070 32       		.byte	50
 142 0071 E0       		.byte	-32
 143 0072 33       		.byte	51
 144 0073 04       		.byte	4
 145 0074 34       		.byte	52
 146 0075 18       		.byte	24
 147 0076 35       		.byte	53
 148 0077 02       		.byte	2
 149 0078 36       		.byte	54
 150 0079 03       		.byte	3
 151 007a 3B       		.byte	59
 152 007b 80       		.byte	-128
 153 007c 3E       		.byte	62
 154 007d 41       		.byte	65
 155 007e 3F       		.byte	63
 156 007f 14       		.byte	20
 157 0080 40       		.byte	64
 158 0081 65       		.byte	101
 159 0082 41       		.byte	65
 160 0083 02       		.byte	2
 161 0084 42       		.byte	66
 162 0085 04       		.byte	4
 163 0086 44       		.byte	68
 164 0087 01       		.byte	1
 165 0088 46       		.byte	70
 166 0089 CE       		.byte	-50
 167 008a 48       		.byte	72
 168 008b 0C       		.byte	12
 169 008c 49       		.byte	73
 170 008d FF       		.byte	-1
 171 008e 4A       		.byte	74
ARM GAS  C:\Users\Admin\AppData\Local\Temp\ccElwchy.s 			page 4


 172 008f FF       		.byte	-1
 173 0090 4B       		.byte	75
 174 0091 FF       		.byte	-1
 175 0092 4C       		.byte	76
 176 0093 62       		.byte	98
 177 0094 4D       		.byte	77
 178 0095 A0       		.byte	-96
 179 0096 4E       		.byte	78
 180 0097 F0       		.byte	-16
 181 0098 4F       		.byte	79
 182 0099 41       		.byte	65
 183 009a 50       		.byte	80
 184 009b 0C       		.byte	12
 185 009c 54       		.byte	84
 186 009d 18       		.byte	24
 187 009e 58       		.byte	88
 188 009f 04       		.byte	4
 189 00a0 59       		.byte	89
 190 00a1 04       		.byte	4
 191 00a2 5A       		.byte	90
 192 00a3 04       		.byte	4
 193 00a4 5B       		.byte	91
 194 00a5 04       		.byte	4
 195 00a6 5F       		.byte	95
 196 00a7 01       		.byte	1
 197 00a8 66       		.byte	102
 198 00a9 40       		.byte	64
 199 00aa 67       		.byte	103
 200 00ab 02       		.byte	2
 201 00ac 69       		.byte	105
 202 00ad 10       		.byte	16
 203 00ae 6A       		.byte	106
 204 00af 30       		.byte	48
 205 00b0 6B       		.byte	107
 206 00b1 10       		.byte	16
 207 00b2 6D       		.byte	109
 208 00b3 10       		.byte	16
 209 00b4 6E       		.byte	110
 210 00b5 10       		.byte	16
 211 00b6 6F       		.byte	111
 212 00b7 12       		.byte	18
 213 00b8 86       		.byte	-122
 214 00b9 03       		.byte	3
 215 00ba 8C       		.byte	-116
 216 00bb 0C       		.byte	12
 217 00bc 8D       		.byte	-115
 218 00bd 80       		.byte	-128
 219 00be 8E       		.byte	-114
 220 00bf 71       		.byte	113
 221 00c0 8F       		.byte	-113
 222 00c1 13       		.byte	19
 223 00c2 90       		.byte	-112
 224 00c3 DC       		.byte	-36
 225 00c4 92       		.byte	-110
 226 00c5 22       		.byte	34
 227 00c6 93       		.byte	-109
 228 00c7 0C       		.byte	12
ARM GAS  C:\Users\Admin\AppData\Local\Temp\ccElwchy.s 			page 5


 229 00c8 94       		.byte	-108
 230 00c9 14       		.byte	20
 231 00ca 9B       		.byte	-101
 232 00cb 08       		.byte	8
 233 00cc 9C       		.byte	-100
 234 00cd 09       		.byte	9
 235 00ce 9D       		.byte	-99
 236 00cf 2C       		.byte	44
 237 00d0 9E       		.byte	-98
 238 00d1 D0       		.byte	-48
 239 00d2 9F       		.byte	-97
 240 00d3 43       		.byte	67
 241 00d4 A1       		.byte	-95
 242 00d5 71       		.byte	113
 243 00d6 A2       		.byte	-94
 244 00d7 20       		.byte	32
 245 00d8 A3       		.byte	-93
 246 00d9 0E       		.byte	14
 247 00da A4       		.byte	-92
 248 00db 10       		.byte	16
 249 00dc A6       		.byte	-90
 250 00dd 40       		.byte	64
 251 00de A8       		.byte	-88
 252 00df 10       		.byte	16
 253 00e0 A9       		.byte	-87
 254 00e1 71       		.byte	113
 255 00e2 AA       		.byte	-86
 256 00e3 AC       		.byte	-84
 257 00e4 AB       		.byte	-85
 258 00e5 06       		.byte	6
 259 00e6 B0       		.byte	-80
 260 00e7 E0       		.byte	-32
 261 00e8 B1       		.byte	-79
 262 00e9 C0       		.byte	-64
 263 00ea B3       		.byte	-77
 264 00eb 30       		.byte	48
 265 00ec B4       		.byte	-76
 266 00ed 1F       		.byte	31
 267 00ee B7       		.byte	-73
 268 00ef 0F       		.byte	15
 269 00f0 B9       		.byte	-71
 270 00f1 0A       		.byte	10
 271 00f2 BA       		.byte	-70
 272 00f3 02       		.byte	2
 273 00f4 BB       		.byte	-69
 274 00f5 80       		.byte	-128
 275 00f6 BF       		.byte	-65
 276 00f7 04       		.byte	4
 277 00f8 C0       		.byte	-64
 278 00f9 03       		.byte	3
 279 00fa C5       		.byte	-59
 280 00fb 04       		.byte	4
 281 00fc C9       		.byte	-55
 282 00fd FF       		.byte	-1
 283 00fe CA       		.byte	-54
 284 00ff 07       		.byte	7
 285 0100 CB       		.byte	-53
ARM GAS  C:\Users\Admin\AppData\Local\Temp\ccElwchy.s 			page 6


 286 0101 FF       		.byte	-1
 287 0102 CC       		.byte	-52
 288 0103 40       		.byte	64
 289 0104 CD       		.byte	-51
 290 0105 20       		.byte	32
 291 0106 CE       		.byte	-50
 292 0107 F0       		.byte	-16
 293 0108 CF       		.byte	-49
 294 0109 05       		.byte	5
 295 010a D0       		.byte	-48
 296 010b 08       		.byte	8
 297 010c D8       		.byte	-40
 298 010d 04       		.byte	4
 299 010e D9       		.byte	-39
 300 010f 04       		.byte	4
 301 0110 DA       		.byte	-38
 302 0111 04       		.byte	4
 303 0112 DF       		.byte	-33
 304 0113 01       		.byte	1
 305 0114 E0       		.byte	-32
 306 0115 40       		.byte	64
 307 0116 E1       		.byte	-31
 308 0117 A8       		.byte	-88
 309 0118 E2       		.byte	-30
 310 0119 40       		.byte	64
 311 011a E3       		.byte	-29
 312 011b 20       		.byte	32
 313 011c 00       		.byte	0
 314 011d 04       		.byte	4
 315 011e 02       		.byte	2
 316 011f 01       		.byte	1
 317 0120 04       		.byte	4
 318 0121 20       		.byte	32
 319 0122 05       		.byte	5
 320 0123 08       		.byte	8
 321 0124 07       		.byte	7
 322 0125 08       		.byte	8
 323 0126 0A       		.byte	10
 324 0127 82       		.byte	-126
 325 0128 0B       		.byte	11
 326 0129 20       		.byte	32
 327 012a 0C       		.byte	12
 328 012b 40       		.byte	64
 329 012c 0E       		.byte	14
 330 012d 26       		.byte	38
 331 012e 10       		.byte	16
 332 012f A8       		.byte	-88
 333 0130 15       		.byte	21
 334 0131 10       		.byte	16
 335 0132 16       		.byte	22
 336 0133 10       		.byte	16
 337 0134 18       		.byte	24
 338 0135 04       		.byte	4
 339 0136 19       		.byte	25
 340 0137 01       		.byte	1
 341 0138 1D       		.byte	29
 342 0139 80       		.byte	-128
ARM GAS  C:\Users\Admin\AppData\Local\Temp\ccElwchy.s 			page 7


 343 013a 1E       		.byte	30
 344 013b 24       		.byte	36
 345 013c 1F       		.byte	31
 346 013d 01       		.byte	1
 347 013e 21       		.byte	33
 348 013f 04       		.byte	4
 349 0140 22       		.byte	34
 350 0141 41       		.byte	65
 351 0142 25       		.byte	37
 352 0143 08       		.byte	8
 353 0144 26       		.byte	38
 354 0145 82       		.byte	-126
 355 0146 27       		.byte	39
 356 0147 44       		.byte	68
 357 0148 29       		.byte	41
 358 0149 21       		.byte	33
 359 014a 2A       		.byte	42
 360 014b 01       		.byte	1
 361 014c 2D       		.byte	45
 362 014d 40       		.byte	64
 363 014e 2F       		.byte	47
 364 014f 48       		.byte	72
 365 0150 30       		.byte	48
 366 0151 20       		.byte	32
 367 0152 32       		.byte	50
 368 0153 41       		.byte	65
 369 0154 36       		.byte	54
 370 0155 10       		.byte	16
 371 0156 37       		.byte	55
 372 0157 18       		.byte	24
 373 0158 38       		.byte	56
 374 0159 80       		.byte	-128
 375 015a 3D       		.byte	61
 376 015b 30       		.byte	48
 377 015c 3F       		.byte	63
 378 015d 80       		.byte	-128
 379 015e 41       		.byte	65
 380 015f 04       		.byte	4
 381 0160 44       		.byte	68
 382 0161 48       		.byte	72
 383 0162 45       		.byte	69
 384 0163 88       		.byte	-120
 385 0164 46       		.byte	70
 386 0165 20       		.byte	32
 387 0166 48       		.byte	72
 388 0167 20       		.byte	32
 389 0168 4E       		.byte	78
 390 0169 02       		.byte	2
 391 016a 4F       		.byte	79
 392 016b 20       		.byte	32
 393 016c 50       		.byte	80
 394 016d C0       		.byte	-64
 395 016e 51       		.byte	81
 396 016f 40       		.byte	64
 397 0170 56       		.byte	86
 398 0171 10       		.byte	16
 399 0172 57       		.byte	87
ARM GAS  C:\Users\Admin\AppData\Local\Temp\ccElwchy.s 			page 8


 400 0173 40       		.byte	64
 401 0174 5C       		.byte	92
 402 0175 01       		.byte	1
 403 0176 62       		.byte	98
 404 0177 80       		.byte	-128
 405 0178 63       		.byte	99
 406 0179 02       		.byte	2
 407 017a 66       		.byte	102
 408 017b 20       		.byte	32
 409 017c 67       		.byte	103
 410 017d 02       		.byte	2
 411 017e 88       		.byte	-120
 412 017f 08       		.byte	8
 413 0180 8A       		.byte	-118
 414 0181 80       		.byte	-128
 415 0182 C0       		.byte	-64
 416 0183 65       		.byte	101
 417 0184 C2       		.byte	-62
 418 0185 ED       		.byte	-19
 419 0186 C4       		.byte	-60
 420 0187 6E       		.byte	110
 421 0188 CA       		.byte	-54
 422 0189 B5       		.byte	-75
 423 018a CC       		.byte	-52
 424 018b 4D       		.byte	77
 425 018c CE       		.byte	-50
 426 018d 38       		.byte	56
 427 018e D0       		.byte	-48
 428 018f B2       		.byte	-78
 429 0190 D2       		.byte	-46
 430 0191 30       		.byte	48
 431 0192 D6       		.byte	-42
 432 0193 80       		.byte	-128
 433 0194 D8       		.byte	-40
 434 0195 30       		.byte	48
 435 0196 E2       		.byte	-30
 436 0197 01       		.byte	1
 437 0198 E6       		.byte	-26
 438 0199 08       		.byte	8
 439 019a 05       		.byte	5
 440 019b 01       		.byte	1
 441 019c 06       		.byte	6
 442 019d 20       		.byte	32
 443 019e 0C       		.byte	12
 444 019f 13       		.byte	19
 445 01a0 0E       		.byte	14
 446 01a1 04       		.byte	4
 447 01a2 10       		.byte	16
 448 01a3 0A       		.byte	10
 449 01a4 12       		.byte	18
 450 01a5 14       		.byte	20
 451 01a6 1E       		.byte	30
 452 01a7 08       		.byte	8
 453 01a8 22       		.byte	34
 454 01a9 15       		.byte	21
 455 01aa 24       		.byte	36
 456 01ab 03       		.byte	3
ARM GAS  C:\Users\Admin\AppData\Local\Temp\ccElwchy.s 			page 9


 457 01ac 26       		.byte	38
 458 01ad 14       		.byte	20
 459 01ae 28       		.byte	40
 460 01af 13       		.byte	19
 461 01b0 2A       		.byte	42
 462 01b1 0C       		.byte	12
 463 01b2 30       		.byte	48
 464 01b3 10       		.byte	16
 465 01b4 32       		.byte	50
 466 01b5 20       		.byte	32
 467 01b6 33       		.byte	51
 468 01b7 01       		.byte	1
 469 01b8 34       		.byte	52
 470 01b9 0F       		.byte	15
 471 01ba 3A       		.byte	58
 472 01bb 20       		.byte	32
 473 01bc 3E       		.byte	62
 474 01bd 01       		.byte	1
 475 01be 3F       		.byte	63
 476 01bf 04       		.byte	4
 477 01c0 40       		.byte	64
 478 01c1 61       		.byte	97
 479 01c2 41       		.byte	65
 480 01c3 05       		.byte	5
 481 01c4 45       		.byte	69
 482 01c5 0C       		.byte	12
 483 01c6 46       		.byte	70
 484 01c7 B0       		.byte	-80
 485 01c8 47       		.byte	71
 486 01c9 0E       		.byte	14
 487 01ca 48       		.byte	72
 488 01cb 19       		.byte	25
 489 01cc 49       		.byte	73
 490 01cd FF       		.byte	-1
 491 01ce 4A       		.byte	74
 492 01cf FF       		.byte	-1
 493 01d0 4B       		.byte	75
 494 01d1 FF       		.byte	-1
 495 01d2 4E       		.byte	78
 496 01d3 F0       		.byte	-16
 497 01d4 4F       		.byte	79
 498 01d5 44       		.byte	68
 499 01d6 50       		.byte	80
 500 01d7 0C       		.byte	12
 501 01d8 54       		.byte	84
 502 01d9 01       		.byte	1
 503 01da 58       		.byte	88
 504 01db 04       		.byte	4
 505 01dc 59       		.byte	89
 506 01dd 04       		.byte	4
 507 01de 5A       		.byte	90
 508 01df 04       		.byte	4
 509 01e0 5B       		.byte	91
 510 01e1 04       		.byte	4
 511 01e2 5F       		.byte	95
 512 01e3 01       		.byte	1
 513 01e4 66       		.byte	102
ARM GAS  C:\Users\Admin\AppData\Local\Temp\ccElwchy.s 			page 10


 514 01e5 C0       		.byte	-64
 515 01e6 6A       		.byte	106
 516 01e7 40       		.byte	64
 517 01e8 6B       		.byte	107
 518 01e9 02       		.byte	2
 519 01ea 81       		.byte	-127
 520 01eb 44       		.byte	68
 521 01ec 82       		.byte	-126
 522 01ed 23       		.byte	35
 523 01ee 84       		.byte	-124
 524 01ef 0C       		.byte	12
 525 01f0 85       		.byte	-123
 526 01f1 08       		.byte	8
 527 01f2 88       		.byte	-120
 528 01f3 04       		.byte	4
 529 01f4 8B       		.byte	-117
 530 01f5 04       		.byte	4
 531 01f6 8C       		.byte	-116
 532 01f7 1F       		.byte	31
 533 01f8 8D       		.byte	-115
 534 01f9 1C       		.byte	28
 535 01fa 8E       		.byte	-114
 536 01fb 60       		.byte	96
 537 01fc 8F       		.byte	-113
 538 01fd E1       		.byte	-31
 539 01fe 91       		.byte	-111
 540 01ff 10       		.byte	16
 541 0200 94       		.byte	-108
 542 0201 73       		.byte	115
 543 0202 95       		.byte	-107
 544 0203 E7       		.byte	-25
 545 0204 96       		.byte	-106
 546 0205 0C       		.byte	12
 547 0206 97       		.byte	-105
 548 0207 18       		.byte	24
 549 0208 98       		.byte	-104
 550 0209 02       		.byte	2
 551 020a 99       		.byte	-103
 552 020b 18       		.byte	24
 553 020c 9C       		.byte	-100
 554 020d 7F       		.byte	127
 555 020e 9F       		.byte	-97
 556 020f E3       		.byte	-29
 557 0210 A0       		.byte	-96
 558 0211 08       		.byte	8
 559 0212 A1       		.byte	-95
 560 0213 FF       		.byte	-1
 561 0214 A4       		.byte	-92
 562 0215 1C       		.byte	28
 563 0216 A5       		.byte	-91
 564 0217 80       		.byte	-128
 565 0218 A6       		.byte	-90
 566 0219 63       		.byte	99
 567 021a A8       		.byte	-88
 568 021b 03       		.byte	3
 569 021c A9       		.byte	-87
 570 021d C0       		.byte	-64
ARM GAS  C:\Users\Admin\AppData\Local\Temp\ccElwchy.s 			page 11


 571 021e AC       		.byte	-84
 572 021f 01       		.byte	1
 573 0220 AD       		.byte	-83
 574 0221 3C       		.byte	60
 575 0222 AF       		.byte	-81
 576 0223 C2       		.byte	-62
 577 0224 B0       		.byte	-80
 578 0225 2C       		.byte	44
 579 0226 B1       		.byte	-79
 580 0227 38       		.byte	56
 581 0228 B2       		.byte	-78
 582 0229 0F       		.byte	15
 583 022a B4       		.byte	-76
 584 022b 10       		.byte	16
 585 022c B5       		.byte	-75
 586 022d 1F       		.byte	31
 587 022e B6       		.byte	-74
 588 022f 40       		.byte	64
 589 0230 B7       		.byte	-73
 590 0231 C0       		.byte	-64
 591 0232 B8       		.byte	-72
 592 0233 80       		.byte	-128
 593 0234 BA       		.byte	-70
 594 0235 0A       		.byte	10
 595 0236 BB       		.byte	-69
 596 0237 20       		.byte	32
 597 0238 BE       		.byte	-66
 598 0239 10       		.byte	16
 599 023a D6       		.byte	-42
 600 023b 02       		.byte	2
 601 023c D7       		.byte	-41
 602 023d 12       		.byte	18
 603 023e D8       		.byte	-40
 604 023f 04       		.byte	4
 605 0240 D9       		.byte	-39
 606 0241 04       		.byte	4
 607 0242 DB       		.byte	-37
 608 0243 04       		.byte	4
 609 0244 DF       		.byte	-33
 610 0245 01       		.byte	1
 611 0246 01       		.byte	1
 612 0247 88       		.byte	-120
 613 0248 02       		.byte	2
 614 0249 01       		.byte	1
 615 024a 04       		.byte	4
 616 024b 40       		.byte	64
 617 024c 06       		.byte	6
 618 024d 24       		.byte	36
 619 024e 07       		.byte	7
 620 024f 40       		.byte	64
 621 0250 0A       		.byte	10
 622 0251 82       		.byte	-126
 623 0252 0E       		.byte	14
 624 0253 25       		.byte	37
 625 0254 0F       		.byte	15
 626 0255 22       		.byte	34
 627 0256 10       		.byte	16
ARM GAS  C:\Users\Admin\AppData\Local\Temp\ccElwchy.s 			page 12


 628 0257 B8       		.byte	-72
 629 0258 14       		.byte	20
 630 0259 04       		.byte	4
 631 025a 16       		.byte	22
 632 025b 02       		.byte	2
 633 025c 17       		.byte	23
 634 025d 19       		.byte	25
 635 025e 19       		.byte	25
 636 025f 20       		.byte	32
 637 0260 1A       		.byte	26
 638 0261 50       		.byte	80
 639 0262 1C       		.byte	28
 640 0263 40       		.byte	64
 641 0264 1D       		.byte	29
 642 0265 04       		.byte	4
 643 0266 1E       		.byte	30
 644 0267 28       		.byte	40
 645 0268 1F       		.byte	31
 646 0269 40       		.byte	64
 647 026a 22       		.byte	34
 648 026b 04       		.byte	4
 649 026c 24       		.byte	36
 650 026d 01       		.byte	1
 651 026e 26       		.byte	38
 652 026f 01       		.byte	1
 653 0270 27       		.byte	39
 654 0271 08       		.byte	8
 655 0272 2C       		.byte	44
 656 0273 06       		.byte	6
 657 0274 2E       		.byte	46
 658 0275 05       		.byte	5
 659 0276 35       		.byte	53
 660 0277 04       		.byte	4
 661 0278 37       		.byte	55
 662 0279 61       		.byte	97
 663 027a 38       		.byte	56
 664 027b 04       		.byte	4
 665 027c 3C       		.byte	60
 666 027d 42       		.byte	66
 667 027e 3E       		.byte	62
 668 027f 18       		.byte	24
 669 0280 41       		.byte	65
 670 0281 40       		.byte	64
 671 0282 48       		.byte	72
 672 0283 28       		.byte	40
 673 0284 49       		.byte	73
 674 0285 A0       		.byte	-96
 675 0286 53       		.byte	83
 676 0287 18       		.byte	24
 677 0288 58       		.byte	88
 678 0289 12       		.byte	18
 679 028a 5A       		.byte	90
 680 028b 40       		.byte	64
 681 028c 5B       		.byte	91
 682 028d 04       		.byte	4
 683 028e 5E       		.byte	94
 684 028f 08       		.byte	8
ARM GAS  C:\Users\Admin\AppData\Local\Temp\ccElwchy.s 			page 13


 685 0290 6C       		.byte	108
 686 0291 10       		.byte	16
 687 0292 6D       		.byte	109
 688 0293 60       		.byte	96
 689 0294 76       		.byte	118
 690 0295 2C       		.byte	44
 691 0296 77       		.byte	119
 692 0297 21       		.byte	33
 693 0298 84       		.byte	-124
 694 0299 02       		.byte	2
 695 029a 86       		.byte	-122
 696 029b 04       		.byte	4
 697 029c 87       		.byte	-121
 698 029d 08       		.byte	8
 699 029e 88       		.byte	-120
 700 029f 03       		.byte	3
 701 02a0 89       		.byte	-119
 702 02a1 08       		.byte	8
 703 02a2 8A       		.byte	-118
 704 02a3 02       		.byte	2
 705 02a4 8B       		.byte	-117
 706 02a5 08       		.byte	8
 707 02a6 90       		.byte	-112
 708 02a7 04       		.byte	4
 709 02a8 91       		.byte	-111
 710 02a9 80       		.byte	-128
 711 02aa 92       		.byte	-110
 712 02ab 86       		.byte	-122
 713 02ac 94       		.byte	-108
 714 02ad 21       		.byte	33
 715 02ae 95       		.byte	-107
 716 02af 40       		.byte	64
 717 02b0 97       		.byte	-105
 718 02b1 A0       		.byte	-96
 719 02b2 9A       		.byte	-102
 720 02b3 01       		.byte	1
 721 02b4 9B       		.byte	-101
 722 02b5 54       		.byte	84
 723 02b6 9D       		.byte	-99
 724 02b7 28       		.byte	40
 725 02b8 A0       		.byte	-96
 726 02b9 80       		.byte	-128
 727 02ba A3       		.byte	-93
 728 02bb 01       		.byte	1
 729 02bc A4       		.byte	-92
 730 02bd 08       		.byte	8
 731 02be A5       		.byte	-91
 732 02bf 10       		.byte	16
 733 02c0 A6       		.byte	-90
 734 02c1 01       		.byte	1
 735 02c2 A7       		.byte	-89
 736 02c3 18       		.byte	24
 737 02c4 C0       		.byte	-64
 738 02c5 F5       		.byte	-11
 739 02c6 C2       		.byte	-62
 740 02c7 E9       		.byte	-23
 741 02c8 C4       		.byte	-60
ARM GAS  C:\Users\Admin\AppData\Local\Temp\ccElwchy.s 			page 14


 742 02c9 FE       		.byte	-2
 743 02ca CA       		.byte	-54
 744 02cb F0       		.byte	-16
 745 02cc CC       		.byte	-52
 746 02cd F0       		.byte	-16
 747 02ce CE       		.byte	-50
 748 02cf F2       		.byte	-14
 749 02d0 D0       		.byte	-48
 750 02d1 08       		.byte	8
 751 02d2 D2       		.byte	-46
 752 02d3 0C       		.byte	12
 753 02d4 D6       		.byte	-42
 754 02d5 4F       		.byte	79
 755 02d6 E0       		.byte	-32
 756 02d7 08       		.byte	8
 757 02d8 E4       		.byte	-28
 758 02d9 09       		.byte	9
 759 02da EA       		.byte	-22
 760 02db 01       		.byte	1
 761 02dc 3E       		.byte	62
 762 02dd 10       		.byte	16
 763 02de CE       		.byte	-50
 764 02df 20       		.byte	32
 765 02e0 96       		.byte	-106
 766 02e1 10       		.byte	16
 767 02e2 80       		.byte	-128
 768 02e3 08       		.byte	8
 769 02e4 85       		.byte	-123
 770 02e5 08       		.byte	8
 771 02e6 96       		.byte	-106
 772 02e7 10       		.byte	16
 773 02e8 E2       		.byte	-30
 774 02e9 80       		.byte	-128
 775 02ea E6       		.byte	-26
 776 02eb 10       		.byte	16
 777 02ec 12       		.byte	18
 778 02ed 20       		.byte	32
 779 02ee 16       		.byte	22
 780 02ef 40       		.byte	64
 781 02f0 70       		.byte	112
 782 02f1 08       		.byte	8
 783 02f2 75       		.byte	117
 784 02f3 08       		.byte	8
 785 02f4 82       		.byte	-126
 786 02f5 20       		.byte	32
 787 02f6 86       		.byte	-122
 788 02f7 40       		.byte	64
 789 02f8 99       		.byte	-103
 790 02f9 08       		.byte	8
 791 02fa A0       		.byte	-96
 792 02fb 08       		.byte	8
 793 02fc AA       		.byte	-86
 794 02fd 10       		.byte	16
 795 02fe C4       		.byte	-60
 796 02ff 30       		.byte	48
 797 0300 DC       		.byte	-36
 798 0301 80       		.byte	-128
ARM GAS  C:\Users\Admin\AppData\Local\Temp\ccElwchy.s 			page 15


 799 0302 DE       		.byte	-34
 800 0303 20       		.byte	32
 801 0304 E0       		.byte	-32
 802 0305 10       		.byte	16
 803 0306 E4       		.byte	-28
 804 0307 80       		.byte	-128
 805 0308 EA       		.byte	-22
 806 0309 80       		.byte	-128
 807 030a 12       		.byte	18
 808 030b 80       		.byte	-128
 809 030c 13       		.byte	19
 810 030d 20       		.byte	32
 811 030e 17       		.byte	23
 812 030f 04       		.byte	4
 813 0310 7B       		.byte	123
 814 0311 10       		.byte	16
 815 0312 7F       		.byte	127
 816 0313 40       		.byte	64
 817 0314 83       		.byte	-125
 818 0315 04       		.byte	4
 819 0316 86       		.byte	-122
 820 0317 80       		.byte	-128
 821 0318 C4       		.byte	-60
 822 0319 0E       		.byte	14
 823 031a DE       		.byte	-34
 824 031b 03       		.byte	3
 825 031c 10       		.byte	16
 826 031d 40       		.byte	64
 827 031e 74       		.byte	116
 828 031f 01       		.byte	1
 829 0320 83       		.byte	-125
 830 0321 10       		.byte	16
 831 0322 84       		.byte	-124
 832 0323 01       		.byte	1
 833 0324 87       		.byte	-121
 834 0325 40       		.byte	64
 835 0326 88       		.byte	-120
 836 0327 40       		.byte	64
 837 0328 97       		.byte	-105
 838 0329 80       		.byte	-128
 839 032a A7       		.byte	-89
 840 032b 10       		.byte	16
 841 032c AB       		.byte	-85
 842 032d 20       		.byte	32
 843 032e C4       		.byte	-60
 844 032f 08       		.byte	8
 845 0330 DE       		.byte	-34
 846 0331 04       		.byte	4
 847 0332 E2       		.byte	-30
 848 0333 01       		.byte	1
 849 0334 10       		.byte	16
 850 0335 01       		.byte	1
 851 0336 1C       		.byte	28
 852 0337 01       		.byte	1
 853 0338 03       		.byte	3
 854 0339 C0       		.byte	-64
 855 033a 00       		.byte	0
ARM GAS  C:\Users\Admin\AppData\Local\Temp\ccElwchy.s 			page 16


 856 033b 00       		.byte	0
 857 033c 81       		.byte	-127
 858 033d 80       		.byte	-128
 859 033e 00       		.byte	0
 860 033f 00       		.byte	0
 861 0340 43       		.byte	67
 862 0341 00       		.byte	0
 863 0342 00       		.byte	0
 864 0343 00       		.byte	0
 865 0344 83       		.byte	-125
 866 0345 00       		.byte	0
 867 0346 40       		.byte	64
 868 0347 80       		.byte	-128
 869 0348 83       		.byte	-125
 870 0349 00       		.byte	0
 871 034a 83       		.byte	-125
 872 034b 00       		.byte	0
 873 034c 00       		.byte	0
 874 034d 03       		.byte	3
 875 034e 00       		.byte	0
 876 034f 00       		.byte	0
 877 0350 00       		.byte	0
 878 0351 02       		.byte	2
 879 0352 00       		.byte	0
 880 0353 00       		.byte	0
 881 0354 00       		.byte	0
 882 0355 00       		.byte	0
 883 0356 00       		.byte	0
 884 0357 00       		.byte	0
 885 0358 00       		.byte	0
 886 0359 0B       		.byte	11
 887 035a 0B       		.byte	11
 888 035b 00       		.byte	0
 889 035c 00       		.byte	0
 890 035d 00       		.byte	0
 891 035e 00       		.byte	0
 892 035f 00       		.byte	0
 893              		.section	.cywolatch,"a",%progbits
 894              		.align	2
 895              		.type	cy_meta_wonvl, %object
 896              		.size	cy_meta_wonvl, 4
 897              	cy_meta_wonvl:
 898 0000 BC       		.byte	-68
 899 0001 90       		.byte	-112
 900 0002 AC       		.byte	-84
 901 0003 AF       		.byte	-81
 902              		.section	.cycustnvl,"a",%progbits
 903              		.align	2
 904              		.type	cy_meta_custnvl, %object
 905              		.size	cy_meta_custnvl, 4
 906              	cy_meta_custnvl:
 907 0000 00       		.byte	0
 908 0001 00       		.byte	0
 909 0002 40       		.byte	64
 910 0003 05       		.byte	5
 911              		.section	.cymeta,"a",%progbits
 912              		.align	2
ARM GAS  C:\Users\Admin\AppData\Local\Temp\ccElwchy.s 			page 17


 913              		.type	cy_metadata, %object
 914              		.size	cy_metadata, 12
 915              	cy_metadata:
 916 0000 00       		.byte	0
 917 0001 01       		.byte	1
 918 0002 2E       		.byte	46
 919 0003 16       		.byte	22
 920 0004 10       		.byte	16
 921 0005 69       		.byte	105
 922 0006 00       		.byte	0
 923 0007 01       		.byte	1
 924 0008 00       		.byte	0
 925 0009 00       		.byte	0
 926 000a 00       		.byte	0
 927 000b 00       		.byte	0
 928              		.section	.cyflashprotect,"a",%progbits
 929              		.align	2
 930              		.type	cy_meta_flashprotect, %object
 931              		.size	cy_meta_flashprotect, 256
 932              	cy_meta_flashprotect:
 933 0000 00000000 		.space	256
 933      00000000 
 933      00000000 
 933      00000000 
 933      00000000 
 934              		.text
 935              	.Letext0:
 936              		.file 1 "c:\\program files (x86)\\cypress\\psoc creator\\4.3\\psoc creator\\import\\gnu\\arm\\5.4.
 937              		.file 2 "c:\\program files (x86)\\cypress\\psoc creator\\4.3\\psoc creator\\import\\gnu\\arm\\5.4.
 938              		.file 3 "Generated_Source\\PSoC5\\cymetadata.c"
 939              		.section	.debug_info,"",%progbits
 940              	.Ldebug_info0:
 941 0000 31010000 		.4byte	0x131
 942 0004 0400     		.2byte	0x4
 943 0006 00000000 		.4byte	.Ldebug_abbrev0
 944 000a 04       		.byte	0x4
 945 000b 01       		.uleb128 0x1
 946 000c 46000000 		.4byte	.LASF17
 947 0010 0C       		.byte	0xc
 948 0011 A0010000 		.4byte	.LASF18
 949 0015 0A000000 		.4byte	.LASF19
 950 0019 00000000 		.4byte	.Ldebug_line0
 951 001d 02       		.uleb128 0x2
 952 001e 01       		.byte	0x1
 953 001f 06       		.byte	0x6
 954 0020 94010000 		.4byte	.LASF0
 955 0024 03       		.uleb128 0x3
 956 0025 00000000 		.4byte	.LASF9
 957 0029 01       		.byte	0x1
 958 002a 1D       		.byte	0x1d
 959 002b 2F000000 		.4byte	0x2f
 960 002f 02       		.uleb128 0x2
 961 0030 01       		.byte	0x1
 962 0031 08       		.byte	0x8
 963 0032 38000000 		.4byte	.LASF1
 964 0036 02       		.uleb128 0x2
 965 0037 02       		.byte	0x2
ARM GAS  C:\Users\Admin\AppData\Local\Temp\ccElwchy.s 			page 18


 966 0038 05       		.byte	0x5
 967 0039 81010000 		.4byte	.LASF2
 968 003d 02       		.uleb128 0x2
 969 003e 02       		.byte	0x2
 970 003f 07       		.byte	0x7
 971 0040 E6000000 		.4byte	.LASF3
 972 0044 02       		.uleb128 0x2
 973 0045 04       		.byte	0x4
 974 0046 05       		.byte	0x5
 975 0047 8B010000 		.4byte	.LASF4
 976 004b 02       		.uleb128 0x2
 977 004c 04       		.byte	0x4
 978 004d 07       		.byte	0x7
 979 004e D4000000 		.4byte	.LASF5
 980 0052 02       		.uleb128 0x2
 981 0053 08       		.byte	0x8
 982 0054 05       		.byte	0x5
 983 0055 73010000 		.4byte	.LASF6
 984 0059 02       		.uleb128 0x2
 985 005a 08       		.byte	0x8
 986 005b 07       		.byte	0x7
 987 005c 28010000 		.4byte	.LASF7
 988 0060 04       		.uleb128 0x4
 989 0061 04       		.byte	0x4
 990 0062 05       		.byte	0x5
 991 0063 696E7400 		.ascii	"int\000"
 992 0067 02       		.uleb128 0x2
 993 0068 04       		.byte	0x4
 994 0069 07       		.byte	0x7
 995 006a 1B010000 		.4byte	.LASF8
 996 006e 03       		.uleb128 0x3
 997 006f 3F010000 		.4byte	.LASF10
 998 0073 02       		.byte	0x2
 999 0074 18       		.byte	0x18
 1000 0075 24000000 		.4byte	0x24
 1001 0079 05       		.uleb128 0x5
 1002 007a 91000000 		.4byte	0x91
 1003 007e 8A000000 		.4byte	0x8a
 1004 0082 06       		.uleb128 0x6
 1005 0083 8A000000 		.4byte	0x8a
 1006 0087 5F03     		.2byte	0x35f
 1007 0089 00       		.byte	0
 1008 008a 02       		.uleb128 0x2
 1009 008b 04       		.byte	0x4
 1010 008c 07       		.byte	0x7
 1011 008d 6A010000 		.4byte	.LASF11
 1012 0091 07       		.uleb128 0x7
 1013 0092 6E000000 		.4byte	0x6e
 1014 0096 08       		.uleb128 0x8
 1015 0097 09010000 		.4byte	.LASF12
 1016 009b 03       		.byte	0x3
 1017 009c 1F       		.byte	0x1f
 1018 009d A7000000 		.4byte	0xa7
 1019 00a1 05       		.uleb128 0x5
 1020 00a2 03       		.byte	0x3
 1021 00a3 00000000 		.4byte	cy_meta_configecc
 1022 00a7 07       		.uleb128 0x7
ARM GAS  C:\Users\Admin\AppData\Local\Temp\ccElwchy.s 			page 19


 1023 00a8 79000000 		.4byte	0x79
 1024 00ac 05       		.uleb128 0x5
 1025 00ad 91000000 		.4byte	0x91
 1026 00b1 BC000000 		.4byte	0xbc
 1027 00b5 09       		.uleb128 0x9
 1028 00b6 8A000000 		.4byte	0x8a
 1029 00ba 03       		.byte	0x3
 1030 00bb 00       		.byte	0
 1031 00bc 08       		.uleb128 0x8
 1032 00bd F9000000 		.4byte	.LASF13
 1033 00c1 03       		.byte	0x3
 1034 00c2 98       		.byte	0x98
 1035 00c3 CD000000 		.4byte	0xcd
 1036 00c7 05       		.uleb128 0x5
 1037 00c8 03       		.byte	0x3
 1038 00c9 00000000 		.4byte	cy_meta_custnvl
 1039 00cd 07       		.uleb128 0x7
 1040 00ce AC000000 		.4byte	0xac
 1041 00d2 08       		.uleb128 0x8
 1042 00d3 5C010000 		.4byte	.LASF14
 1043 00d7 03       		.byte	0x3
 1044 00d8 A6       		.byte	0xa6
 1045 00d9 E3000000 		.4byte	0xe3
 1046 00dd 05       		.uleb128 0x5
 1047 00de 03       		.byte	0x3
 1048 00df 00000000 		.4byte	cy_meta_wonvl
 1049 00e3 07       		.uleb128 0x7
 1050 00e4 AC000000 		.4byte	0xac
 1051 00e8 05       		.uleb128 0x5
 1052 00e9 91000000 		.4byte	0x91
 1053 00ed F8000000 		.4byte	0xf8
 1054 00f1 09       		.uleb128 0x9
 1055 00f2 8A000000 		.4byte	0x8a
 1056 00f6 FF       		.byte	0xff
 1057 00f7 00       		.byte	0
 1058 00f8 08       		.uleb128 0x8
 1059 00f9 47010000 		.4byte	.LASF15
 1060 00fd 03       		.byte	0x3
 1061 00fe B4       		.byte	0xb4
 1062 00ff 09010000 		.4byte	0x109
 1063 0103 05       		.uleb128 0x5
 1064 0104 03       		.byte	0x3
 1065 0105 00000000 		.4byte	cy_meta_flashprotect
 1066 0109 07       		.uleb128 0x7
 1067 010a E8000000 		.4byte	0xe8
 1068 010e 05       		.uleb128 0x5
 1069 010f 91000000 		.4byte	0x91
 1070 0113 1E010000 		.4byte	0x11e
 1071 0117 09       		.uleb128 0x9
 1072 0118 8A000000 		.4byte	0x8a
 1073 011c 0B       		.byte	0xb
 1074 011d 00       		.byte	0
 1075 011e 08       		.uleb128 0x8
 1076 011f 2C000000 		.4byte	.LASF16
 1077 0123 03       		.byte	0x3
 1078 0124 E1       		.byte	0xe1
 1079 0125 2F010000 		.4byte	0x12f
ARM GAS  C:\Users\Admin\AppData\Local\Temp\ccElwchy.s 			page 20


 1080 0129 05       		.uleb128 0x5
 1081 012a 03       		.byte	0x3
 1082 012b 00000000 		.4byte	cy_metadata
 1083 012f 07       		.uleb128 0x7
 1084 0130 0E010000 		.4byte	0x10e
 1085 0134 00       		.byte	0
 1086              		.section	.debug_abbrev,"",%progbits
 1087              	.Ldebug_abbrev0:
 1088 0000 01       		.uleb128 0x1
 1089 0001 11       		.uleb128 0x11
 1090 0002 01       		.byte	0x1
 1091 0003 25       		.uleb128 0x25
 1092 0004 0E       		.uleb128 0xe
 1093 0005 13       		.uleb128 0x13
 1094 0006 0B       		.uleb128 0xb
 1095 0007 03       		.uleb128 0x3
 1096 0008 0E       		.uleb128 0xe
 1097 0009 1B       		.uleb128 0x1b
 1098 000a 0E       		.uleb128 0xe
 1099 000b 10       		.uleb128 0x10
 1100 000c 17       		.uleb128 0x17
 1101 000d 00       		.byte	0
 1102 000e 00       		.byte	0
 1103 000f 02       		.uleb128 0x2
 1104 0010 24       		.uleb128 0x24
 1105 0011 00       		.byte	0
 1106 0012 0B       		.uleb128 0xb
 1107 0013 0B       		.uleb128 0xb
 1108 0014 3E       		.uleb128 0x3e
 1109 0015 0B       		.uleb128 0xb
 1110 0016 03       		.uleb128 0x3
 1111 0017 0E       		.uleb128 0xe
 1112 0018 00       		.byte	0
 1113 0019 00       		.byte	0
 1114 001a 03       		.uleb128 0x3
 1115 001b 16       		.uleb128 0x16
 1116 001c 00       		.byte	0
 1117 001d 03       		.uleb128 0x3
 1118 001e 0E       		.uleb128 0xe
 1119 001f 3A       		.uleb128 0x3a
 1120 0020 0B       		.uleb128 0xb
 1121 0021 3B       		.uleb128 0x3b
 1122 0022 0B       		.uleb128 0xb
 1123 0023 49       		.uleb128 0x49
 1124 0024 13       		.uleb128 0x13
 1125 0025 00       		.byte	0
 1126 0026 00       		.byte	0
 1127 0027 04       		.uleb128 0x4
 1128 0028 24       		.uleb128 0x24
 1129 0029 00       		.byte	0
 1130 002a 0B       		.uleb128 0xb
 1131 002b 0B       		.uleb128 0xb
 1132 002c 3E       		.uleb128 0x3e
 1133 002d 0B       		.uleb128 0xb
 1134 002e 03       		.uleb128 0x3
 1135 002f 08       		.uleb128 0x8
 1136 0030 00       		.byte	0
ARM GAS  C:\Users\Admin\AppData\Local\Temp\ccElwchy.s 			page 21


 1137 0031 00       		.byte	0
 1138 0032 05       		.uleb128 0x5
 1139 0033 01       		.uleb128 0x1
 1140 0034 01       		.byte	0x1
 1141 0035 49       		.uleb128 0x49
 1142 0036 13       		.uleb128 0x13
 1143 0037 01       		.uleb128 0x1
 1144 0038 13       		.uleb128 0x13
 1145 0039 00       		.byte	0
 1146 003a 00       		.byte	0
 1147 003b 06       		.uleb128 0x6
 1148 003c 21       		.uleb128 0x21
 1149 003d 00       		.byte	0
 1150 003e 49       		.uleb128 0x49
 1151 003f 13       		.uleb128 0x13
 1152 0040 2F       		.uleb128 0x2f
 1153 0041 05       		.uleb128 0x5
 1154 0042 00       		.byte	0
 1155 0043 00       		.byte	0
 1156 0044 07       		.uleb128 0x7
 1157 0045 26       		.uleb128 0x26
 1158 0046 00       		.byte	0
 1159 0047 49       		.uleb128 0x49
 1160 0048 13       		.uleb128 0x13
 1161 0049 00       		.byte	0
 1162 004a 00       		.byte	0
 1163 004b 08       		.uleb128 0x8
 1164 004c 34       		.uleb128 0x34
 1165 004d 00       		.byte	0
 1166 004e 03       		.uleb128 0x3
 1167 004f 0E       		.uleb128 0xe
 1168 0050 3A       		.uleb128 0x3a
 1169 0051 0B       		.uleb128 0xb
 1170 0052 3B       		.uleb128 0x3b
 1171 0053 0B       		.uleb128 0xb
 1172 0054 49       		.uleb128 0x49
 1173 0055 13       		.uleb128 0x13
 1174 0056 3F       		.uleb128 0x3f
 1175 0057 19       		.uleb128 0x19
 1176 0058 02       		.uleb128 0x2
 1177 0059 18       		.uleb128 0x18
 1178 005a 00       		.byte	0
 1179 005b 00       		.byte	0
 1180 005c 09       		.uleb128 0x9
 1181 005d 21       		.uleb128 0x21
 1182 005e 00       		.byte	0
 1183 005f 49       		.uleb128 0x49
 1184 0060 13       		.uleb128 0x13
 1185 0061 2F       		.uleb128 0x2f
 1186 0062 0B       		.uleb128 0xb
 1187 0063 00       		.byte	0
 1188 0064 00       		.byte	0
 1189 0065 00       		.byte	0
 1190              		.section	.debug_aranges,"",%progbits
 1191 0000 14000000 		.4byte	0x14
 1192 0004 0200     		.2byte	0x2
 1193 0006 00000000 		.4byte	.Ldebug_info0
ARM GAS  C:\Users\Admin\AppData\Local\Temp\ccElwchy.s 			page 22


 1194 000a 04       		.byte	0x4
 1195 000b 00       		.byte	0
 1196 000c 0000     		.2byte	0
 1197 000e 0000     		.2byte	0
 1198 0010 00000000 		.4byte	0
 1199 0014 00000000 		.4byte	0
 1200              		.section	.debug_line,"",%progbits
 1201              	.Ldebug_line0:
 1202 0000 3D010000 		.section	.debug_str,"MS",%progbits,1
 1202      02003701 
 1202      00000201 
 1202      FB0E0D00 
 1202      01010101 
 1203              	.LASF9:
 1204 0000 5F5F7569 		.ascii	"__uint8_t\000"
 1204      6E74385F 
 1204      7400
 1205              	.LASF19:
 1206 000a 443A5C50 		.ascii	"D:\\PAZ_lab\\lab_1\\ppaz_lab_5.cydsn\000"
 1206      415A5F6C 
 1206      61625C6C 
 1206      61625F31 
 1206      5C707061 
 1207              	.LASF16:
 1208 002c 63795F6D 		.ascii	"cy_metadata\000"
 1208      65746164 
 1208      61746100 
 1209              	.LASF1:
 1210 0038 756E7369 		.ascii	"unsigned char\000"
 1210      676E6564 
 1210      20636861 
 1210      7200
 1211              	.LASF17:
 1212 0046 474E5520 		.ascii	"GNU C11 5.4.1 20160609 (release) [ARM/embedded-5-br"
 1212      43313120 
 1212      352E342E 
 1212      31203230 
 1212      31363036 
 1213 0079 616E6368 		.ascii	"anch revision 237715] -mcpu=cortex-m3 -mthumb -g -O"
 1213      20726576 
 1213      6973696F 
 1213      6E203233 
 1213      37373135 
 1214 00ac 67202D66 		.ascii	"g -ffunction-sections -ffat-lto-objects\000"
 1214      66756E63 
 1214      74696F6E 
 1214      2D736563 
 1214      74696F6E 
 1215              	.LASF5:
 1216 00d4 6C6F6E67 		.ascii	"long unsigned int\000"
 1216      20756E73 
 1216      69676E65 
 1216      6420696E 
 1216      7400
 1217              	.LASF3:
 1218 00e6 73686F72 		.ascii	"short unsigned int\000"
 1218      7420756E 
ARM GAS  C:\Users\Admin\AppData\Local\Temp\ccElwchy.s 			page 23


 1218      7369676E 
 1218      65642069 
 1218      6E7400
 1219              	.LASF13:
 1220 00f9 63795F6D 		.ascii	"cy_meta_custnvl\000"
 1220      6574615F 
 1220      63757374 
 1220      6E766C00 
 1221              	.LASF12:
 1222 0109 63795F6D 		.ascii	"cy_meta_configecc\000"
 1222      6574615F 
 1222      636F6E66 
 1222      69676563 
 1222      6300
 1223              	.LASF8:
 1224 011b 756E7369 		.ascii	"unsigned int\000"
 1224      676E6564 
 1224      20696E74 
 1224      00
 1225              	.LASF7:
 1226 0128 6C6F6E67 		.ascii	"long long unsigned int\000"
 1226      206C6F6E 
 1226      6720756E 
 1226      7369676E 
 1226      65642069 
 1227              	.LASF10:
 1228 013f 75696E74 		.ascii	"uint8_t\000"
 1228      385F7400 
 1229              	.LASF15:
 1230 0147 63795F6D 		.ascii	"cy_meta_flashprotect\000"
 1230      6574615F 
 1230      666C6173 
 1230      6870726F 
 1230      74656374 
 1231              	.LASF14:
 1232 015c 63795F6D 		.ascii	"cy_meta_wonvl\000"
 1232      6574615F 
 1232      776F6E76 
 1232      6C00
 1233              	.LASF11:
 1234 016a 73697A65 		.ascii	"sizetype\000"
 1234      74797065 
 1234      00
 1235              	.LASF6:
 1236 0173 6C6F6E67 		.ascii	"long long int\000"
 1236      206C6F6E 
 1236      6720696E 
 1236      7400
 1237              	.LASF2:
 1238 0181 73686F72 		.ascii	"short int\000"
 1238      7420696E 
 1238      7400
 1239              	.LASF4:
 1240 018b 6C6F6E67 		.ascii	"long int\000"
 1240      20696E74 
 1240      00
 1241              	.LASF0:
ARM GAS  C:\Users\Admin\AppData\Local\Temp\ccElwchy.s 			page 24


 1242 0194 7369676E 		.ascii	"signed char\000"
 1242      65642063 
 1242      68617200 
 1243              	.LASF18:
 1244 01a0 47656E65 		.ascii	"Generated_Source\\PSoC5\\cymetadata.c\000"
 1244      72617465 
 1244      645F536F 
 1244      75726365 
 1244      5C50536F 
 1245              		.ident	"GCC: (GNU Tools for ARM Embedded Processors) 5.4.1 20160609 (release) [ARM/embedded-5-bran
