ARM GAS  C:\Users\Admin\AppData\Local\Temp\ccBCII6w.s 			page 1


   1              		.syntax unified
   2              		.cpu cortex-m3
   3              		.fpu softvfp
   4              		.eabi_attribute 20, 1
   5              		.eabi_attribute 21, 1
   6              		.eabi_attribute 23, 3
   7              		.eabi_attribute 24, 1
   8              		.eabi_attribute 25, 1
   9              		.eabi_attribute 26, 1
  10              		.eabi_attribute 30, 1
  11              		.eabi_attribute 34, 1
  12              		.eabi_attribute 18, 4
  13              		.thumb
  14              		.syntax unified
  15              		.file	"main.c"
  16              		.text
  17              	.Ltext0:
  18              		.cfi_sections	.debug_frame
  19              		.section	.text.main,"ax",%progbits
  20              		.align	2
  21              		.global	main
  22              		.thumb
  23              		.thumb_func
  24              		.type	main, %function
  25              	main:
  26              	.LFB63:
  27              		.file 1 "main.c"
   1:main.c        **** /* ========================================
   2:main.c        ****  *
   3:main.c        ****  * Copyright YOUR COMPANY, THE YEAR
   4:main.c        ****  * All Rights Reserved
   5:main.c        ****  * UNPUBLISHED, LICENSED SOFTWARE.
   6:main.c        ****  *
   7:main.c        ****  * CONFIDENTIAL AND PROPRIETARY INFORMATION
   8:main.c        ****  * WHICH IS THE PROPERTY OF your company.
   9:main.c        ****  *
  10:main.c        ****  * ========================================
  11:main.c        **** */
  12:main.c        **** #include "project.h"
  13:main.c        **** 
  14:main.c        **** int main(void)
  15:main.c        **** {
  28              		.loc 1 15 0
  29              		.cfi_startproc
  30              		@ args = 0, pretend = 0, frame = 8
  31              		@ frame_needed = 0, uses_anonymous_args = 0
  32 0000 30B5     		push	{r4, r5, lr}
  33              		.cfi_def_cfa_offset 12
  34              		.cfi_offset 4, -12
  35              		.cfi_offset 5, -8
  36              		.cfi_offset 14, -4
  37 0002 83B0     		sub	sp, sp, #12
  38              		.cfi_def_cfa_offset 24
  39              	.LVL0:
  16:main.c        ****     uint8 compare = 0;
  17:main.c        ****     uint8 buf[1];
  18:main.c        ****     buf[0] = 0;
ARM GAS  C:\Users\Admin\AppData\Local\Temp\ccBCII6w.s 			page 2


  40              		.loc 1 18 0
  41 0004 0024     		movs	r4, #0
  42 0006 02AD     		add	r5, sp, #8
  43 0008 05F8044D 		strb	r4, [r5, #-4]!
  19:main.c        ****     CyGlobalIntEnable; /* Enable global interrupts. */
  44              		.loc 1 19 0
  45              		.syntax unified
  46              	@ 19 "main.c" 1
  47 000c 62B6     		CPSIE   i
  48              	@ 0 "" 2
  20:main.c        **** 
  21:main.c        ****     /* Place your initialization/startup code here (e.g. MyInst_Start()) */
  22:main.c        ****     
  23:main.c        ****     I2C_Start();
  49              		.loc 1 23 0
  50              		.thumb
  51              		.syntax unified
  52 000e FFF7FEFF 		bl	I2C_Start
  53              	.LVL1:
  24:main.c        ****     UART_Start();
  54              		.loc 1 24 0
  55 0012 FFF7FEFF 		bl	UART_Start
  56              	.LVL2:
  25:main.c        ****     I2C_SetBuffer1(1, 1, buf);
  57              		.loc 1 25 0
  58 0016 2A46     		mov	r2, r5
  59 0018 0121     		movs	r1, #1
  60 001a 0846     		mov	r0, r1
  61 001c FFF7FEFF 		bl	I2C_SetBuffer1
  62              	.LVL3:
  16:main.c        ****     uint8 buf[1];
  63              		.loc 1 16 0
  64 0020 2346     		mov	r3, r4
  65              	.LVL4:
  66              	.L2:
  26:main.c        ****     
  27:main.c        ****     for(;;)
  28:main.c        ****     {
  29:main.c        ****         if(compare != buf[0])
  67              		.loc 1 29 0
  68 0022 9DF80440 		ldrb	r4, [sp, #4]	@ zero_extendqisi2
  69 0026 A342     		cmp	r3, r4
  70 0028 FBD0     		beq	.L2
  71              	.LVL5:
  30:main.c        ****         {
  31:main.c        ****             compare = buf[0];
  32:main.c        ****             UART_PutChar(compare);
  72              		.loc 1 32 0
  73 002a 2046     		mov	r0, r4
  74 002c FFF7FEFF 		bl	UART_PutChar
  75              	.LVL6:
  31:main.c        ****             UART_PutChar(compare);
  76              		.loc 1 31 0
  77 0030 2346     		mov	r3, r4
  78 0032 F6E7     		b	.L2
  79              		.cfi_endproc
  80              	.LFE63:
ARM GAS  C:\Users\Admin\AppData\Local\Temp\ccBCII6w.s 			page 3


  81              		.size	main, .-main
  82              		.text
  83              	.Letext0:
  84              		.file 2 "c:\\program files (x86)\\cypress\\psoc creator\\4.3\\psoc creator\\import\\gnu\\arm\\5.4.
  85              		.file 3 "c:\\program files (x86)\\cypress\\psoc creator\\4.3\\psoc creator\\import\\gnu\\arm\\5.4.
  86              		.file 4 "Generated_Source\\PSoC5/cytypes.h"
  87              		.file 5 "Generated_Source\\PSoC5/I2C.h"
  88              		.file 6 "Generated_Source\\PSoC5/UART.h"
  89              		.file 7 "Generated_Source\\PSoC5/core_cm3.h"
  90              		.section	.debug_info,"",%progbits
  91              	.Ldebug_info0:
  92 0000 71010000 		.4byte	0x171
  93 0004 0400     		.2byte	0x4
  94 0006 00000000 		.4byte	.Ldebug_abbrev0
  95 000a 04       		.byte	0x4
  96 000b 01       		.uleb128 0x1
  97 000c 53000000 		.4byte	.LASF22
  98 0010 0C       		.byte	0xc
  99 0011 47000000 		.4byte	.LASF23
 100 0015 25000000 		.4byte	.LASF24
 101 0019 00000000 		.4byte	.Ldebug_ranges0+0
 102 001d 00000000 		.4byte	0
 103 0021 00000000 		.4byte	.Ldebug_line0
 104 0025 02       		.uleb128 0x2
 105 0026 01       		.byte	0x1
 106 0027 06       		.byte	0x6
 107 0028 79010000 		.4byte	.LASF0
 108 002c 02       		.uleb128 0x2
 109 002d 01       		.byte	0x1
 110 002e 08       		.byte	0x8
 111 002f 34010000 		.4byte	.LASF1
 112 0033 02       		.uleb128 0x2
 113 0034 02       		.byte	0x2
 114 0035 05       		.byte	0x5
 115 0036 AA010000 		.4byte	.LASF2
 116 003a 02       		.uleb128 0x2
 117 003b 02       		.byte	0x2
 118 003c 07       		.byte	0x7
 119 003d 10010000 		.4byte	.LASF3
 120 0041 03       		.uleb128 0x3
 121 0042 91010000 		.4byte	.LASF9
 122 0046 02       		.byte	0x2
 123 0047 3F       		.byte	0x3f
 124 0048 4C000000 		.4byte	0x4c
 125 004c 02       		.uleb128 0x2
 126 004d 04       		.byte	0x4
 127 004e 05       		.byte	0x5
 128 004f 47010000 		.4byte	.LASF4
 129 0053 02       		.uleb128 0x2
 130 0054 04       		.byte	0x4
 131 0055 07       		.byte	0x7
 132 0056 E7000000 		.4byte	.LASF5
 133 005a 02       		.uleb128 0x2
 134 005b 08       		.byte	0x8
 135 005c 05       		.byte	0x5
 136 005d 00000000 		.4byte	.LASF6
 137 0061 02       		.uleb128 0x2
ARM GAS  C:\Users\Admin\AppData\Local\Temp\ccBCII6w.s 			page 4


 138 0062 08       		.byte	0x8
 139 0063 07       		.byte	0x7
 140 0064 F9000000 		.4byte	.LASF7
 141 0068 04       		.uleb128 0x4
 142 0069 04       		.byte	0x4
 143 006a 05       		.byte	0x5
 144 006b 696E7400 		.ascii	"int\000"
 145 006f 02       		.uleb128 0x2
 146 0070 04       		.byte	0x4
 147 0071 07       		.byte	0x7
 148 0072 18000000 		.4byte	.LASF8
 149 0076 03       		.uleb128 0x3
 150 0077 B4010000 		.4byte	.LASF10
 151 007b 03       		.byte	0x3
 152 007c 2C       		.byte	0x2c
 153 007d 41000000 		.4byte	0x41
 154 0081 05       		.uleb128 0x5
 155 0082 E1000000 		.4byte	.LASF11
 156 0086 04       		.byte	0x4
 157 0087 E401     		.2byte	0x1e4
 158 0089 2C000000 		.4byte	0x2c
 159 008d 02       		.uleb128 0x2
 160 008e 04       		.byte	0x4
 161 008f 04       		.byte	0x4
 162 0090 23010000 		.4byte	.LASF12
 163 0094 02       		.uleb128 0x2
 164 0095 08       		.byte	0x8
 165 0096 04       		.byte	0x4
 166 0097 5D010000 		.4byte	.LASF13
 167 009b 02       		.uleb128 0x2
 168 009c 01       		.byte	0x1
 169 009d 08       		.byte	0x8
 170 009e 42010000 		.4byte	.LASF14
 171 00a2 02       		.uleb128 0x2
 172 00a3 08       		.byte	0x8
 173 00a4 04       		.byte	0x4
 174 00a5 85010000 		.4byte	.LASF15
 175 00a9 02       		.uleb128 0x2
 176 00aa 04       		.byte	0x4
 177 00ab 07       		.byte	0x7
 178 00ac BC010000 		.4byte	.LASF16
 179 00b0 06       		.uleb128 0x6
 180 00b1 4E000000 		.4byte	.LASF25
 181 00b5 01       		.byte	0x1
 182 00b6 0E       		.byte	0xe
 183 00b7 68000000 		.4byte	0x68
 184 00bb 00000000 		.4byte	.LFB63
 185 00bf 34000000 		.4byte	.LFE63-.LFB63
 186 00c3 01       		.uleb128 0x1
 187 00c4 9C       		.byte	0x9c
 188 00c5 27010000 		.4byte	0x127
 189 00c9 07       		.uleb128 0x7
 190 00ca 64010000 		.4byte	.LASF17
 191 00ce 01       		.byte	0x1
 192 00cf 10       		.byte	0x10
 193 00d0 81000000 		.4byte	0x81
 194 00d4 00000000 		.4byte	.LLST0
ARM GAS  C:\Users\Admin\AppData\Local\Temp\ccBCII6w.s 			page 5


 195 00d8 08       		.uleb128 0x8
 196 00d9 62756600 		.ascii	"buf\000"
 197 00dd 01       		.byte	0x1
 198 00de 11       		.byte	0x11
 199 00df 27010000 		.4byte	0x127
 200 00e3 02       		.uleb128 0x2
 201 00e4 91       		.byte	0x91
 202 00e5 6C       		.sleb128 -20
 203 00e6 09       		.uleb128 0x9
 204 00e7 12000000 		.4byte	.LVL1
 205 00eb 48010000 		.4byte	0x148
 206 00ef 09       		.uleb128 0x9
 207 00f0 16000000 		.4byte	.LVL2
 208 00f4 53010000 		.4byte	0x153
 209 00f8 0A       		.uleb128 0xa
 210 00f9 20000000 		.4byte	.LVL3
 211 00fd 5E010000 		.4byte	0x15e
 212 0101 16010000 		.4byte	0x116
 213 0105 0B       		.uleb128 0xb
 214 0106 01       		.uleb128 0x1
 215 0107 50       		.byte	0x50
 216 0108 01       		.uleb128 0x1
 217 0109 31       		.byte	0x31
 218 010a 0B       		.uleb128 0xb
 219 010b 01       		.uleb128 0x1
 220 010c 51       		.byte	0x51
 221 010d 01       		.uleb128 0x1
 222 010e 31       		.byte	0x31
 223 010f 0B       		.uleb128 0xb
 224 0110 01       		.uleb128 0x1
 225 0111 52       		.byte	0x52
 226 0112 02       		.uleb128 0x2
 227 0113 75       		.byte	0x75
 228 0114 00       		.sleb128 0
 229 0115 00       		.byte	0
 230 0116 0C       		.uleb128 0xc
 231 0117 30000000 		.4byte	.LVL6
 232 011b 69010000 		.4byte	0x169
 233 011f 0B       		.uleb128 0xb
 234 0120 01       		.uleb128 0x1
 235 0121 50       		.byte	0x50
 236 0122 02       		.uleb128 0x2
 237 0123 74       		.byte	0x74
 238 0124 00       		.sleb128 0
 239 0125 00       		.byte	0
 240 0126 00       		.byte	0
 241 0127 0D       		.uleb128 0xd
 242 0128 81000000 		.4byte	0x81
 243 012c 37010000 		.4byte	0x137
 244 0130 0E       		.uleb128 0xe
 245 0131 A9000000 		.4byte	0xa9
 246 0135 00       		.byte	0
 247 0136 00       		.byte	0
 248 0137 0F       		.uleb128 0xf
 249 0138 6C010000 		.4byte	.LASF26
 250 013c 07       		.byte	0x7
 251 013d 1207     		.2byte	0x712
ARM GAS  C:\Users\Admin\AppData\Local\Temp\ccBCII6w.s 			page 6


 252 013f 43010000 		.4byte	0x143
 253 0143 10       		.uleb128 0x10
 254 0144 76000000 		.4byte	0x76
 255 0148 11       		.uleb128 0x11
 256 0149 0E000000 		.4byte	.LASF18
 257 014d 0E000000 		.4byte	.LASF18
 258 0151 05       		.byte	0x5
 259 0152 54       		.byte	0x54
 260 0153 11       		.uleb128 0x11
 261 0154 29010000 		.4byte	.LASF19
 262 0158 29010000 		.4byte	.LASF19
 263 015c 06       		.byte	0x6
 264 015d 54       		.byte	0x54
 265 015e 11       		.uleb128 0x11
 266 015f 9B010000 		.4byte	.LASF20
 267 0163 9B010000 		.4byte	.LASF20
 268 0167 05       		.byte	0x5
 269 0168 63       		.byte	0x63
 270 0169 11       		.uleb128 0x11
 271 016a 50010000 		.4byte	.LASF21
 272 016e 50010000 		.4byte	.LASF21
 273 0172 06       		.byte	0x6
 274 0173 8A       		.byte	0x8a
 275 0174 00       		.byte	0
 276              		.section	.debug_abbrev,"",%progbits
 277              	.Ldebug_abbrev0:
 278 0000 01       		.uleb128 0x1
 279 0001 11       		.uleb128 0x11
 280 0002 01       		.byte	0x1
 281 0003 25       		.uleb128 0x25
 282 0004 0E       		.uleb128 0xe
 283 0005 13       		.uleb128 0x13
 284 0006 0B       		.uleb128 0xb
 285 0007 03       		.uleb128 0x3
 286 0008 0E       		.uleb128 0xe
 287 0009 1B       		.uleb128 0x1b
 288 000a 0E       		.uleb128 0xe
 289 000b 55       		.uleb128 0x55
 290 000c 17       		.uleb128 0x17
 291 000d 11       		.uleb128 0x11
 292 000e 01       		.uleb128 0x1
 293 000f 10       		.uleb128 0x10
 294 0010 17       		.uleb128 0x17
 295 0011 00       		.byte	0
 296 0012 00       		.byte	0
 297 0013 02       		.uleb128 0x2
 298 0014 24       		.uleb128 0x24
 299 0015 00       		.byte	0
 300 0016 0B       		.uleb128 0xb
 301 0017 0B       		.uleb128 0xb
 302 0018 3E       		.uleb128 0x3e
 303 0019 0B       		.uleb128 0xb
 304 001a 03       		.uleb128 0x3
 305 001b 0E       		.uleb128 0xe
 306 001c 00       		.byte	0
 307 001d 00       		.byte	0
 308 001e 03       		.uleb128 0x3
ARM GAS  C:\Users\Admin\AppData\Local\Temp\ccBCII6w.s 			page 7


 309 001f 16       		.uleb128 0x16
 310 0020 00       		.byte	0
 311 0021 03       		.uleb128 0x3
 312 0022 0E       		.uleb128 0xe
 313 0023 3A       		.uleb128 0x3a
 314 0024 0B       		.uleb128 0xb
 315 0025 3B       		.uleb128 0x3b
 316 0026 0B       		.uleb128 0xb
 317 0027 49       		.uleb128 0x49
 318 0028 13       		.uleb128 0x13
 319 0029 00       		.byte	0
 320 002a 00       		.byte	0
 321 002b 04       		.uleb128 0x4
 322 002c 24       		.uleb128 0x24
 323 002d 00       		.byte	0
 324 002e 0B       		.uleb128 0xb
 325 002f 0B       		.uleb128 0xb
 326 0030 3E       		.uleb128 0x3e
 327 0031 0B       		.uleb128 0xb
 328 0032 03       		.uleb128 0x3
 329 0033 08       		.uleb128 0x8
 330 0034 00       		.byte	0
 331 0035 00       		.byte	0
 332 0036 05       		.uleb128 0x5
 333 0037 16       		.uleb128 0x16
 334 0038 00       		.byte	0
 335 0039 03       		.uleb128 0x3
 336 003a 0E       		.uleb128 0xe
 337 003b 3A       		.uleb128 0x3a
 338 003c 0B       		.uleb128 0xb
 339 003d 3B       		.uleb128 0x3b
 340 003e 05       		.uleb128 0x5
 341 003f 49       		.uleb128 0x49
 342 0040 13       		.uleb128 0x13
 343 0041 00       		.byte	0
 344 0042 00       		.byte	0
 345 0043 06       		.uleb128 0x6
 346 0044 2E       		.uleb128 0x2e
 347 0045 01       		.byte	0x1
 348 0046 3F       		.uleb128 0x3f
 349 0047 19       		.uleb128 0x19
 350 0048 03       		.uleb128 0x3
 351 0049 0E       		.uleb128 0xe
 352 004a 3A       		.uleb128 0x3a
 353 004b 0B       		.uleb128 0xb
 354 004c 3B       		.uleb128 0x3b
 355 004d 0B       		.uleb128 0xb
 356 004e 27       		.uleb128 0x27
 357 004f 19       		.uleb128 0x19
 358 0050 49       		.uleb128 0x49
 359 0051 13       		.uleb128 0x13
 360 0052 8701     		.uleb128 0x87
 361 0054 19       		.uleb128 0x19
 362 0055 11       		.uleb128 0x11
 363 0056 01       		.uleb128 0x1
 364 0057 12       		.uleb128 0x12
 365 0058 06       		.uleb128 0x6
ARM GAS  C:\Users\Admin\AppData\Local\Temp\ccBCII6w.s 			page 8


 366 0059 40       		.uleb128 0x40
 367 005a 18       		.uleb128 0x18
 368 005b 9742     		.uleb128 0x2117
 369 005d 19       		.uleb128 0x19
 370 005e 01       		.uleb128 0x1
 371 005f 13       		.uleb128 0x13
 372 0060 00       		.byte	0
 373 0061 00       		.byte	0
 374 0062 07       		.uleb128 0x7
 375 0063 34       		.uleb128 0x34
 376 0064 00       		.byte	0
 377 0065 03       		.uleb128 0x3
 378 0066 0E       		.uleb128 0xe
 379 0067 3A       		.uleb128 0x3a
 380 0068 0B       		.uleb128 0xb
 381 0069 3B       		.uleb128 0x3b
 382 006a 0B       		.uleb128 0xb
 383 006b 49       		.uleb128 0x49
 384 006c 13       		.uleb128 0x13
 385 006d 02       		.uleb128 0x2
 386 006e 17       		.uleb128 0x17
 387 006f 00       		.byte	0
 388 0070 00       		.byte	0
 389 0071 08       		.uleb128 0x8
 390 0072 34       		.uleb128 0x34
 391 0073 00       		.byte	0
 392 0074 03       		.uleb128 0x3
 393 0075 08       		.uleb128 0x8
 394 0076 3A       		.uleb128 0x3a
 395 0077 0B       		.uleb128 0xb
 396 0078 3B       		.uleb128 0x3b
 397 0079 0B       		.uleb128 0xb
 398 007a 49       		.uleb128 0x49
 399 007b 13       		.uleb128 0x13
 400 007c 02       		.uleb128 0x2
 401 007d 18       		.uleb128 0x18
 402 007e 00       		.byte	0
 403 007f 00       		.byte	0
 404 0080 09       		.uleb128 0x9
 405 0081 898201   		.uleb128 0x4109
 406 0084 00       		.byte	0
 407 0085 11       		.uleb128 0x11
 408 0086 01       		.uleb128 0x1
 409 0087 31       		.uleb128 0x31
 410 0088 13       		.uleb128 0x13
 411 0089 00       		.byte	0
 412 008a 00       		.byte	0
 413 008b 0A       		.uleb128 0xa
 414 008c 898201   		.uleb128 0x4109
 415 008f 01       		.byte	0x1
 416 0090 11       		.uleb128 0x11
 417 0091 01       		.uleb128 0x1
 418 0092 31       		.uleb128 0x31
 419 0093 13       		.uleb128 0x13
 420 0094 01       		.uleb128 0x1
 421 0095 13       		.uleb128 0x13
 422 0096 00       		.byte	0
ARM GAS  C:\Users\Admin\AppData\Local\Temp\ccBCII6w.s 			page 9


 423 0097 00       		.byte	0
 424 0098 0B       		.uleb128 0xb
 425 0099 8A8201   		.uleb128 0x410a
 426 009c 00       		.byte	0
 427 009d 02       		.uleb128 0x2
 428 009e 18       		.uleb128 0x18
 429 009f 9142     		.uleb128 0x2111
 430 00a1 18       		.uleb128 0x18
 431 00a2 00       		.byte	0
 432 00a3 00       		.byte	0
 433 00a4 0C       		.uleb128 0xc
 434 00a5 898201   		.uleb128 0x4109
 435 00a8 01       		.byte	0x1
 436 00a9 11       		.uleb128 0x11
 437 00aa 01       		.uleb128 0x1
 438 00ab 31       		.uleb128 0x31
 439 00ac 13       		.uleb128 0x13
 440 00ad 00       		.byte	0
 441 00ae 00       		.byte	0
 442 00af 0D       		.uleb128 0xd
 443 00b0 01       		.uleb128 0x1
 444 00b1 01       		.byte	0x1
 445 00b2 49       		.uleb128 0x49
 446 00b3 13       		.uleb128 0x13
 447 00b4 01       		.uleb128 0x1
 448 00b5 13       		.uleb128 0x13
 449 00b6 00       		.byte	0
 450 00b7 00       		.byte	0
 451 00b8 0E       		.uleb128 0xe
 452 00b9 21       		.uleb128 0x21
 453 00ba 00       		.byte	0
 454 00bb 49       		.uleb128 0x49
 455 00bc 13       		.uleb128 0x13
 456 00bd 2F       		.uleb128 0x2f
 457 00be 0B       		.uleb128 0xb
 458 00bf 00       		.byte	0
 459 00c0 00       		.byte	0
 460 00c1 0F       		.uleb128 0xf
 461 00c2 34       		.uleb128 0x34
 462 00c3 00       		.byte	0
 463 00c4 03       		.uleb128 0x3
 464 00c5 0E       		.uleb128 0xe
 465 00c6 3A       		.uleb128 0x3a
 466 00c7 0B       		.uleb128 0xb
 467 00c8 3B       		.uleb128 0x3b
 468 00c9 05       		.uleb128 0x5
 469 00ca 49       		.uleb128 0x49
 470 00cb 13       		.uleb128 0x13
 471 00cc 3F       		.uleb128 0x3f
 472 00cd 19       		.uleb128 0x19
 473 00ce 3C       		.uleb128 0x3c
 474 00cf 19       		.uleb128 0x19
 475 00d0 00       		.byte	0
 476 00d1 00       		.byte	0
 477 00d2 10       		.uleb128 0x10
 478 00d3 35       		.uleb128 0x35
 479 00d4 00       		.byte	0
ARM GAS  C:\Users\Admin\AppData\Local\Temp\ccBCII6w.s 			page 10


 480 00d5 49       		.uleb128 0x49
 481 00d6 13       		.uleb128 0x13
 482 00d7 00       		.byte	0
 483 00d8 00       		.byte	0
 484 00d9 11       		.uleb128 0x11
 485 00da 2E       		.uleb128 0x2e
 486 00db 00       		.byte	0
 487 00dc 3F       		.uleb128 0x3f
 488 00dd 19       		.uleb128 0x19
 489 00de 3C       		.uleb128 0x3c
 490 00df 19       		.uleb128 0x19
 491 00e0 6E       		.uleb128 0x6e
 492 00e1 0E       		.uleb128 0xe
 493 00e2 03       		.uleb128 0x3
 494 00e3 0E       		.uleb128 0xe
 495 00e4 3A       		.uleb128 0x3a
 496 00e5 0B       		.uleb128 0xb
 497 00e6 3B       		.uleb128 0x3b
 498 00e7 0B       		.uleb128 0xb
 499 00e8 00       		.byte	0
 500 00e9 00       		.byte	0
 501 00ea 00       		.byte	0
 502              		.section	.debug_loc,"",%progbits
 503              	.Ldebug_loc0:
 504              	.LLST0:
 505 0000 04000000 		.4byte	.LVL0
 506 0004 22000000 		.4byte	.LVL4
 507 0008 0200     		.2byte	0x2
 508 000a 30       		.byte	0x30
 509 000b 9F       		.byte	0x9f
 510 000c 22000000 		.4byte	.LVL4
 511 0010 2A000000 		.4byte	.LVL5
 512 0014 0100     		.2byte	0x1
 513 0016 53       		.byte	0x53
 514 0017 2A000000 		.4byte	.LVL5
 515 001b 34000000 		.4byte	.LFE63
 516 001f 0100     		.2byte	0x1
 517 0021 54       		.byte	0x54
 518 0022 00000000 		.4byte	0
 519 0026 00000000 		.4byte	0
 520              		.section	.debug_aranges,"",%progbits
 521 0000 1C000000 		.4byte	0x1c
 522 0004 0200     		.2byte	0x2
 523 0006 00000000 		.4byte	.Ldebug_info0
 524 000a 04       		.byte	0x4
 525 000b 00       		.byte	0
 526 000c 0000     		.2byte	0
 527 000e 0000     		.2byte	0
 528 0010 00000000 		.4byte	.LFB63
 529 0014 34000000 		.4byte	.LFE63-.LFB63
 530 0018 00000000 		.4byte	0
 531 001c 00000000 		.4byte	0
 532              		.section	.debug_ranges,"",%progbits
 533              	.Ldebug_ranges0:
 534 0000 00000000 		.4byte	.LFB63
 535 0004 34000000 		.4byte	.LFE63
 536 0008 00000000 		.4byte	0
ARM GAS  C:\Users\Admin\AppData\Local\Temp\ccBCII6w.s 			page 11


 537 000c 00000000 		.4byte	0
 538              		.section	.debug_line,"",%progbits
 539              	.Ldebug_line0:
 540 0000 81010000 		.section	.debug_str,"MS",%progbits,1
 540      02005F01 
 540      00000201 
 540      FB0E0D00 
 540      01010101 
 541              	.LASF6:
 542 0000 6C6F6E67 		.ascii	"long long int\000"
 542      206C6F6E 
 542      6720696E 
 542      7400
 543              	.LASF18:
 544 000e 4932435F 		.ascii	"I2C_Start\000"
 544      53746172 
 544      7400
 545              	.LASF8:
 546 0018 756E7369 		.ascii	"unsigned int\000"
 546      676E6564 
 546      20696E74 
 546      00
 547              	.LASF24:
 548 0025 443A5C50 		.ascii	"D:\\PAZ_lab\\lab_1\\ppaz_lab_5.cydsn\000"
 548      415A5F6C 
 548      61625C6C 
 548      61625F31 
 548      5C707061 
 549              	.LASF23:
 550 0047 6D61696E 		.ascii	"main.c\000"
 550      2E6300
 551              	.LASF25:
 552 004e 6D61696E 		.ascii	"main\000"
 552      00
 553              	.LASF22:
 554 0053 474E5520 		.ascii	"GNU C11 5.4.1 20160609 (release) [ARM/embedded-5-br"
 554      43313120 
 554      352E342E 
 554      31203230 
 554      31363036 
 555 0086 616E6368 		.ascii	"anch revision 237715] -mcpu=cortex-m3 -mthumb -g -O"
 555      20726576 
 555      6973696F 
 555      6E203233 
 555      37373135 
 556 00b9 67202D66 		.ascii	"g -ffunction-sections -ffat-lto-objects\000"
 556      66756E63 
 556      74696F6E 
 556      2D736563 
 556      74696F6E 
 557              	.LASF11:
 558 00e1 75696E74 		.ascii	"uint8\000"
 558      3800
 559              	.LASF5:
 560 00e7 6C6F6E67 		.ascii	"long unsigned int\000"
 560      20756E73 
 560      69676E65 
ARM GAS  C:\Users\Admin\AppData\Local\Temp\ccBCII6w.s 			page 12


 560      6420696E 
 560      7400
 561              	.LASF7:
 562 00f9 6C6F6E67 		.ascii	"long long unsigned int\000"
 562      206C6F6E 
 562      6720756E 
 562      7369676E 
 562      65642069 
 563              	.LASF3:
 564 0110 73686F72 		.ascii	"short unsigned int\000"
 564      7420756E 
 564      7369676E 
 564      65642069 
 564      6E7400
 565              	.LASF12:
 566 0123 666C6F61 		.ascii	"float\000"
 566      7400
 567              	.LASF19:
 568 0129 55415254 		.ascii	"UART_Start\000"
 568      5F537461 
 568      727400
 569              	.LASF1:
 570 0134 756E7369 		.ascii	"unsigned char\000"
 570      676E6564 
 570      20636861 
 570      7200
 571              	.LASF14:
 572 0142 63686172 		.ascii	"char\000"
 572      00
 573              	.LASF4:
 574 0147 6C6F6E67 		.ascii	"long int\000"
 574      20696E74 
 574      00
 575              	.LASF21:
 576 0150 55415254 		.ascii	"UART_PutChar\000"
 576      5F507574 
 576      43686172 
 576      00
 577              	.LASF13:
 578 015d 646F7562 		.ascii	"double\000"
 578      6C6500
 579              	.LASF17:
 580 0164 636F6D70 		.ascii	"compare\000"
 580      61726500 
 581              	.LASF26:
 582 016c 49544D5F 		.ascii	"ITM_RxBuffer\000"
 582      52784275 
 582      66666572 
 582      00
 583              	.LASF0:
 584 0179 7369676E 		.ascii	"signed char\000"
 584      65642063 
 584      68617200 
 585              	.LASF15:
 586 0185 6C6F6E67 		.ascii	"long double\000"
 586      20646F75 
 586      626C6500 
ARM GAS  C:\Users\Admin\AppData\Local\Temp\ccBCII6w.s 			page 13


 587              	.LASF9:
 588 0191 5F5F696E 		.ascii	"__int32_t\000"
 588      7433325F 
 588      7400
 589              	.LASF20:
 590 019b 4932435F 		.ascii	"I2C_SetBuffer1\000"
 590      53657442 
 590      75666665 
 590      723100
 591              	.LASF2:
 592 01aa 73686F72 		.ascii	"short int\000"
 592      7420696E 
 592      7400
 593              	.LASF10:
 594 01b4 696E7433 		.ascii	"int32_t\000"
 594      325F7400 
 595              	.LASF16:
 596 01bc 73697A65 		.ascii	"sizetype\000"
 596      74797065 
 596      00
 597              		.ident	"GCC: (GNU Tools for ARM Embedded Processors) 5.4.1 20160609 (release) [ARM/embedded-5-bran
