ARM GAS  C:\Users\OLEKSA~1\AppData\Local\Temp\ccA8i0dC.s 			page 1


   1              		.syntax unified
   2              		.cpu cortex-m3
   3              		.fpu softvfp
   4              		.eabi_attribute 20, 1
   5              		.eabi_attribute 21, 1
   6              		.eabi_attribute 23, 3
   7              		.eabi_attribute 24, 1
   8              		.eabi_attribute 25, 1
   9              		.eabi_attribute 26, 1
  10              		.eabi_attribute 30, 1
  11              		.eabi_attribute 34, 1
  12              		.eabi_attribute 18, 4
  13              		.thumb
  14              		.syntax unified
  15              		.file	"cymetadata.c"
  16              		.text
  17              	.Ltext0:
  18              		.cfi_sections	.debug_frame
  19              		.global	cy_metadata
  20              		.global	cy_meta_flashprotect
  21              		.global	cy_meta_wonvl
  22              		.global	cy_meta_custnvl
  23              		.global	cy_meta_configecc
  24              		.section	.cyconfigecc,"a",%progbits
  25              		.align	2
  26              		.type	cy_meta_configecc, %object
  27              		.size	cy_meta_configecc, 896
  28              	cy_meta_configecc:
  29 0000 03       		.byte	3
  30 0001 65       		.byte	101
  31 0002 00       		.byte	0
  32 0003 40       		.byte	64
  33 0004 01       		.byte	1
  34 0005 15       		.byte	21
  35 0006 01       		.byte	1
  36 0007 40       		.byte	64
  37 0008 14       		.byte	20
  38 0009 18       		.byte	24
  39 000a 01       		.byte	1
  40 000b 40       		.byte	64
  41 000c 40       		.byte	64
  42 000d 19       		.byte	25
  43 000e 01       		.byte	1
  44 000f 40       		.byte	64
  45 0010 71       		.byte	113
  46 0011 1A       		.byte	26
  47 0012 01       		.byte	1
  48 0013 40       		.byte	64
  49 0014 57       		.byte	87
  50 0015 1B       		.byte	27
  51 0016 01       		.byte	1
  52 0017 40       		.byte	64
  53 0018 02       		.byte	2
  54 0019 42       		.byte	66
  55 001a 01       		.byte	1
  56 001b 40       		.byte	64
  57 001c 01       		.byte	1
ARM GAS  C:\Users\OLEKSA~1\AppData\Local\Temp\ccA8i0dC.s 			page 2


  58 001d 43       		.byte	67
  59 001e 01       		.byte	1
  60 001f 40       		.byte	64
  61 0020 05       		.byte	5
  62 0021 44       		.byte	68
  63 0022 01       		.byte	1
  64 0023 40       		.byte	64
  65 0024 02       		.byte	2
  66 0025 45       		.byte	69
  67 0026 01       		.byte	1
  68 0027 40       		.byte	64
  69 0028 02       		.byte	2
  70 0029 46       		.byte	70
  71 002a 01       		.byte	1
  72 002b 40       		.byte	64
  73 002c 02       		.byte	2
  74 002d 47       		.byte	71
  75 002e 01       		.byte	1
  76 002f 40       		.byte	64
  77 0030 01       		.byte	1
  78 0031 48       		.byte	72
  79 0032 01       		.byte	1
  80 0033 40       		.byte	64
  81 0034 02       		.byte	2
  82 0035 49       		.byte	73
  83 0036 01       		.byte	1
  84 0037 40       		.byte	64
  85 0038 09       		.byte	9
  86 0039 4C       		.byte	76
  87 003a 01       		.byte	1
  88 003b 40       		.byte	64
  89 003c 0C       		.byte	12
  90 003d 4D       		.byte	77
  91 003e 01       		.byte	1
  92 003f 40       		.byte	64
  93 0040 02       		.byte	2
  94 0041 50       		.byte	80
  95 0042 01       		.byte	1
  96 0043 40       		.byte	64
  97 0044 01       		.byte	1
  98 0045 51       		.byte	81
  99 0046 01       		.byte	1
 100 0047 40       		.byte	64
 101 0048 88       		.byte	-120
 102 0049 72       		.byte	114
 103 004a 89       		.byte	-119
 104 004b 38       		.byte	56
 105 004c 8B       		.byte	-117
 106 004d 0F       		.byte	15
 107 004e EA       		.byte	-22
 108 004f 01       		.byte	1
 109 0050 82       		.byte	-126
 110 0051 08       		.byte	8
 111 0052 86       		.byte	-122
 112 0053 02       		.byte	2
 113 0054 95       		.byte	-107
 114 0055 01       		.byte	1
ARM GAS  C:\Users\OLEKSA~1\AppData\Local\Temp\ccA8i0dC.s 			page 3


 115 0056 98       		.byte	-104
 116 0057 04       		.byte	4
 117 0058 A2       		.byte	-94
 118 0059 02       		.byte	2
 119 005a A4       		.byte	-92
 120 005b 01       		.byte	1
 121 005c A8       		.byte	-88
 122 005d 01       		.byte	1
 123 005e AC       		.byte	-84
 124 005f 01       		.byte	1
 125 0060 B0       		.byte	-80
 126 0061 02       		.byte	2
 127 0062 B2       		.byte	-78
 128 0063 08       		.byte	8
 129 0064 B4       		.byte	-76
 130 0065 01       		.byte	1
 131 0066 B5       		.byte	-75
 132 0067 01       		.byte	1
 133 0068 B6       		.byte	-74
 134 0069 04       		.byte	4
 135 006a BE       		.byte	-66
 136 006b 41       		.byte	65
 137 006c BF       		.byte	-65
 138 006d 10       		.byte	16
 139 006e D4       		.byte	-44
 140 006f 18       		.byte	24
 141 0070 D8       		.byte	-40
 142 0071 04       		.byte	4
 143 0072 D9       		.byte	-39
 144 0073 04       		.byte	4
 145 0074 DB       		.byte	-37
 146 0075 04       		.byte	4
 147 0076 DF       		.byte	-33
 148 0077 01       		.byte	1
 149 0078 00       		.byte	0
 150 0079 02       		.byte	2
 151 007a 02       		.byte	2
 152 007b 20       		.byte	32
 153 007c 05       		.byte	5
 154 007d 21       		.byte	33
 155 007e 06       		.byte	6
 156 007f 02       		.byte	2
 157 0080 07       		.byte	7
 158 0081 10       		.byte	16
 159 0082 0A       		.byte	10
 160 0083 08       		.byte	8
 161 0084 0C       		.byte	12
 162 0085 40       		.byte	64
 163 0086 0E       		.byte	14
 164 0087 0A       		.byte	10
 165 0088 0F       		.byte	15
 166 0089 20       		.byte	32
 167 008a 10       		.byte	16
 168 008b A2       		.byte	-94
 169 008c 11       		.byte	17
 170 008d 10       		.byte	16
 171 008e 14       		.byte	20
ARM GAS  C:\Users\OLEKSA~1\AppData\Local\Temp\ccA8i0dC.s 			page 4


 172 008f 80       		.byte	-128
 173 0090 16       		.byte	22
 174 0091 01       		.byte	1
 175 0092 17       		.byte	23
 176 0093 28       		.byte	40
 177 0094 19       		.byte	25
 178 0095 48       		.byte	72
 179 0096 1B       		.byte	27
 180 0097 11       		.byte	17
 181 0098 1C       		.byte	28
 182 0099 10       		.byte	16
 183 009a 1D       		.byte	29
 184 009b 21       		.byte	33
 185 009c 1E       		.byte	30
 186 009d 0A       		.byte	10
 187 009e 1F       		.byte	31
 188 009f 01       		.byte	1
 189 00a0 23       		.byte	35
 190 00a1 04       		.byte	4
 191 00a2 26       		.byte	38
 192 00a3 20       		.byte	32
 193 00a4 27       		.byte	39
 194 00a5 11       		.byte	17
 195 00a6 2D       		.byte	45
 196 00a7 28       		.byte	40
 197 00a8 2E       		.byte	46
 198 00a9 42       		.byte	66
 199 00aa 30       		.byte	48
 200 00ab 08       		.byte	8
 201 00ac 34       		.byte	52
 202 00ad 80       		.byte	-128
 203 00ae 35       		.byte	53
 204 00af 05       		.byte	5
 205 00b0 37       		.byte	55
 206 00b1 10       		.byte	16
 207 00b2 3A       		.byte	58
 208 00b3 01       		.byte	1
 209 00b4 3B       		.byte	59
 210 00b5 01       		.byte	1
 211 00b6 3E       		.byte	62
 212 00b7 88       		.byte	-120
 213 00b8 3F       		.byte	63
 214 00b9 21       		.byte	33
 215 00ba 44       		.byte	68
 216 00bb 40       		.byte	64
 217 00bc 45       		.byte	69
 218 00bd 20       		.byte	32
 219 00be 46       		.byte	70
 220 00bf 80       		.byte	-128
 221 00c0 47       		.byte	71
 222 00c1 40       		.byte	64
 223 00c2 4C       		.byte	76
 224 00c3 80       		.byte	-128
 225 00c4 4F       		.byte	79
 226 00c5 60       		.byte	96
 227 00c6 57       		.byte	87
 228 00c7 40       		.byte	64
ARM GAS  C:\Users\OLEKSA~1\AppData\Local\Temp\ccA8i0dC.s 			page 5


 229 00c8 5B       		.byte	91
 230 00c9 01       		.byte	1
 231 00ca 5C       		.byte	92
 232 00cb 10       		.byte	16
 233 00cc 60       		.byte	96
 234 00cd 04       		.byte	4
 235 00ce 63       		.byte	99
 236 00cf 02       		.byte	2
 237 00d0 6C       		.byte	108
 238 00d1 22       		.byte	34
 239 00d2 6D       		.byte	109
 240 00d3 10       		.byte	16
 241 00d4 6E       		.byte	110
 242 00d5 04       		.byte	4
 243 00d6 75       		.byte	117
 244 00d7 04       		.byte	4
 245 00d8 76       		.byte	118
 246 00d9 09       		.byte	9
 247 00da 77       		.byte	119
 248 00db 28       		.byte	40
 249 00dc 8A       		.byte	-118
 250 00dd 20       		.byte	32
 251 00de 8B       		.byte	-117
 252 00df 40       		.byte	64
 253 00e0 8D       		.byte	-115
 254 00e1 20       		.byte	32
 255 00e2 8E       		.byte	-114
 256 00e3 40       		.byte	64
 257 00e4 C0       		.byte	-64
 258 00e5 FC       		.byte	-4
 259 00e6 C2       		.byte	-62
 260 00e7 E2       		.byte	-30
 261 00e8 C4       		.byte	-60
 262 00e9 FF       		.byte	-1
 263 00ea CA       		.byte	-54
 264 00eb F0       		.byte	-16
 265 00ec CC       		.byte	-52
 266 00ed F2       		.byte	-14
 267 00ee CE       		.byte	-50
 268 00ef F0       		.byte	-16
 269 00f0 D0       		.byte	-48
 270 00f1 B0       		.byte	-80
 271 00f2 D2       		.byte	-46
 272 00f3 30       		.byte	48
 273 00f4 D6       		.byte	-42
 274 00f5 21       		.byte	33
 275 00f6 D8       		.byte	-40
 276 00f7 0C       		.byte	12
 277 00f8 00       		.byte	0
 278 00f9 0C       		.byte	12
 279 00fa 02       		.byte	2
 280 00fb 71       		.byte	113
 281 00fc 04       		.byte	4
 282 00fd 10       		.byte	16
 283 00fe 05       		.byte	5
 284 00ff 80       		.byte	-128
 285 0100 06       		.byte	6
ARM GAS  C:\Users\OLEKSA~1\AppData\Local\Temp\ccA8i0dC.s 			page 6


 286 0101 AC       		.byte	-84
 287 0102 07       		.byte	7
 288 0103 13       		.byte	19
 289 0104 0F       		.byte	15
 290 0105 0C       		.byte	12
 291 0106 10       		.byte	16
 292 0107 09       		.byte	9
 293 0108 12       		.byte	18
 294 0109 D0       		.byte	-48
 295 010a 14       		.byte	20
 296 010b 14       		.byte	20
 297 010c 15       		.byte	21
 298 010d 2C       		.byte	44
 299 010e 17       		.byte	23
 300 010f 43       		.byte	67
 301 0110 19       		.byte	25
 302 0111 71       		.byte	113
 303 0112 1A       		.byte	26
 304 0113 03       		.byte	3
 305 0114 1B       		.byte	27
 306 0115 06       		.byte	6
 307 0116 1F       		.byte	31
 308 0117 08       		.byte	8
 309 0118 20       		.byte	32
 310 0119 10       		.byte	16
 311 011a 21       		.byte	33
 312 011b 71       		.byte	113
 313 011c 22       		.byte	34
 314 011d 40       		.byte	64
 315 011e 23       		.byte	35
 316 011f 0E       		.byte	14
 317 0120 26       		.byte	38
 318 0121 20       		.byte	32
 319 0122 28       		.byte	40
 320 0123 DC       		.byte	-36
 321 0124 2A       		.byte	42
 322 0125 22       		.byte	34
 323 0126 30       		.byte	48
 324 0127 E0       		.byte	-32
 325 0128 31       		.byte	49
 326 0129 C0       		.byte	-64
 327 012a 33       		.byte	51
 328 012b 0F       		.byte	15
 329 012c 34       		.byte	52
 330 012d 1F       		.byte	31
 331 012e 35       		.byte	53
 332 012f 30       		.byte	48
 333 0130 39       		.byte	57
 334 0131 22       		.byte	34
 335 0132 3A       		.byte	58
 336 0133 02       		.byte	2
 337 0134 3B       		.byte	59
 338 0135 08       		.byte	8
 339 0136 3F       		.byte	63
 340 0137 10       		.byte	16
 341 0138 40       		.byte	64
 342 0139 02       		.byte	2
ARM GAS  C:\Users\OLEKSA~1\AppData\Local\Temp\ccA8i0dC.s 			page 7


 343 013a 45       		.byte	69
 344 013b 40       		.byte	64
 345 013c 49       		.byte	73
 346 013d FF       		.byte	-1
 347 013e 4A       		.byte	74
 348 013f 07       		.byte	7
 349 0140 4B       		.byte	75
 350 0141 FF       		.byte	-1
 351 0142 4C       		.byte	76
 352 0143 40       		.byte	64
 353 0144 4D       		.byte	77
 354 0145 20       		.byte	32
 355 0146 4E       		.byte	78
 356 0147 F0       		.byte	-16
 357 0148 4F       		.byte	79
 358 0149 05       		.byte	5
 359 014a 50       		.byte	80
 360 014b 08       		.byte	8
 361 014c 58       		.byte	88
 362 014d 04       		.byte	4
 363 014e 59       		.byte	89
 364 014f 04       		.byte	4
 365 0150 5A       		.byte	90
 366 0151 04       		.byte	4
 367 0152 5F       		.byte	95
 368 0153 01       		.byte	1
 369 0154 60       		.byte	96
 370 0155 40       		.byte	64
 371 0156 61       		.byte	97
 372 0157 A8       		.byte	-88
 373 0158 62       		.byte	98
 374 0159 40       		.byte	64
 375 015a 63       		.byte	99
 376 015b 20       		.byte	32
 377 015c 80       		.byte	-128
 378 015d 13       		.byte	19
 379 015e 81       		.byte	-127
 380 015f 08       		.byte	8
 381 0160 82       		.byte	-126
 382 0161 04       		.byte	4
 383 0162 83       		.byte	-125
 384 0163 14       		.byte	20
 385 0164 84       		.byte	-124
 386 0165 20       		.byte	32
 387 0166 86       		.byte	-122
 388 0167 C0       		.byte	-64
 389 0168 87       		.byte	-121
 390 0169 20       		.byte	32
 391 016a 88       		.byte	-120
 392 016b 13       		.byte	19
 393 016c 89       		.byte	-119
 394 016d 18       		.byte	24
 395 016e 8A       		.byte	-118
 396 016f 0C       		.byte	12
 397 0170 8F       		.byte	-113
 398 0171 20       		.byte	32
 399 0172 92       		.byte	-110
ARM GAS  C:\Users\OLEKSA~1\AppData\Local\Temp\ccA8i0dC.s 			page 8


 400 0173 08       		.byte	8
 401 0174 94       		.byte	-108
 402 0175 0A       		.byte	10
 403 0176 95       		.byte	-107
 404 0177 01       		.byte	1
 405 0178 96       		.byte	-106
 406 0179 14       		.byte	20
 407 017a 98       		.byte	-104
 408 017b E0       		.byte	-32
 409 017c 9B       		.byte	-101
 410 017d 01       		.byte	1
 411 017e 9C       		.byte	-100
 412 017f 03       		.byte	3
 413 0180 9D       		.byte	-99
 414 0181 10       		.byte	16
 415 0182 9E       		.byte	-98
 416 0183 14       		.byte	20
 417 0184 9F       		.byte	-97
 418 0185 0C       		.byte	12
 419 0186 A0       		.byte	-96
 420 0187 80       		.byte	-128
 421 0188 A1       		.byte	-95
 422 0189 01       		.byte	1
 423 018a A2       		.byte	-94
 424 018b 20       		.byte	32
 425 018c A5       		.byte	-91
 426 018d 18       		.byte	24
 427 018e A6       		.byte	-90
 428 018f 15       		.byte	21
 429 0190 A8       		.byte	-88
 430 0191 E0       		.byte	-32
 431 0192 AB       		.byte	-85
 432 0193 02       		.byte	2
 433 0194 AC       		.byte	-84
 434 0195 40       		.byte	64
 435 0196 AE       		.byte	-82
 436 0197 20       		.byte	32
 437 0198 AF       		.byte	-81
 438 0199 01       		.byte	1
 439 019a B0       		.byte	-80
 440 019b 10       		.byte	16
 441 019c B1       		.byte	-79
 442 019d 06       		.byte	6
 443 019e B2       		.byte	-78
 444 019f E0       		.byte	-32
 445 01a0 B3       		.byte	-77
 446 01a1 01       		.byte	1
 447 01a2 B4       		.byte	-76
 448 01a3 0F       		.byte	15
 449 01a4 B5       		.byte	-75
 450 01a5 20       		.byte	32
 451 01a6 B7       		.byte	-73
 452 01a7 18       		.byte	24
 453 01a8 B9       		.byte	-71
 454 01a9 08       		.byte	8
 455 01aa BA       		.byte	-70
 456 01ab 20       		.byte	32
ARM GAS  C:\Users\OLEKSA~1\AppData\Local\Temp\ccA8i0dC.s 			page 9


 457 01ac BE       		.byte	-66
 458 01ad 01       		.byte	1
 459 01ae BF       		.byte	-65
 460 01af 11       		.byte	17
 461 01b0 C0       		.byte	-64
 462 01b1 36       		.byte	54
 463 01b2 C1       		.byte	-63
 464 01b3 01       		.byte	1
 465 01b4 C5       		.byte	-59
 466 01b5 0B       		.byte	11
 467 01b6 C6       		.byte	-58
 468 01b7 0C       		.byte	12
 469 01b8 C7       		.byte	-57
 470 01b9 0E       		.byte	14
 471 01ba C8       		.byte	-56
 472 01bb 15       		.byte	21
 473 01bc C9       		.byte	-55
 474 01bd FF       		.byte	-1
 475 01be CA       		.byte	-54
 476 01bf FF       		.byte	-1
 477 01c0 CB       		.byte	-53
 478 01c1 FF       		.byte	-1
 479 01c2 CE       		.byte	-50
 480 01c3 F0       		.byte	-16
 481 01c4 CF       		.byte	-49
 482 01c5 44       		.byte	68
 483 01c6 D0       		.byte	-48
 484 01c7 0C       		.byte	12
 485 01c8 D4       		.byte	-44
 486 01c9 01       		.byte	1
 487 01ca D8       		.byte	-40
 488 01cb 04       		.byte	4
 489 01cc D9       		.byte	-39
 490 01cd 04       		.byte	4
 491 01ce DA       		.byte	-38
 492 01cf 04       		.byte	4
 493 01d0 DB       		.byte	-37
 494 01d1 04       		.byte	4
 495 01d2 DF       		.byte	-33
 496 01d3 01       		.byte	1
 497 01d4 E6       		.byte	-26
 498 01d5 C0       		.byte	-64
 499 01d6 EA       		.byte	-22
 500 01d7 40       		.byte	64
 501 01d8 EB       		.byte	-21
 502 01d9 02       		.byte	2
 503 01da 00       		.byte	0
 504 01db 08       		.byte	8
 505 01dc 01       		.byte	1
 506 01dd 02       		.byte	2
 507 01de 05       		.byte	5
 508 01df 16       		.byte	22
 509 01e0 0A       		.byte	10
 510 01e1 28       		.byte	40
 511 01e2 0B       		.byte	11
 512 01e3 40       		.byte	64
 513 01e4 0D       		.byte	13
ARM GAS  C:\Users\OLEKSA~1\AppData\Local\Temp\ccA8i0dC.s 			page 10


 514 01e5 88       		.byte	-120
 515 01e6 0E       		.byte	14
 516 01e7 04       		.byte	4
 517 01e8 0F       		.byte	15
 518 01e9 40       		.byte	64
 519 01ea 10       		.byte	16
 520 01eb 80       		.byte	-128
 521 01ec 11       		.byte	17
 522 01ed 04       		.byte	4
 523 01ee 12       		.byte	18
 524 01ef 08       		.byte	8
 525 01f0 14       		.byte	20
 526 01f1 80       		.byte	-128
 527 01f2 15       		.byte	21
 528 01f3 14       		.byte	20
 529 01f4 16       		.byte	22
 530 01f5 02       		.byte	2
 531 01f6 19       		.byte	25
 532 01f7 02       		.byte	2
 533 01f8 1A       		.byte	26
 534 01f9 08       		.byte	8
 535 01fa 1C       		.byte	28
 536 01fb 08       		.byte	8
 537 01fc 1D       		.byte	29
 538 01fd 14       		.byte	20
 539 01fe 1E       		.byte	30
 540 01ff 40       		.byte	64
 541 0200 1F       		.byte	31
 542 0201 04       		.byte	4
 543 0202 21       		.byte	33
 544 0203 18       		.byte	24
 545 0204 22       		.byte	34
 546 0205 08       		.byte	8
 547 0206 23       		.byte	35
 548 0207 40       		.byte	64
 549 0208 24       		.byte	36
 550 0209 04       		.byte	4
 551 020a 25       		.byte	37
 552 020b 04       		.byte	4
 553 020c 26       		.byte	38
 554 020d 80       		.byte	-128
 555 020e 27       		.byte	39
 556 020f 40       		.byte	64
 557 0210 29       		.byte	41
 558 0211 02       		.byte	2
 559 0212 2A       		.byte	42
 560 0213 01       		.byte	1
 561 0214 2C       		.byte	44
 562 0215 40       		.byte	64
 563 0216 2D       		.byte	45
 564 0217 20       		.byte	32
 565 0218 2E       		.byte	46
 566 0219 04       		.byte	4
 567 021a 2F       		.byte	47
 568 021b 05       		.byte	5
 569 021c 30       		.byte	48
 570 021d 90       		.byte	-112
ARM GAS  C:\Users\OLEKSA~1\AppData\Local\Temp\ccA8i0dC.s 			page 11


 571 021e 31       		.byte	49
 572 021f 18       		.byte	24
 573 0220 34       		.byte	52
 574 0221 80       		.byte	-128
 575 0222 36       		.byte	54
 576 0223 84       		.byte	-124
 577 0224 37       		.byte	55
 578 0225 10       		.byte	16
 579 0226 38       		.byte	56
 580 0227 08       		.byte	8
 581 0228 39       		.byte	57
 582 0229 04       		.byte	4
 583 022a 3B       		.byte	59
 584 022b 40       		.byte	64
 585 022c 3D       		.byte	61
 586 022d 18       		.byte	24
 587 022e 3E       		.byte	62
 588 022f 02       		.byte	2
 589 0230 3F       		.byte	63
 590 0231 80       		.byte	-128
 591 0232 41       		.byte	65
 592 0233 10       		.byte	16
 593 0234 44       		.byte	68
 594 0235 10       		.byte	16
 595 0236 46       		.byte	70
 596 0237 01       		.byte	1
 597 0238 48       		.byte	72
 598 0239 80       		.byte	-128
 599 023a 4C       		.byte	76
 600 023b 04       		.byte	4
 601 023c 4E       		.byte	78
 602 023d 10       		.byte	16
 603 023e 50       		.byte	80
 604 023f 04       		.byte	4
 605 0240 54       		.byte	84
 606 0241 08       		.byte	8
 607 0242 55       		.byte	85
 608 0243 80       		.byte	-128
 609 0244 56       		.byte	86
 610 0245 40       		.byte	64
 611 0246 5E       		.byte	94
 612 0247 40       		.byte	64
 613 0248 5F       		.byte	95
 614 0249 15       		.byte	21
 615 024a 86       		.byte	-122
 616 024b 40       		.byte	64
 617 024c 87       		.byte	-121
 618 024d 10       		.byte	16
 619 024e 88       		.byte	-120
 620 024f 01       		.byte	1
 621 0250 8A       		.byte	-118
 622 0251 02       		.byte	2
 623 0252 8C       		.byte	-116
 624 0253 08       		.byte	8
 625 0254 8F       		.byte	-113
 626 0255 01       		.byte	1
 627 0256 91       		.byte	-111
ARM GAS  C:\Users\OLEKSA~1\AppData\Local\Temp\ccA8i0dC.s 			page 12


 628 0257 10       		.byte	16
 629 0258 92       		.byte	-110
 630 0259 04       		.byte	4
 631 025a 93       		.byte	-109
 632 025b 06       		.byte	6
 633 025c 94       		.byte	-108
 634 025d 04       		.byte	4
 635 025e 96       		.byte	-106
 636 025f 08       		.byte	8
 637 0260 98       		.byte	-104
 638 0261 40       		.byte	64
 639 0262 9B       		.byte	-101
 640 0263 10       		.byte	16
 641 0264 9C       		.byte	-100
 642 0265 80       		.byte	-128
 643 0266 9D       		.byte	-99
 644 0267 20       		.byte	32
 645 0268 9E       		.byte	-98
 646 0269 02       		.byte	2
 647 026a 9F       		.byte	-97
 648 026b 40       		.byte	64
 649 026c A2       		.byte	-94
 650 026d 04       		.byte	4
 651 026e A3       		.byte	-93
 652 026f 40       		.byte	64
 653 0270 A4       		.byte	-92
 654 0271 09       		.byte	9
 655 0272 B1       		.byte	-79
 656 0273 40       		.byte	64
 657 0274 C0       		.byte	-64
 658 0275 7C       		.byte	124
 659 0276 C2       		.byte	-62
 660 0277 FE       		.byte	-2
 661 0278 C4       		.byte	-60
 662 0279 FE       		.byte	-2
 663 027a CA       		.byte	-54
 664 027b F1       		.byte	-15
 665 027c CC       		.byte	-52
 666 027d 7E       		.byte	126
 667 027e CE       		.byte	-50
 668 027f FA       		.byte	-6
 669 0280 D0       		.byte	-48
 670 0281 54       		.byte	84
 671 0282 D2       		.byte	-46
 672 0283 20       		.byte	32
 673 0284 D6       		.byte	-42
 674 0285 F0       		.byte	-16
 675 0286 EA       		.byte	-22
 676 0287 01       		.byte	1
 677 0288 3E       		.byte	62
 678 0289 10       		.byte	16
 679 028a CE       		.byte	-50
 680 028b 20       		.byte	32
 681 028c 96       		.byte	-106
 682 028d 10       		.byte	16
 683 028e 10       		.byte	16
 684 028f 10       		.byte	16
ARM GAS  C:\Users\OLEKSA~1\AppData\Local\Temp\ccA8i0dC.s 			page 13


 685 0290 14       		.byte	20
 686 0291 20       		.byte	32
 687 0292 78       		.byte	120
 688 0293 40       		.byte	64
 689 0294 C4       		.byte	-60
 690 0295 0C       		.byte	12
 691 0296 DC       		.byte	-36
 692 0297 01       		.byte	1
 693 0298 98       		.byte	-104
 694 0299 30       		.byte	48
 695 029a 9C       		.byte	-100
 696 029b 40       		.byte	64
 697 029c 98       		.byte	-104
 698 029d 30       		.byte	48
 699 029e 9C       		.byte	-100
 700 029f 40       		.byte	64
 701 02a0 98       		.byte	-104
 702 02a1 30       		.byte	48
 703 02a2 9C       		.byte	-100
 704 02a3 40       		.byte	64
 705 02a4 96       		.byte	-106
 706 02a5 10       		.byte	16
 707 02a6 AA       		.byte	-86
 708 02a7 10       		.byte	16
 709 02a8 EA       		.byte	-22
 710 02a9 80       		.byte	-128
 711 02aa 12       		.byte	18
 712 02ab 10       		.byte	16
 713 02ac 13       		.byte	19
 714 02ad 20       		.byte	32
 715 02ae 16       		.byte	22
 716 02af 20       		.byte	32
 717 02b0 78       		.byte	120
 718 02b1 10       		.byte	16
 719 02b2 7C       		.byte	124
 720 02b3 20       		.byte	32
 721 02b4 98       		.byte	-104
 722 02b5 30       		.byte	48
 723 02b6 9C       		.byte	-100
 724 02b7 40       		.byte	64
 725 02b8 C4       		.byte	-60
 726 02b9 0E       		.byte	14
 727 02ba DE       		.byte	-34
 728 02bb 03       		.byte	3
 729 02bc 10       		.byte	16
 730 02bd 40       		.byte	64
 731 02be 72       		.byte	114
 732 02bf 20       		.byte	32
 733 02c0 76       		.byte	118
 734 02c1 10       		.byte	16
 735 02c2 88       		.byte	-120
 736 02c3 40       		.byte	64
 737 02c4 9A       		.byte	-102
 738 02c5 30       		.byte	48
 739 02c6 AB       		.byte	-85
 740 02c7 20       		.byte	32
 741 02c8 B0       		.byte	-80
ARM GAS  C:\Users\OLEKSA~1\AppData\Local\Temp\ccA8i0dC.s 			page 14


 742 02c9 40       		.byte	64
 743 02ca C4       		.byte	-60
 744 02cb 08       		.byte	8
 745 02cc DC       		.byte	-36
 746 02cd 01       		.byte	1
 747 02ce DE       		.byte	-34
 748 02cf 04       		.byte	4
 749 02d0 E2       		.byte	-30
 750 02d1 01       		.byte	1
 751 02d2 E8       		.byte	-24
 752 02d3 01       		.byte	1
 753 02d4 10       		.byte	16
 754 02d5 01       		.byte	1
 755 02d6 1C       		.byte	28
 756 02d7 01       		.byte	1
 757 02d8 03       		.byte	3
 758 02d9 C0       		.byte	-64
 759 02da 00       		.byte	0
 760 02db 00       		.byte	0
 761 02dc 10       		.byte	16
 762 02dd 30       		.byte	48
 763 02de 00       		.byte	0
 764 02df 00       		.byte	0
 765 02e0 70       		.byte	112
 766 02e1 00       		.byte	0
 767 02e2 00       		.byte	0
 768 02e3 00       		.byte	0
 769 02e4 1F       		.byte	31
 770 02e5 10       		.byte	16
 771 02e6 20       		.byte	32
 772 02e7 00       		.byte	0
 773 02e8 1C       		.byte	28
 774 02e9 08       		.byte	8
 775 02ea 23       		.byte	35
 776 02eb 00       		.byte	0
 777 02ec 03       		.byte	3
 778 02ed 00       		.byte	0
 779 02ee 00       		.byte	0
 780 02ef E3       		.byte	-29
 781 02f0 01       		.byte	1
 782 02f1 FF       		.byte	-1
 783 02f2 00       		.byte	0
 784 02f3 00       		.byte	0
 785 02f4 00       		.byte	0
 786 02f5 1C       		.byte	28
 787 02f6 00       		.byte	0
 788 02f7 E1       		.byte	-31
 789 02f8 00       		.byte	0
 790 02f9 18       		.byte	24
 791 02fa 23       		.byte	35
 792 02fb 00       		.byte	0
 793 02fc 33       		.byte	51
 794 02fd 3C       		.byte	60
 795 02fe 0C       		.byte	12
 796 02ff C2       		.byte	-62
 797 0300 3F       		.byte	63
 798 0301 80       		.byte	-128
ARM GAS  C:\Users\OLEKSA~1\AppData\Local\Temp\ccA8i0dC.s 			page 15


 799 0302 00       		.byte	0
 800 0303 00       		.byte	0
 801 0304 02       		.byte	2
 802 0305 44       		.byte	68
 803 0306 00       		.byte	0
 804 0307 00       		.byte	0
 805 0308 04       		.byte	4
 806 0309 00       		.byte	0
 807 030a 00       		.byte	0
 808 030b 04       		.byte	4
 809 030c 0C       		.byte	12
 810 030d C0       		.byte	-64
 811 030e 00       		.byte	0
 812 030f 00       		.byte	0
 813 0310 08       		.byte	8
 814 0311 E7       		.byte	-25
 815 0312 00       		.byte	0
 816 0313 18       		.byte	24
 817 0314 2C       		.byte	44
 818 0315 00       		.byte	0
 819 0316 10       		.byte	16
 820 0317 1F       		.byte	31
 821 0318 0F       		.byte	15
 822 0319 38       		.byte	56
 823 031a 00       		.byte	0
 824 031b C0       		.byte	-64
 825 031c 00       		.byte	0
 826 031d 00       		.byte	0
 827 031e A2       		.byte	-94
 828 031f 08       		.byte	8
 829 0320 00       		.byte	0
 830 0321 00       		.byte	0
 831 0322 04       		.byte	4
 832 0323 00       		.byte	0
 833 0324 26       		.byte	38
 834 0325 04       		.byte	4
 835 0326 05       		.byte	5
 836 0327 00       		.byte	0
 837 0328 01       		.byte	1
 838 0329 C0       		.byte	-64
 839 032a 0E       		.byte	14
 840 032b 00       		.byte	0
 841 032c 06       		.byte	6
 842 032d FF       		.byte	-1
 843 032e FF       		.byte	-1
 844 032f FF       		.byte	-1
 845 0330 62       		.byte	98
 846 0331 A0       		.byte	-96
 847 0332 F0       		.byte	-16
 848 0333 41       		.byte	65
 849 0334 0C       		.byte	12
 850 0335 00       		.byte	0
 851 0336 00       		.byte	0
 852 0337 00       		.byte	0
 853 0338 00       		.byte	0
 854 0339 00       		.byte	0
 855 033a 02       		.byte	2
ARM GAS  C:\Users\OLEKSA~1\AppData\Local\Temp\ccA8i0dC.s 			page 16


 856 033b 11       		.byte	17
 857 033c 04       		.byte	4
 858 033d 04       		.byte	4
 859 033e 04       		.byte	4
 860 033f 04       		.byte	4
 861 0340 00       		.byte	0
 862 0341 00       		.byte	0
 863 0342 00       		.byte	0
 864 0343 01       		.byte	1
 865 0344 00       		.byte	0
 866 0345 00       		.byte	0
 867 0346 00       		.byte	0
 868 0347 00       		.byte	0
 869 0348 00       		.byte	0
 870 0349 00       		.byte	0
 871 034a 40       		.byte	64
 872 034b 02       		.byte	2
 873 034c 00       		.byte	0
 874 034d 10       		.byte	16
 875 034e 30       		.byte	48
 876 034f 10       		.byte	16
 877 0350 00       		.byte	0
 878 0351 10       		.byte	16
 879 0352 10       		.byte	16
 880 0353 12       		.byte	18
 881 0354 00       		.byte	0
 882 0355 00       		.byte	0
 883 0356 00       		.byte	0
 884 0357 00       		.byte	0
 885 0358 00       		.byte	0
 886 0359 00       		.byte	0
 887 035a 00       		.byte	0
 888 035b 00       		.byte	0
 889 035c 00       		.byte	0
 890 035d 00       		.byte	0
 891 035e 00       		.byte	0
 892 035f 00       		.byte	0
 893 0360 00       		.byte	0
 894 0361 00       		.byte	0
 895 0362 00       		.byte	0
 896 0363 00       		.byte	0
 897 0364 B0       		.byte	-80
 898 0365 00       		.byte	0
 899 0366 40       		.byte	64
 900 0367 80       		.byte	-128
 901 0368 B0       		.byte	-80
 902 0369 00       		.byte	0
 903 036a B0       		.byte	-80
 904 036b 00       		.byte	0
 905 036c 00       		.byte	0
 906 036d 00       		.byte	0
 907 036e 00       		.byte	0
 908 036f 00       		.byte	0
 909 0370 00       		.byte	0
 910 0371 0B       		.byte	11
 911 0372 0B       		.byte	11
 912 0373 00       		.byte	0
ARM GAS  C:\Users\OLEKSA~1\AppData\Local\Temp\ccA8i0dC.s 			page 17


 913 0374 00       		.byte	0
 914 0375 00       		.byte	0
 915 0376 00       		.byte	0
 916 0377 00       		.byte	0
 917 0378 00       		.byte	0
 918 0379 7F       		.byte	127
 919 037a 7F       		.byte	127
 920 037b 00       		.byte	0
 921 037c 00       		.byte	0
 922 037d 00       		.byte	0
 923 037e 00       		.byte	0
 924 037f 00       		.byte	0
 925              		.section	.cywolatch,"a",%progbits
 926              		.align	2
 927              		.type	cy_meta_wonvl, %object
 928              		.size	cy_meta_wonvl, 4
 929              	cy_meta_wonvl:
 930 0000 BC       		.byte	-68
 931 0001 90       		.byte	-112
 932 0002 AC       		.byte	-84
 933 0003 AF       		.byte	-81
 934              		.section	.cycustnvl,"a",%progbits
 935              		.align	2
 936              		.type	cy_meta_custnvl, %object
 937              		.size	cy_meta_custnvl, 4
 938              	cy_meta_custnvl:
 939 0000 00       		.byte	0
 940 0001 00       		.byte	0
 941 0002 40       		.byte	64
 942 0003 05       		.byte	5
 943              		.section	.cymeta,"a",%progbits
 944              		.align	2
 945              		.type	cy_metadata, %object
 946              		.size	cy_metadata, 12
 947              	cy_metadata:
 948 0000 00       		.byte	0
 949 0001 01       		.byte	1
 950 0002 2E       		.byte	46
 951 0003 16       		.byte	22
 952 0004 10       		.byte	16
 953 0005 69       		.byte	105
 954 0006 00       		.byte	0
 955 0007 01       		.byte	1
 956 0008 00       		.byte	0
 957 0009 00       		.byte	0
 958 000a 00       		.byte	0
 959 000b 00       		.byte	0
 960              		.section	.cyflashprotect,"a",%progbits
 961              		.align	2
 962              		.type	cy_meta_flashprotect, %object
 963              		.size	cy_meta_flashprotect, 256
 964              	cy_meta_flashprotect:
 965 0000 00000000 		.space	256
 965      00000000 
 965      00000000 
 965      00000000 
 965      00000000 
ARM GAS  C:\Users\OLEKSA~1\AppData\Local\Temp\ccA8i0dC.s 			page 18


 966              		.text
 967              	.Letext0:
 968              		.file 1 "c:\\program files (x86)\\cypress\\psoc creator\\4.4\\psoc creator\\import\\gnu\\arm\\5.4.
 969              		.file 2 "c:\\program files (x86)\\cypress\\psoc creator\\4.4\\psoc creator\\import\\gnu\\arm\\5.4.
 970              		.file 3 "Generated_Source\\PSoC5\\cymetadata.c"
 971              		.section	.debug_info,"",%progbits
 972              	.Ldebug_info0:
 973 0000 31010000 		.4byte	0x131
 974 0004 0400     		.2byte	0x4
 975 0006 00000000 		.4byte	.Ldebug_abbrev0
 976 000a 04       		.byte	0x4
 977 000b 01       		.uleb128 0x1
 978 000c 24000000 		.4byte	.LASF17
 979 0010 0C       		.byte	0xc
 980 0011 C2010000 		.4byte	.LASF18
 981 0015 69010000 		.4byte	.LASF19
 982 0019 00000000 		.4byte	.Ldebug_line0
 983 001d 02       		.uleb128 0x2
 984 001e 01       		.byte	0x1
 985 001f 06       		.byte	0x6
 986 0020 B6010000 		.4byte	.LASF0
 987 0024 03       		.uleb128 0x3
 988 0025 00000000 		.4byte	.LASF9
 989 0029 01       		.byte	0x1
 990 002a 1D       		.byte	0x1d
 991 002b 2F000000 		.4byte	0x2f
 992 002f 02       		.uleb128 0x2
 993 0030 01       		.byte	0x1
 994 0031 08       		.byte	0x8
 995 0032 16000000 		.4byte	.LASF1
 996 0036 02       		.uleb128 0x2
 997 0037 02       		.byte	0x2
 998 0038 05       		.byte	0x5
 999 0039 5F010000 		.4byte	.LASF2
 1000 003d 02       		.uleb128 0x2
 1001 003e 02       		.byte	0x2
 1002 003f 07       		.byte	0x7
 1003 0040 C4000000 		.4byte	.LASF3
 1004 0044 02       		.uleb128 0x2
 1005 0045 04       		.byte	0x4
 1006 0046 05       		.byte	0x5
 1007 0047 AD010000 		.4byte	.LASF4
 1008 004b 02       		.uleb128 0x2
 1009 004c 04       		.byte	0x4
 1010 004d 07       		.byte	0x7
 1011 004e B2000000 		.4byte	.LASF5
 1012 0052 02       		.uleb128 0x2
 1013 0053 08       		.byte	0x8
 1014 0054 05       		.byte	0x5
 1015 0055 51010000 		.4byte	.LASF6
 1016 0059 02       		.uleb128 0x2
 1017 005a 08       		.byte	0x8
 1018 005b 07       		.byte	0x7
 1019 005c 06010000 		.4byte	.LASF7
 1020 0060 04       		.uleb128 0x4
 1021 0061 04       		.byte	0x4
 1022 0062 05       		.byte	0x5
ARM GAS  C:\Users\OLEKSA~1\AppData\Local\Temp\ccA8i0dC.s 			page 19


 1023 0063 696E7400 		.ascii	"int\000"
 1024 0067 02       		.uleb128 0x2
 1025 0068 04       		.byte	0x4
 1026 0069 07       		.byte	0x7
 1027 006a F9000000 		.4byte	.LASF8
 1028 006e 03       		.uleb128 0x3
 1029 006f 1D010000 		.4byte	.LASF10
 1030 0073 02       		.byte	0x2
 1031 0074 18       		.byte	0x18
 1032 0075 24000000 		.4byte	0x24
 1033 0079 05       		.uleb128 0x5
 1034 007a 91000000 		.4byte	0x91
 1035 007e 8A000000 		.4byte	0x8a
 1036 0082 06       		.uleb128 0x6
 1037 0083 8A000000 		.4byte	0x8a
 1038 0087 7F03     		.2byte	0x37f
 1039 0089 00       		.byte	0
 1040 008a 02       		.uleb128 0x2
 1041 008b 04       		.byte	0x4
 1042 008c 07       		.byte	0x7
 1043 008d 48010000 		.4byte	.LASF11
 1044 0091 07       		.uleb128 0x7
 1045 0092 6E000000 		.4byte	0x6e
 1046 0096 08       		.uleb128 0x8
 1047 0097 E7000000 		.4byte	.LASF12
 1048 009b 03       		.byte	0x3
 1049 009c 1F       		.byte	0x1f
 1050 009d A7000000 		.4byte	0xa7
 1051 00a1 05       		.uleb128 0x5
 1052 00a2 03       		.byte	0x3
 1053 00a3 00000000 		.4byte	cy_meta_configecc
 1054 00a7 07       		.uleb128 0x7
 1055 00a8 79000000 		.4byte	0x79
 1056 00ac 05       		.uleb128 0x5
 1057 00ad 91000000 		.4byte	0x91
 1058 00b1 BC000000 		.4byte	0xbc
 1059 00b5 09       		.uleb128 0x9
 1060 00b6 8A000000 		.4byte	0x8a
 1061 00ba 03       		.byte	0x3
 1062 00bb 00       		.byte	0
 1063 00bc 08       		.uleb128 0x8
 1064 00bd D7000000 		.4byte	.LASF13
 1065 00c1 03       		.byte	0x3
 1066 00c2 9C       		.byte	0x9c
 1067 00c3 CD000000 		.4byte	0xcd
 1068 00c7 05       		.uleb128 0x5
 1069 00c8 03       		.byte	0x3
 1070 00c9 00000000 		.4byte	cy_meta_custnvl
 1071 00cd 07       		.uleb128 0x7
 1072 00ce AC000000 		.4byte	0xac
 1073 00d2 08       		.uleb128 0x8
 1074 00d3 3A010000 		.4byte	.LASF14
 1075 00d7 03       		.byte	0x3
 1076 00d8 AA       		.byte	0xaa
 1077 00d9 E3000000 		.4byte	0xe3
 1078 00dd 05       		.uleb128 0x5
 1079 00de 03       		.byte	0x3
ARM GAS  C:\Users\OLEKSA~1\AppData\Local\Temp\ccA8i0dC.s 			page 20


 1080 00df 00000000 		.4byte	cy_meta_wonvl
 1081 00e3 07       		.uleb128 0x7
 1082 00e4 AC000000 		.4byte	0xac
 1083 00e8 05       		.uleb128 0x5
 1084 00e9 91000000 		.4byte	0x91
 1085 00ed F8000000 		.4byte	0xf8
 1086 00f1 09       		.uleb128 0x9
 1087 00f2 8A000000 		.4byte	0x8a
 1088 00f6 FF       		.byte	0xff
 1089 00f7 00       		.byte	0
 1090 00f8 08       		.uleb128 0x8
 1091 00f9 25010000 		.4byte	.LASF15
 1092 00fd 03       		.byte	0x3
 1093 00fe B8       		.byte	0xb8
 1094 00ff 09010000 		.4byte	0x109
 1095 0103 05       		.uleb128 0x5
 1096 0104 03       		.byte	0x3
 1097 0105 00000000 		.4byte	cy_meta_flashprotect
 1098 0109 07       		.uleb128 0x7
 1099 010a E8000000 		.4byte	0xe8
 1100 010e 05       		.uleb128 0x5
 1101 010f 91000000 		.4byte	0x91
 1102 0113 1E010000 		.4byte	0x11e
 1103 0117 09       		.uleb128 0x9
 1104 0118 8A000000 		.4byte	0x8a
 1105 011c 0B       		.byte	0xb
 1106 011d 00       		.byte	0
 1107 011e 08       		.uleb128 0x8
 1108 011f 0A000000 		.4byte	.LASF16
 1109 0123 03       		.byte	0x3
 1110 0124 E5       		.byte	0xe5
 1111 0125 2F010000 		.4byte	0x12f
 1112 0129 05       		.uleb128 0x5
 1113 012a 03       		.byte	0x3
 1114 012b 00000000 		.4byte	cy_metadata
 1115 012f 07       		.uleb128 0x7
 1116 0130 0E010000 		.4byte	0x10e
 1117 0134 00       		.byte	0
 1118              		.section	.debug_abbrev,"",%progbits
 1119              	.Ldebug_abbrev0:
 1120 0000 01       		.uleb128 0x1
 1121 0001 11       		.uleb128 0x11
 1122 0002 01       		.byte	0x1
 1123 0003 25       		.uleb128 0x25
 1124 0004 0E       		.uleb128 0xe
 1125 0005 13       		.uleb128 0x13
 1126 0006 0B       		.uleb128 0xb
 1127 0007 03       		.uleb128 0x3
 1128 0008 0E       		.uleb128 0xe
 1129 0009 1B       		.uleb128 0x1b
 1130 000a 0E       		.uleb128 0xe
 1131 000b 10       		.uleb128 0x10
 1132 000c 17       		.uleb128 0x17
 1133 000d 00       		.byte	0
 1134 000e 00       		.byte	0
 1135 000f 02       		.uleb128 0x2
 1136 0010 24       		.uleb128 0x24
ARM GAS  C:\Users\OLEKSA~1\AppData\Local\Temp\ccA8i0dC.s 			page 21


 1137 0011 00       		.byte	0
 1138 0012 0B       		.uleb128 0xb
 1139 0013 0B       		.uleb128 0xb
 1140 0014 3E       		.uleb128 0x3e
 1141 0015 0B       		.uleb128 0xb
 1142 0016 03       		.uleb128 0x3
 1143 0017 0E       		.uleb128 0xe
 1144 0018 00       		.byte	0
 1145 0019 00       		.byte	0
 1146 001a 03       		.uleb128 0x3
 1147 001b 16       		.uleb128 0x16
 1148 001c 00       		.byte	0
 1149 001d 03       		.uleb128 0x3
 1150 001e 0E       		.uleb128 0xe
 1151 001f 3A       		.uleb128 0x3a
 1152 0020 0B       		.uleb128 0xb
 1153 0021 3B       		.uleb128 0x3b
 1154 0022 0B       		.uleb128 0xb
 1155 0023 49       		.uleb128 0x49
 1156 0024 13       		.uleb128 0x13
 1157 0025 00       		.byte	0
 1158 0026 00       		.byte	0
 1159 0027 04       		.uleb128 0x4
 1160 0028 24       		.uleb128 0x24
 1161 0029 00       		.byte	0
 1162 002a 0B       		.uleb128 0xb
 1163 002b 0B       		.uleb128 0xb
 1164 002c 3E       		.uleb128 0x3e
 1165 002d 0B       		.uleb128 0xb
 1166 002e 03       		.uleb128 0x3
 1167 002f 08       		.uleb128 0x8
 1168 0030 00       		.byte	0
 1169 0031 00       		.byte	0
 1170 0032 05       		.uleb128 0x5
 1171 0033 01       		.uleb128 0x1
 1172 0034 01       		.byte	0x1
 1173 0035 49       		.uleb128 0x49
 1174 0036 13       		.uleb128 0x13
 1175 0037 01       		.uleb128 0x1
 1176 0038 13       		.uleb128 0x13
 1177 0039 00       		.byte	0
 1178 003a 00       		.byte	0
 1179 003b 06       		.uleb128 0x6
 1180 003c 21       		.uleb128 0x21
 1181 003d 00       		.byte	0
 1182 003e 49       		.uleb128 0x49
 1183 003f 13       		.uleb128 0x13
 1184 0040 2F       		.uleb128 0x2f
 1185 0041 05       		.uleb128 0x5
 1186 0042 00       		.byte	0
 1187 0043 00       		.byte	0
 1188 0044 07       		.uleb128 0x7
 1189 0045 26       		.uleb128 0x26
 1190 0046 00       		.byte	0
 1191 0047 49       		.uleb128 0x49
 1192 0048 13       		.uleb128 0x13
 1193 0049 00       		.byte	0
ARM GAS  C:\Users\OLEKSA~1\AppData\Local\Temp\ccA8i0dC.s 			page 22


 1194 004a 00       		.byte	0
 1195 004b 08       		.uleb128 0x8
 1196 004c 34       		.uleb128 0x34
 1197 004d 00       		.byte	0
 1198 004e 03       		.uleb128 0x3
 1199 004f 0E       		.uleb128 0xe
 1200 0050 3A       		.uleb128 0x3a
 1201 0051 0B       		.uleb128 0xb
 1202 0052 3B       		.uleb128 0x3b
 1203 0053 0B       		.uleb128 0xb
 1204 0054 49       		.uleb128 0x49
 1205 0055 13       		.uleb128 0x13
 1206 0056 3F       		.uleb128 0x3f
 1207 0057 19       		.uleb128 0x19
 1208 0058 02       		.uleb128 0x2
 1209 0059 18       		.uleb128 0x18
 1210 005a 00       		.byte	0
 1211 005b 00       		.byte	0
 1212 005c 09       		.uleb128 0x9
 1213 005d 21       		.uleb128 0x21
 1214 005e 00       		.byte	0
 1215 005f 49       		.uleb128 0x49
 1216 0060 13       		.uleb128 0x13
 1217 0061 2F       		.uleb128 0x2f
 1218 0062 0B       		.uleb128 0xb
 1219 0063 00       		.byte	0
 1220 0064 00       		.byte	0
 1221 0065 00       		.byte	0
 1222              		.section	.debug_aranges,"",%progbits
 1223 0000 14000000 		.4byte	0x14
 1224 0004 0200     		.2byte	0x2
 1225 0006 00000000 		.4byte	.Ldebug_info0
 1226 000a 04       		.byte	0x4
 1227 000b 00       		.byte	0
 1228 000c 0000     		.2byte	0
 1229 000e 0000     		.2byte	0
 1230 0010 00000000 		.4byte	0
 1231 0014 00000000 		.4byte	0
 1232              		.section	.debug_line,"",%progbits
 1233              	.Ldebug_line0:
 1234 0000 3D010000 		.section	.debug_str,"MS",%progbits,1
 1234      02003701 
 1234      00000201 
 1234      FB0E0D00 
 1234      01010101 
 1235              	.LASF9:
 1236 0000 5F5F7569 		.ascii	"__uint8_t\000"
 1236      6E74385F 
 1236      7400
 1237              	.LASF16:
 1238 000a 63795F6D 		.ascii	"cy_metadata\000"
 1238      65746164 
 1238      61746100 
 1239              	.LASF1:
 1240 0016 756E7369 		.ascii	"unsigned char\000"
 1240      676E6564 
 1240      20636861 
ARM GAS  C:\Users\OLEKSA~1\AppData\Local\Temp\ccA8i0dC.s 			page 23


 1240      7200
 1241              	.LASF17:
 1242 0024 474E5520 		.ascii	"GNU C11 5.4.1 20160609 (release) [ARM/embedded-5-br"
 1242      43313120 
 1242      352E342E 
 1242      31203230 
 1242      31363036 
 1243 0057 616E6368 		.ascii	"anch revision 237715] -mcpu=cortex-m3 -mthumb -g -O"
 1243      20726576 
 1243      6973696F 
 1243      6E203233 
 1243      37373135 
 1244 008a 67202D66 		.ascii	"g -ffunction-sections -ffat-lto-objects\000"
 1244      66756E63 
 1244      74696F6E 
 1244      2D736563 
 1244      74696F6E 
 1245              	.LASF5:
 1246 00b2 6C6F6E67 		.ascii	"long unsigned int\000"
 1246      20756E73 
 1246      69676E65 
 1246      6420696E 
 1246      7400
 1247              	.LASF3:
 1248 00c4 73686F72 		.ascii	"short unsigned int\000"
 1248      7420756E 
 1248      7369676E 
 1248      65642069 
 1248      6E7400
 1249              	.LASF13:
 1250 00d7 63795F6D 		.ascii	"cy_meta_custnvl\000"
 1250      6574615F 
 1250      63757374 
 1250      6E766C00 
 1251              	.LASF12:
 1252 00e7 63795F6D 		.ascii	"cy_meta_configecc\000"
 1252      6574615F 
 1252      636F6E66 
 1252      69676563 
 1252      6300
 1253              	.LASF8:
 1254 00f9 756E7369 		.ascii	"unsigned int\000"
 1254      676E6564 
 1254      20696E74 
 1254      00
 1255              	.LASF7:
 1256 0106 6C6F6E67 		.ascii	"long long unsigned int\000"
 1256      206C6F6E 
 1256      6720756E 
 1256      7369676E 
 1256      65642069 
 1257              	.LASF10:
 1258 011d 75696E74 		.ascii	"uint8_t\000"
 1258      385F7400 
 1259              	.LASF15:
 1260 0125 63795F6D 		.ascii	"cy_meta_flashprotect\000"
 1260      6574615F 
ARM GAS  C:\Users\OLEKSA~1\AppData\Local\Temp\ccA8i0dC.s 			page 24


 1260      666C6173 
 1260      6870726F 
 1260      74656374 
 1261              	.LASF14:
 1262 013a 63795F6D 		.ascii	"cy_meta_wonvl\000"
 1262      6574615F 
 1262      776F6E76 
 1262      6C00
 1263              	.LASF11:
 1264 0148 73697A65 		.ascii	"sizetype\000"
 1264      74797065 
 1264      00
 1265              	.LASF6:
 1266 0151 6C6F6E67 		.ascii	"long long int\000"
 1266      206C6F6E 
 1266      6720696E 
 1266      7400
 1267              	.LASF2:
 1268 015f 73686F72 		.ascii	"short int\000"
 1268      7420696E 
 1268      7400
 1269              	.LASF19:
 1270 0169 433A5C55 		.ascii	"C:\\Users\\oleksandr\\Documents\\PSoC Creator\\Work"
 1270      73657273 
 1270      5C6F6C65 
 1270      6B73616E 
 1270      64725C44 
 1271 0197 73706163 		.ascii	"space07\\ADXL345.cydsn\000"
 1271      6530375C 
 1271      4144584C 
 1271      3334352E 
 1271      63796473 
 1272              	.LASF4:
 1273 01ad 6C6F6E67 		.ascii	"long int\000"
 1273      20696E74 
 1273      00
 1274              	.LASF0:
 1275 01b6 7369676E 		.ascii	"signed char\000"
 1275      65642063 
 1275      68617200 
 1276              	.LASF18:
 1277 01c2 47656E65 		.ascii	"Generated_Source\\PSoC5\\cymetadata.c\000"
 1277      72617465 
 1277      645F536F 
 1277      75726365 
 1277      5C50536F 
 1278              		.ident	"GCC: (GNU Tools for ARM Embedded Processors) 5.4.1 20160609 (release) [ARM/embedded-5-bran
