ARM GAS  C:\Users\OLEKSA~1\AppData\Local\Temp\cchGH56P.s 			page 1


   1              		.syntax unified
   2              		.cpu cortex-m3
   3              		.fpu softvfp
   4              		.eabi_attribute 20, 1
   5              		.eabi_attribute 21, 1
   6              		.eabi_attribute 23, 3
   7              		.eabi_attribute 24, 1
   8              		.eabi_attribute 25, 1
   9              		.eabi_attribute 26, 1
  10              		.eabi_attribute 30, 1
  11              		.eabi_attribute 34, 1
  12              		.eabi_attribute 18, 4
  13              		.thumb
  14              		.syntax unified
  15              		.file	"main.c"
  16              		.text
  17              	.Ltext0:
  18              		.cfi_sections	.debug_frame
  19              		.section	.text.Read_I2C,"ax",%progbits
  20              		.align	2
  21              		.global	Read_I2C
  22              		.thumb
  23              		.thumb_func
  24              		.type	Read_I2C, %function
  25              	Read_I2C:
  26              	.LFB64:
  27              		.file 1 "main.c"
   1:main.c        **** /* ========================================
   2:main.c        ****  *
   3:main.c        ****  * Copyright YOUR COMPANY, THE YEAR
   4:main.c        ****  * All Rights Reserved
   5:main.c        ****  * UNPUBLISHED, LICENSED SOFTWARE.
   6:main.c        ****  *
   7:main.c        ****  * CONFIDENTIAL AND PROPRIETARY INFORMATION
   8:main.c        ****  * WHICH IS THE PROPERTY OF your company.
   9:main.c        ****  *
  10:main.c        ****  * ========================================
  11:main.c        **** */
  12:main.c        **** #include <project.h>
  13:main.c        **** #include <stdio.h>
  14:main.c        **** 
  15:main.c        **** #define     ADXL345_Addr    0x53
  16:main.c        **** #define     RA_BW_RATE          0x2C    // R/W   0x0A   Data rate and power mode control
  17:main.c        **** #define 	RA_DATA_FORMAT 	    0x31 	// R/W 	 0   	Data format control
  18:main.c        **** #define 	RA_POWER_CTL 	    0x2D 	// R/W 	 0   	Power-saving features control
  19:main.c        **** #define 	RA_DATAX0 	        0x32 	// R 	 0 	    X-Axis Data 0
  20:main.c        **** #define 	RA_DATAX1 	        0x33 	// R 	 0 	    X-Axis Data 1
  21:main.c        **** #define 	RA_DATAY0 	        0x34 	// R 	 0 	    Y-Axis Data 0
  22:main.c        **** #define 	RA_DATAY1 	        0x35 	// R 	 0 	    Y-Axis Data 1
  23:main.c        **** #define 	RA_DATAZ0 	        0x36 	// R 	 0 	    Z-Axis Data 0
  24:main.c        **** #define 	RA_DATAZ1 	        0x37 	// R 	 0 	    Z-Axis Data 1
  25:main.c        **** #define     RA_OFSX             0x1E    // R/W   0      X-axis offset
  26:main.c        **** #define     RA_OFSY             0x1F    // R/W   0      Y-axis offset
  27:main.c        **** #define     RA_OFSZ             0x20    // R/W   0      Z-axis offset
  28:main.c        **** 
  29:main.c        **** #define SCALE_FACTOR 3.9f               // convert raw x,y,z values to corresponding g-values
  30:main.c        **** 
ARM GAS  C:\Users\OLEKSA~1\AppData\Local\Temp\cchGH56P.s 			page 2


  31:main.c        **** float cal_X = 0, cal_Y = 0, cal_Z = 0;  // x,y,z values for offset calibration
  32:main.c        **** 
  33:main.c        **** char buffer[50];                        // buffer to convert numbers to strings
  34:main.c        **** int16 x, y, z;
  35:main.c        **** float xg, yg, zg;
  36:main.c        **** 
  37:main.c        **** unsigned char Read_I2C(unsigned char BusAddress , unsigned char reg)
  38:main.c        **** {  
  28              		.loc 1 38 0
  29              		.cfi_startproc
  30              		@ args = 0, pretend = 0, frame = 0
  31              		@ frame_needed = 0, uses_anonymous_args = 0
  32              	.LVL0:
  33 0000 38B5     		push	{r3, r4, r5, lr}
  34              		.cfi_def_cfa_offset 16
  35              		.cfi_offset 3, -16
  36              		.cfi_offset 4, -12
  37              		.cfi_offset 5, -8
  38              		.cfi_offset 14, -4
  39 0002 0446     		mov	r4, r0
  40 0004 0D46     		mov	r5, r1
  39:main.c        ****     unsigned char data;
  40:main.c        **** 
  41:main.c        ****     I2C_MasterSendStart(BusAddress,I2C_WRITE_XFER_MODE);    // Initialize a transaction for writing
  41              		.loc 1 41 0
  42 0006 0021     		movs	r1, #0
  43              	.LVL1:
  44 0008 FFF7FEFF 		bl	I2C_MasterSendStart
  45              	.LVL2:
  42:main.c        ****     I2C_MasterWriteByte(reg);                                // Indicate which register you want to
  46              		.loc 1 42 0
  47 000c 2846     		mov	r0, r5
  48 000e FFF7FEFF 		bl	I2C_MasterWriteByte
  49              	.LVL3:
  43:main.c        ****     I2C_MasterSendRestart(BusAddress,I2C_READ_XFER_MODE);   // Initialize a transaction for reading
  50              		.loc 1 43 0
  51 0012 0121     		movs	r1, #1
  52 0014 2046     		mov	r0, r4
  53 0016 FFF7FEFF 		bl	I2C_MasterSendRestart
  54              	.LVL4:
  44:main.c        ****     
  45:main.c        ****     CyDelay(1u);
  55              		.loc 1 45 0
  56 001a 0120     		movs	r0, #1
  57 001c FFF7FEFF 		bl	CyDelay
  58              	.LVL5:
  46:main.c        ****     
  47:main.c        ****     data = I2C_MasterReadByte(I2C_ACK_DATA);       // Read from register
  59              		.loc 1 47 0
  60 0020 0120     		movs	r0, #1
  61 0022 FFF7FEFF 		bl	I2C_MasterReadByte
  62              	.LVL6:
  63 0026 0446     		mov	r4, r0
  64              	.LVL7:
  48:main.c        ****     //I2C_MasterReadByte(I2C_NAK_DATA);            // Read from register, last byte is NAKed (optio
  49:main.c        ****     I2C_MasterSendStop();                           // End of transaction
  65              		.loc 1 49 0
ARM GAS  C:\Users\OLEKSA~1\AppData\Local\Temp\cchGH56P.s 			page 3


  66 0028 FFF7FEFF 		bl	I2C_MasterSendStop
  67              	.LVL8:
  50:main.c        ****     return data;
  51:main.c        **** }
  68              		.loc 1 51 0
  69 002c 2046     		mov	r0, r4
  70 002e 38BD     		pop	{r3, r4, r5, pc}
  71              		.cfi_endproc
  72              	.LFE64:
  73              		.size	Read_I2C, .-Read_I2C
  74              		.section	.text.Write_I2C,"ax",%progbits
  75              		.align	2
  76              		.global	Write_I2C
  77              		.thumb
  78              		.thumb_func
  79              		.type	Write_I2C, %function
  80              	Write_I2C:
  81              	.LFB65:
  52:main.c        **** 
  53:main.c        **** void Write_I2C(unsigned char BusAddress , unsigned char reg , unsigned char data)
  54:main.c        **** {
  82              		.loc 1 54 0
  83              		.cfi_startproc
  84              		@ args = 0, pretend = 0, frame = 0
  85              		@ frame_needed = 0, uses_anonymous_args = 0
  86              	.LVL9:
  87 0000 38B5     		push	{r3, r4, r5, lr}
  88              		.cfi_def_cfa_offset 16
  89              		.cfi_offset 3, -16
  90              		.cfi_offset 4, -12
  91              		.cfi_offset 5, -8
  92              		.cfi_offset 14, -4
  93 0002 0D46     		mov	r5, r1
  94 0004 1446     		mov	r4, r2
  55:main.c        ****     I2C_MasterSendStart(BusAddress,I2C_WRITE_XFER_MODE);     // Initialize a transaction for writin
  95              		.loc 1 55 0
  96 0006 0021     		movs	r1, #0
  97              	.LVL10:
  98 0008 FFF7FEFF 		bl	I2C_MasterSendStart
  99              	.LVL11:
  56:main.c        ****     I2C_MasterWriteByte(reg);                                // Indicate which register you want to
 100              		.loc 1 56 0
 101 000c 2846     		mov	r0, r5
 102 000e FFF7FEFF 		bl	I2C_MasterWriteByte
 103              	.LVL12:
  57:main.c        ****     I2C_MasterWriteByte(data);                              // Write to register
 104              		.loc 1 57 0
 105 0012 2046     		mov	r0, r4
 106 0014 FFF7FEFF 		bl	I2C_MasterWriteByte
 107              	.LVL13:
  58:main.c        ****     I2C_MasterSendStop();                                   // End of transaction
 108              		.loc 1 58 0
 109 0018 FFF7FEFF 		bl	I2C_MasterSendStop
 110              	.LVL14:
 111 001c 38BD     		pop	{r3, r4, r5, pc}
 112              		.cfi_endproc
 113              	.LFE65:
ARM GAS  C:\Users\OLEKSA~1\AppData\Local\Temp\cchGH56P.s 			page 4


 114              		.size	Write_I2C, .-Write_I2C
 115 001e 00BF     		.section	.text.ADXL345_Init,"ax",%progbits
 116              		.align	2
 117              		.global	ADXL345_Init
 118              		.thumb
 119              		.thumb_func
 120              		.type	ADXL345_Init, %function
 121              	ADXL345_Init:
 122              	.LFB66:
  59:main.c        **** }
  60:main.c        **** 
  61:main.c        **** void ADXL345_Init(void)
  62:main.c        **** {
 123              		.loc 1 62 0
 124              		.cfi_startproc
 125              		@ args = 0, pretend = 0, frame = 0
 126              		@ frame_needed = 0, uses_anonymous_args = 0
 127 0000 08B5     		push	{r3, lr}
 128              		.cfi_def_cfa_offset 8
 129              		.cfi_offset 3, -8
 130              		.cfi_offset 14, -4
  63:main.c        ****     CyDelay(2u);
 131              		.loc 1 63 0
 132 0002 0220     		movs	r0, #2
 133 0004 FFF7FEFF 		bl	CyDelay
 134              	.LVL15:
  64:main.c        ****     Write_I2C(ADXL345_Addr,RA_BW_RATE, 0x09);       //  50 Hz
 135              		.loc 1 64 0
 136 0008 0922     		movs	r2, #9
 137 000a 2C21     		movs	r1, #44
 138 000c 5320     		movs	r0, #83
 139 000e FFF7FEFF 		bl	Write_I2C
 140              	.LVL16:
  65:main.c        ****     Write_I2C(ADXL345_Addr,RA_DATA_FORMAT, 0x0);   //  +/-2g , 10-BIT MODE
 141              		.loc 1 65 0
 142 0012 0022     		movs	r2, #0
 143 0014 3121     		movs	r1, #49
 144 0016 5320     		movs	r0, #83
 145 0018 FFF7FEFF 		bl	Write_I2C
 146              	.LVL17:
  66:main.c        ****     Write_I2C(ADXL345_Addr,RA_POWER_CTL, 0x08);     //  START MEASUREMENT
 147              		.loc 1 66 0
 148 001c 0822     		movs	r2, #8
 149 001e 2D21     		movs	r1, #45
 150 0020 5320     		movs	r0, #83
 151 0022 FFF7FEFF 		bl	Write_I2C
 152              	.LVL18:
  67:main.c        ****     CyDelay(2u);
 153              		.loc 1 67 0
 154 0026 0220     		movs	r0, #2
 155 0028 FFF7FEFF 		bl	CyDelay
 156              	.LVL19:
 157 002c 08BD     		pop	{r3, pc}
 158              		.cfi_endproc
 159              	.LFE66:
 160              		.size	ADXL345_Init, .-ADXL345_Init
 161              		.global	__aeabi_i2f
ARM GAS  C:\Users\OLEKSA~1\AppData\Local\Temp\cchGH56P.s 			page 5


 162              		.global	__aeabi_fmul
 163              		.global	__aeabi_fdiv
 164 002e 00BF     		.section	.text.Get_Accel_Values,"ax",%progbits
 165              		.align	2
 166              		.global	Get_Accel_Values
 167              		.thumb
 168              		.thumb_func
 169              		.type	Get_Accel_Values, %function
 170              	Get_Accel_Values:
 171              	.LFB67:
  68:main.c        **** }
  69:main.c        **** 
  70:main.c        **** void Get_Accel_Values(void)
  71:main.c        **** {
 172              		.loc 1 71 0
 173              		.cfi_startproc
 174              		@ args = 0, pretend = 0, frame = 0
 175              		@ frame_needed = 0, uses_anonymous_args = 0
 176 0000 70B5     		push	{r4, r5, r6, lr}
 177              		.cfi_def_cfa_offset 16
 178              		.cfi_offset 4, -16
 179              		.cfi_offset 5, -12
 180              		.cfi_offset 6, -8
 181              		.cfi_offset 14, -4
  72:main.c        ****     x = ((Read_I2C(ADXL345_Addr, RA_DATAX1) << 8) | Read_I2C(ADXL345_Addr, RA_DATAX0)); 
 182              		.loc 1 72 0
 183 0002 3321     		movs	r1, #51
 184 0004 5320     		movs	r0, #83
 185 0006 FFF7FEFF 		bl	Read_I2C
 186              	.LVL20:
 187 000a 0402     		lsls	r4, r0, #8
 188 000c 3221     		movs	r1, #50
 189 000e 5320     		movs	r0, #83
 190 0010 FFF7FEFF 		bl	Read_I2C
 191              	.LVL21:
 192 0014 1F4D     		ldr	r5, .L9
 193 0016 2043     		orrs	r0, r0, r4
 194 0018 2880     		strh	r0, [r5]	@ movhi
  73:main.c        ****     y = ((Read_I2C(ADXL345_Addr, RA_DATAY1) << 8) | Read_I2C(ADXL345_Addr, RA_DATAY0)); 
 195              		.loc 1 73 0
 196 001a 3521     		movs	r1, #53
 197 001c 5320     		movs	r0, #83
 198 001e FFF7FEFF 		bl	Read_I2C
 199              	.LVL22:
 200 0022 0402     		lsls	r4, r0, #8
 201 0024 3421     		movs	r1, #52
 202 0026 5320     		movs	r0, #83
 203 0028 FFF7FEFF 		bl	Read_I2C
 204              	.LVL23:
 205 002c 1A4E     		ldr	r6, .L9+4
 206 002e 2043     		orrs	r0, r0, r4
 207 0030 3080     		strh	r0, [r6]	@ movhi
  74:main.c        ****     z = ((Read_I2C(ADXL345_Addr, RA_DATAZ1) << 8) | Read_I2C(ADXL345_Addr, RA_DATAZ0)); 
 208              		.loc 1 74 0
 209 0032 3721     		movs	r1, #55
 210 0034 5320     		movs	r0, #83
 211 0036 FFF7FEFF 		bl	Read_I2C
ARM GAS  C:\Users\OLEKSA~1\AppData\Local\Temp\cchGH56P.s 			page 6


 212              	.LVL24:
 213 003a 0402     		lsls	r4, r0, #8
 214 003c 3621     		movs	r1, #54
 215 003e 5320     		movs	r0, #83
 216 0040 FFF7FEFF 		bl	Read_I2C
 217              	.LVL25:
 218 0044 2043     		orrs	r0, r0, r4
 219 0046 04B2     		sxth	r4, r0
 220 0048 144B     		ldr	r3, .L9+8
 221 004a 1C80     		strh	r4, [r3]	@ movhi
  75:main.c        ****     
  76:main.c        ****     xg = SCALE_FACTOR * (float)x / 1000.0;
 222              		.loc 1 76 0
 223 004c B5F90000 		ldrsh	r0, [r5]
 224 0050 FFF7FEFF 		bl	__aeabi_i2f
 225              	.LVL26:
 226 0054 1249     		ldr	r1, .L9+12
 227 0056 FFF7FEFF 		bl	__aeabi_fmul
 228              	.LVL27:
 229 005a 1249     		ldr	r1, .L9+16
 230 005c FFF7FEFF 		bl	__aeabi_fdiv
 231              	.LVL28:
 232 0060 114B     		ldr	r3, .L9+20
 233 0062 1860     		str	r0, [r3]	@ float
  77:main.c        ****     yg = SCALE_FACTOR * (float)y / 1000.0;
 234              		.loc 1 77 0
 235 0064 B6F90000 		ldrsh	r0, [r6]
 236 0068 FFF7FEFF 		bl	__aeabi_i2f
 237              	.LVL29:
 238 006c 0C49     		ldr	r1, .L9+12
 239 006e FFF7FEFF 		bl	__aeabi_fmul
 240              	.LVL30:
 241 0072 0C49     		ldr	r1, .L9+16
 242 0074 FFF7FEFF 		bl	__aeabi_fdiv
 243              	.LVL31:
 244 0078 0C4B     		ldr	r3, .L9+24
 245 007a 1860     		str	r0, [r3]	@ float
  78:main.c        ****     zg = SCALE_FACTOR * (float)z / 1000.0;   
 246              		.loc 1 78 0
 247 007c 2046     		mov	r0, r4
 248 007e FFF7FEFF 		bl	__aeabi_i2f
 249              	.LVL32:
 250 0082 0749     		ldr	r1, .L9+12
 251 0084 FFF7FEFF 		bl	__aeabi_fmul
 252              	.LVL33:
 253 0088 0649     		ldr	r1, .L9+16
 254 008a FFF7FEFF 		bl	__aeabi_fdiv
 255              	.LVL34:
 256 008e 084B     		ldr	r3, .L9+28
 257 0090 1860     		str	r0, [r3]	@ float
 258 0092 70BD     		pop	{r4, r5, r6, pc}
 259              	.L10:
 260              		.align	2
 261              	.L9:
 262 0094 00000000 		.word	x
 263 0098 00000000 		.word	y
 264 009c 00000000 		.word	z
ARM GAS  C:\Users\OLEKSA~1\AppData\Local\Temp\cchGH56P.s 			page 7


 265 00a0 9A997940 		.word	1081711002
 266 00a4 00007A44 		.word	1148846080
 267 00a8 00000000 		.word	xg
 268 00ac 00000000 		.word	yg
 269 00b0 00000000 		.word	zg
 270              		.cfi_endproc
 271              	.LFE67:
 272              		.size	Get_Accel_Values, .-Get_Accel_Values
 273              		.global	__aeabi_f2uiz
 274              		.section	.text.Offset_Calibration,"ax",%progbits
 275              		.align	2
 276              		.global	Offset_Calibration
 277              		.thumb
 278              		.thumb_func
 279              		.type	Offset_Calibration, %function
 280              	Offset_Calibration:
 281              	.LFB68:
  79:main.c        **** }
  80:main.c        **** 
  81:main.c        **** void Offset_Calibration(void)
  82:main.c        **** {
 282              		.loc 1 82 0
 283              		.cfi_startproc
 284              		@ args = 0, pretend = 0, frame = 0
 285              		@ frame_needed = 0, uses_anonymous_args = 0
 286 0000 38B5     		push	{r3, r4, r5, lr}
 287              		.cfi_def_cfa_offset 16
 288              		.cfi_offset 3, -16
 289              		.cfi_offset 4, -12
 290              		.cfi_offset 5, -8
 291              		.cfi_offset 14, -4
  83:main.c        ****     cal_X = -1 * ((Read_I2C(ADXL345_Addr, RA_DATAX1) << 8) | Read_I2C(ADXL345_Addr, RA_DATAX0));
 292              		.loc 1 83 0
 293 0002 3321     		movs	r1, #51
 294 0004 5320     		movs	r0, #83
 295 0006 FFF7FEFF 		bl	Read_I2C
 296              	.LVL35:
 297 000a 0402     		lsls	r4, r0, #8
 298 000c 3221     		movs	r1, #50
 299 000e 5320     		movs	r0, #83
 300 0010 FFF7FEFF 		bl	Read_I2C
 301              	.LVL36:
 302 0014 2043     		orrs	r0, r0, r4
 303 0016 1D4C     		ldr	r4, .L13
 304 0018 4042     		negs	r0, r0
 305 001a FFF7FEFF 		bl	__aeabi_i2f
 306              	.LVL37:
 307 001e 2060     		str	r0, [r4]	@ float
  84:main.c        ****     cal_Y = -1 * ((Read_I2C(ADXL345_Addr, RA_DATAY1) << 8) | Read_I2C(ADXL345_Addr, RA_DATAY0));
 308              		.loc 1 84 0
 309 0020 3521     		movs	r1, #53
 310 0022 5320     		movs	r0, #83
 311 0024 FFF7FEFF 		bl	Read_I2C
 312              	.LVL38:
 313 0028 0502     		lsls	r5, r0, #8
 314 002a 3421     		movs	r1, #52
 315 002c 5320     		movs	r0, #83
ARM GAS  C:\Users\OLEKSA~1\AppData\Local\Temp\cchGH56P.s 			page 8


 316 002e FFF7FEFF 		bl	Read_I2C
 317              	.LVL39:
 318 0032 2843     		orrs	r0, r0, r5
 319 0034 4042     		negs	r0, r0
 320 0036 FFF7FEFF 		bl	__aeabi_i2f
 321              	.LVL40:
 322 003a 6060     		str	r0, [r4, #4]	@ float
  85:main.c        ****     cal_Z = -1 * ((Read_I2C(ADXL345_Addr, RA_DATAZ1) << 8) | Read_I2C(ADXL345_Addr, RA_DATAZ0));
 323              		.loc 1 85 0
 324 003c 3721     		movs	r1, #55
 325 003e 5320     		movs	r0, #83
 326 0040 FFF7FEFF 		bl	Read_I2C
 327              	.LVL41:
 328 0044 0502     		lsls	r5, r0, #8
 329 0046 3621     		movs	r1, #54
 330 0048 5320     		movs	r0, #83
 331 004a FFF7FEFF 		bl	Read_I2C
 332              	.LVL42:
 333 004e 2843     		orrs	r0, r0, r5
 334 0050 4042     		negs	r0, r0
 335 0052 FFF7FEFF 		bl	__aeabi_i2f
 336              	.LVL43:
 337 0056 A060     		str	r0, [r4, #8]	@ float
  86:main.c        ****     
  87:main.c        ****     Write_I2C(ADXL345_Addr, RA_OFSX, cal_X);
 338              		.loc 1 87 0
 339 0058 2068     		ldr	r0, [r4]	@ float
 340 005a FFF7FEFF 		bl	__aeabi_f2uiz
 341              	.LVL44:
 342 005e C2B2     		uxtb	r2, r0
 343 0060 1E21     		movs	r1, #30
 344 0062 5320     		movs	r0, #83
 345 0064 FFF7FEFF 		bl	Write_I2C
 346              	.LVL45:
  88:main.c        ****     Write_I2C(ADXL345_Addr, RA_OFSY, cal_Y);
 347              		.loc 1 88 0
 348 0068 6068     		ldr	r0, [r4, #4]	@ float
 349 006a FFF7FEFF 		bl	__aeabi_f2uiz
 350              	.LVL46:
 351 006e C2B2     		uxtb	r2, r0
 352 0070 1F21     		movs	r1, #31
 353 0072 5320     		movs	r0, #83
 354 0074 FFF7FEFF 		bl	Write_I2C
 355              	.LVL47:
  89:main.c        ****     Write_I2C(ADXL345_Addr, RA_OFSZ, cal_Z);
 356              		.loc 1 89 0
 357 0078 A068     		ldr	r0, [r4, #8]	@ float
 358 007a FFF7FEFF 		bl	__aeabi_f2uiz
 359              	.LVL48:
 360 007e C2B2     		uxtb	r2, r0
 361 0080 2021     		movs	r1, #32
 362 0082 5320     		movs	r0, #83
 363 0084 FFF7FEFF 		bl	Write_I2C
 364              	.LVL49:
 365 0088 38BD     		pop	{r3, r4, r5, pc}
 366              	.L14:
 367 008a 00BF     		.align	2
ARM GAS  C:\Users\OLEKSA~1\AppData\Local\Temp\cchGH56P.s 			page 9


 368              	.L13:
 369 008c 00000000 		.word	.LANCHOR0
 370              		.cfi_endproc
 371              	.LFE68:
 372              		.size	Offset_Calibration, .-Offset_Calibration
 373              		.global	__aeabi_f2d
 374              		.section	.text.main,"ax",%progbits
 375              		.align	2
 376              		.global	main
 377              		.thumb
 378              		.thumb_func
 379              		.type	main, %function
 380              	main:
 381              	.LFB69:
  90:main.c        **** }
  91:main.c        **** 
  92:main.c        **** int main()
  93:main.c        **** {    
 382              		.loc 1 93 0
 383              		.cfi_startproc
 384              		@ Volatile: function does not return.
 385              		@ args = 0, pretend = 0, frame = 0
 386              		@ frame_needed = 0, uses_anonymous_args = 0
 387 0000 08B5     		push	{r3, lr}
 388              		.cfi_def_cfa_offset 8
 389              		.cfi_offset 3, -8
 390              		.cfi_offset 14, -4
  94:main.c        ****     CyGlobalIntEnable; /* Enable global interrupts. */
 391              		.loc 1 94 0
 392              		.syntax unified
 393              	@ 94 "main.c" 1
 394 0002 62B6     		CPSIE   i
 395              	@ 0 "" 2
  95:main.c        **** 
  96:main.c        ****     I2C_Start();
 396              		.loc 1 96 0
 397              		.thumb
 398              		.syntax unified
 399 0004 FFF7FEFF 		bl	I2C_Start
 400              	.LVL50:
  97:main.c        ****     UART_Start();
 401              		.loc 1 97 0
 402 0008 FFF7FEFF 		bl	UART_Start
 403              	.LVL51:
  98:main.c        ****     LCD_Init();
 404              		.loc 1 98 0
 405 000c FFF7FEFF 		bl	LCD_Init
 406              	.LVL52:
  99:main.c        ****     
 100:main.c        ****     ADXL345_Init();
 407              		.loc 1 100 0
 408 0010 FFF7FEFF 		bl	ADXL345_Init
 409              	.LVL53:
 101:main.c        ****     //Offset_Calibration();
 102:main.c        ****     
 103:main.c        ****     UART_PutString("***ADXL345***");
 410              		.loc 1 103 0
ARM GAS  C:\Users\OLEKSA~1\AppData\Local\Temp\cchGH56P.s 			page 10


 411 0014 3348     		ldr	r0, .L18
 412 0016 FFF7FEFF 		bl	UART_PutString
 413              	.LVL54:
 104:main.c        ****     UART_PutString("\r\n");
 414              		.loc 1 104 0
 415 001a 3348     		ldr	r0, .L18+4
 416 001c FFF7FEFF 		bl	UART_PutString
 417              	.LVL55:
 418              	.L16:
 105:main.c        ****     
 106:main.c        ****     for(;;)
 107:main.c        ****     {
 108:main.c        ****         Get_Accel_Values();
 419              		.loc 1 108 0 discriminator 1
 420 0020 FFF7FEFF 		bl	Get_Accel_Values
 421              	.LVL56:
 109:main.c        ****         
 110:main.c        ****         LCD_Position(0, 0);
 422              		.loc 1 110 0 discriminator 1
 423 0024 0021     		movs	r1, #0
 424 0026 0846     		mov	r0, r1
 425 0028 FFF7FEFF 		bl	LCD_Position
 426              	.LVL57:
 111:main.c        **** 
 112:main.c        ****         sprintf(buffer,"X: %3d   ", x);
 427              		.loc 1 112 0 discriminator 1
 428 002c 2F4C     		ldr	r4, .L18+8
 429 002e 304B     		ldr	r3, .L18+12
 430 0030 B3F90020 		ldrsh	r2, [r3]
 431 0034 2F49     		ldr	r1, .L18+16
 432 0036 2046     		mov	r0, r4
 433 0038 FFF7FEFF 		bl	sprintf
 434              	.LVL58:
 113:main.c        ****         UART_PutString(buffer);
 435              		.loc 1 113 0 discriminator 1
 436 003c 2046     		mov	r0, r4
 437 003e FFF7FEFF 		bl	UART_PutString
 438              	.LVL59:
 114:main.c        ****         LCD_PrintString(buffer);
 439              		.loc 1 114 0 discriminator 1
 440 0042 2046     		mov	r0, r4
 441 0044 FFF7FEFF 		bl	LCD_PrintString
 442              	.LVL60:
 115:main.c        **** 
 116:main.c        ****         sprintf(buffer,"Y: %3d   ", y);
 443              		.loc 1 116 0 discriminator 1
 444 0048 2B4B     		ldr	r3, .L18+20
 445 004a B3F90020 		ldrsh	r2, [r3]
 446 004e 2B49     		ldr	r1, .L18+24
 447 0050 2046     		mov	r0, r4
 448 0052 FFF7FEFF 		bl	sprintf
 449              	.LVL61:
 117:main.c        ****         UART_PutString(buffer);
 450              		.loc 1 117 0 discriminator 1
 451 0056 2046     		mov	r0, r4
 452 0058 FFF7FEFF 		bl	UART_PutString
 453              	.LVL62:
ARM GAS  C:\Users\OLEKSA~1\AppData\Local\Temp\cchGH56P.s 			page 11


 118:main.c        ****         LCD_PrintString(buffer);
 454              		.loc 1 118 0 discriminator 1
 455 005c 2046     		mov	r0, r4
 456 005e FFF7FEFF 		bl	LCD_PrintString
 457              	.LVL63:
 119:main.c        ****         
 120:main.c        ****         LCD_Position(1, 0);
 458              		.loc 1 120 0 discriminator 1
 459 0062 0021     		movs	r1, #0
 460 0064 0120     		movs	r0, #1
 461 0066 FFF7FEFF 		bl	LCD_Position
 462              	.LVL64:
 121:main.c        **** 
 122:main.c        ****         sprintf(buffer,"Z: %3d   ", z);
 463              		.loc 1 122 0 discriminator 1
 464 006a 254B     		ldr	r3, .L18+28
 465 006c B3F90020 		ldrsh	r2, [r3]
 466 0070 2449     		ldr	r1, .L18+32
 467 0072 2046     		mov	r0, r4
 468 0074 FFF7FEFF 		bl	sprintf
 469              	.LVL65:
 123:main.c        ****         UART_PutString(buffer);
 470              		.loc 1 123 0 discriminator 1
 471 0078 2046     		mov	r0, r4
 472 007a FFF7FEFF 		bl	UART_PutString
 473              	.LVL66:
 124:main.c        ****         LCD_PrintString(buffer);
 474              		.loc 1 124 0 discriminator 1
 475 007e 2046     		mov	r0, r4
 476 0080 FFF7FEFF 		bl	LCD_PrintString
 477              	.LVL67:
 125:main.c        ****         
 126:main.c        ****         sprintf(buffer,"Xg: %.2f   ", xg);
 478              		.loc 1 126 0 discriminator 1
 479 0084 204B     		ldr	r3, .L18+36
 480 0086 1868     		ldr	r0, [r3]	@ float
 481 0088 FFF7FEFF 		bl	__aeabi_f2d
 482              	.LVL68:
 483 008c 0246     		mov	r2, r0
 484 008e 0B46     		mov	r3, r1
 485 0090 1E49     		ldr	r1, .L18+40
 486 0092 2046     		mov	r0, r4
 487 0094 FFF7FEFF 		bl	sprintf
 488              	.LVL69:
 127:main.c        ****         UART_PutString(buffer);
 489              		.loc 1 127 0 discriminator 1
 490 0098 2046     		mov	r0, r4
 491 009a FFF7FEFF 		bl	UART_PutString
 492              	.LVL70:
 128:main.c        **** 
 129:main.c        ****         sprintf(buffer,"Yg: %.2f   ", yg);
 493              		.loc 1 129 0 discriminator 1
 494 009e 1C4B     		ldr	r3, .L18+44
 495 00a0 1868     		ldr	r0, [r3]	@ float
 496 00a2 FFF7FEFF 		bl	__aeabi_f2d
 497              	.LVL71:
 498 00a6 0246     		mov	r2, r0
ARM GAS  C:\Users\OLEKSA~1\AppData\Local\Temp\cchGH56P.s 			page 12


 499 00a8 0B46     		mov	r3, r1
 500 00aa 1A49     		ldr	r1, .L18+48
 501 00ac 2046     		mov	r0, r4
 502 00ae FFF7FEFF 		bl	sprintf
 503              	.LVL72:
 130:main.c        ****         UART_PutString(buffer);
 504              		.loc 1 130 0 discriminator 1
 505 00b2 2046     		mov	r0, r4
 506 00b4 FFF7FEFF 		bl	UART_PutString
 507              	.LVL73:
 131:main.c        **** 
 132:main.c        ****         sprintf(buffer,"Zg: %.2f   ", zg);
 508              		.loc 1 132 0 discriminator 1
 509 00b8 174B     		ldr	r3, .L18+52
 510 00ba 1868     		ldr	r0, [r3]	@ float
 511 00bc FFF7FEFF 		bl	__aeabi_f2d
 512              	.LVL74:
 513 00c0 0246     		mov	r2, r0
 514 00c2 0B46     		mov	r3, r1
 515 00c4 1549     		ldr	r1, .L18+56
 516 00c6 2046     		mov	r0, r4
 517 00c8 FFF7FEFF 		bl	sprintf
 518              	.LVL75:
 133:main.c        ****         UART_PutString(buffer);
 519              		.loc 1 133 0 discriminator 1
 520 00cc 2046     		mov	r0, r4
 521 00ce FFF7FEFF 		bl	UART_PutString
 522              	.LVL76:
 134:main.c        ****         
 135:main.c        ****         UART_PutString("\r\n");
 523              		.loc 1 135 0 discriminator 1
 524 00d2 0548     		ldr	r0, .L18+4
 525 00d4 FFF7FEFF 		bl	UART_PutString
 526              	.LVL77:
 136:main.c        ****         
 137:main.c        ****         CyDelay(500);
 527              		.loc 1 137 0 discriminator 1
 528 00d8 4FF4FA70 		mov	r0, #500
 529 00dc FFF7FEFF 		bl	CyDelay
 530              	.LVL78:
 531 00e0 9EE7     		b	.L16
 532              	.L19:
 533 00e2 00BF     		.align	2
 534              	.L18:
 535 00e4 00000000 		.word	.LC0
 536 00e8 10000000 		.word	.LC1
 537 00ec 00000000 		.word	buffer
 538 00f0 00000000 		.word	x
 539 00f4 14000000 		.word	.LC2
 540 00f8 00000000 		.word	y
 541 00fc 20000000 		.word	.LC3
 542 0100 00000000 		.word	z
 543 0104 2C000000 		.word	.LC4
 544 0108 00000000 		.word	xg
 545 010c 38000000 		.word	.LC5
 546 0110 00000000 		.word	yg
 547 0114 44000000 		.word	.LC6
ARM GAS  C:\Users\OLEKSA~1\AppData\Local\Temp\cchGH56P.s 			page 13


 548 0118 00000000 		.word	zg
 549 011c 50000000 		.word	.LC7
 550              		.cfi_endproc
 551              	.LFE69:
 552              		.size	main, .-main
 553              		.comm	zg,4,4
 554              		.comm	yg,4,4
 555              		.comm	xg,4,4
 556              		.comm	z,2,2
 557              		.comm	y,2,2
 558              		.comm	x,2,2
 559              		.comm	buffer,50,4
 560              		.global	cal_Z
 561              		.global	cal_Y
 562              		.global	cal_X
 563              		.section	.rodata.str1.4,"aMS",%progbits,1
 564              		.align	2
 565              	.LC0:
 566 0000 2A2A2A41 		.ascii	"***ADXL345***\000"
 566      44584C33 
 566      34352A2A 
 566      2A00
 567 000e 0000     		.space	2
 568              	.LC1:
 569 0010 0D0A00   		.ascii	"\015\012\000"
 570 0013 00       		.space	1
 571              	.LC2:
 572 0014 583A2025 		.ascii	"X: %3d   \000"
 572      33642020 
 572      2000
 573 001e 0000     		.space	2
 574              	.LC3:
 575 0020 593A2025 		.ascii	"Y: %3d   \000"
 575      33642020 
 575      2000
 576 002a 0000     		.space	2
 577              	.LC4:
 578 002c 5A3A2025 		.ascii	"Z: %3d   \000"
 578      33642020 
 578      2000
 579 0036 0000     		.space	2
 580              	.LC5:
 581 0038 58673A20 		.ascii	"Xg: %.2f   \000"
 581      252E3266 
 581      20202000 
 582              	.LC6:
 583 0044 59673A20 		.ascii	"Yg: %.2f   \000"
 583      252E3266 
 583      20202000 
 584              	.LC7:
 585 0050 5A673A20 		.ascii	"Zg: %.2f   \000"
 585      252E3266 
 585      20202000 
 586              		.bss
 587              		.align	2
 588              		.set	.LANCHOR0,. + 0
 589              		.type	cal_X, %object
ARM GAS  C:\Users\OLEKSA~1\AppData\Local\Temp\cchGH56P.s 			page 14


 590              		.size	cal_X, 4
 591              	cal_X:
 592 0000 00000000 		.space	4
 593              		.type	cal_Y, %object
 594              		.size	cal_Y, 4
 595              	cal_Y:
 596 0004 00000000 		.space	4
 597              		.type	cal_Z, %object
 598              		.size	cal_Z, 4
 599              	cal_Z:
 600 0008 00000000 		.space	4
 601              		.text
 602              	.Letext0:
 603              		.file 2 "c:\\program files (x86)\\cypress\\psoc creator\\4.4\\psoc creator\\import\\gnu\\arm\\5.4.
 604              		.file 3 "c:\\program files (x86)\\cypress\\psoc creator\\4.4\\psoc creator\\import\\gnu\\arm\\5.4.
 605              		.file 4 "Generated_Source\\PSoC5/cytypes.h"
 606              		.file 5 "Generated_Source\\PSoC5/core_cm3.h"
 607              		.file 6 "Generated_Source\\PSoC5/I2C.h"
 608              		.file 7 "Generated_Source\\PSoC5/CyLib.h"
 609              		.file 8 "Generated_Source\\PSoC5/UART.h"
 610              		.file 9 "Generated_Source\\PSoC5/LCD.h"
 611              		.file 10 "c:\\program files (x86)\\cypress\\psoc creator\\4.4\\psoc creator\\import\\gnu\\arm\\5.4
 612              		.section	.debug_info,"",%progbits
 613              	.Ldebug_info0:
 614 0000 AB070000 		.4byte	0x7ab
 615 0004 0400     		.2byte	0x4
 616 0006 00000000 		.4byte	.Ldebug_abbrev0
 617 000a 04       		.byte	0x4
 618 000b 01       		.uleb128 0x1
 619 000c 5B000000 		.4byte	.LASF43
 620 0010 0C       		.byte	0xc
 621 0011 DA010000 		.4byte	.LASF44
 622 0015 1D020000 		.4byte	.LASF45
 623 0019 00000000 		.4byte	.Ldebug_ranges0+0
 624 001d 00000000 		.4byte	0
 625 0021 00000000 		.4byte	.Ldebug_line0
 626 0025 02       		.uleb128 0x2
 627 0026 01       		.byte	0x1
 628 0027 06       		.byte	0x6
 629 0028 9A020000 		.4byte	.LASF0
 630 002c 02       		.uleb128 0x2
 631 002d 01       		.byte	0x1
 632 002e 08       		.byte	0x8
 633 002f 4D000000 		.4byte	.LASF1
 634 0033 02       		.uleb128 0x2
 635 0034 02       		.byte	0x2
 636 0035 05       		.byte	0x5
 637 0036 13020000 		.4byte	.LASF2
 638 003a 02       		.uleb128 0x2
 639 003b 02       		.byte	0x2
 640 003c 07       		.byte	0x7
 641 003d 10000000 		.4byte	.LASF3
 642 0041 03       		.uleb128 0x3
 643 0042 00000000 		.4byte	.LASF9
 644 0046 02       		.byte	0x2
 645 0047 3F       		.byte	0x3f
 646 0048 4C000000 		.4byte	0x4c
ARM GAS  C:\Users\OLEKSA~1\AppData\Local\Temp\cchGH56P.s 			page 15


 647 004c 02       		.uleb128 0x2
 648 004d 04       		.byte	0x4
 649 004e 05       		.byte	0x5
 650 004f 7B020000 		.4byte	.LASF4
 651 0053 02       		.uleb128 0x2
 652 0054 04       		.byte	0x4
 653 0055 07       		.byte	0x7
 654 0056 EF000000 		.4byte	.LASF5
 655 005a 02       		.uleb128 0x2
 656 005b 08       		.byte	0x8
 657 005c 05       		.byte	0x5
 658 005d CC010000 		.4byte	.LASF6
 659 0061 02       		.uleb128 0x2
 660 0062 08       		.byte	0x8
 661 0063 07       		.byte	0x7
 662 0064 8A010000 		.4byte	.LASF7
 663 0068 04       		.uleb128 0x4
 664 0069 04       		.byte	0x4
 665 006a 05       		.byte	0x5
 666 006b 696E7400 		.ascii	"int\000"
 667 006f 02       		.uleb128 0x2
 668 0070 04       		.byte	0x4
 669 0071 07       		.byte	0x7
 670 0072 7D010000 		.4byte	.LASF8
 671 0076 03       		.uleb128 0x3
 672 0077 2D000000 		.4byte	.LASF10
 673 007b 03       		.byte	0x3
 674 007c 2C       		.byte	0x2c
 675 007d 41000000 		.4byte	0x41
 676 0081 05       		.uleb128 0x5
 677 0082 E9000000 		.4byte	.LASF11
 678 0086 04       		.byte	0x4
 679 0087 EC01     		.2byte	0x1ec
 680 0089 33000000 		.4byte	0x33
 681 008d 02       		.uleb128 0x2
 682 008e 04       		.byte	0x4
 683 008f 04       		.byte	0x4
 684 0090 42000000 		.4byte	.LASF12
 685 0094 02       		.uleb128 0x2
 686 0095 08       		.byte	0x8
 687 0096 04       		.byte	0x4
 688 0097 41010000 		.4byte	.LASF13
 689 009b 02       		.uleb128 0x2
 690 009c 01       		.byte	0x1
 691 009d 08       		.byte	0x8
 692 009e E1010000 		.4byte	.LASF14
 693 00a2 02       		.uleb128 0x2
 694 00a3 08       		.byte	0x8
 695 00a4 04       		.byte	0x4
 696 00a5 B7010000 		.4byte	.LASF15
 697 00a9 02       		.uleb128 0x2
 698 00aa 04       		.byte	0x4
 699 00ab 07       		.byte	0x7
 700 00ac C3010000 		.4byte	.LASF16
 701 00b0 06       		.uleb128 0x6
 702 00b1 01010000 		.4byte	.LASF23
 703 00b5 01       		.byte	0x1
ARM GAS  C:\Users\OLEKSA~1\AppData\Local\Temp\cchGH56P.s 			page 16


 704 00b6 25       		.byte	0x25
 705 00b7 2C000000 		.4byte	0x2c
 706 00bb 00000000 		.4byte	.LFB64
 707 00bf 30000000 		.4byte	.LFE64-.LFB64
 708 00c3 01       		.uleb128 0x1
 709 00c4 9C       		.byte	0x9c
 710 00c5 6A010000 		.4byte	0x16a
 711 00c9 07       		.uleb128 0x7
 712 00ca 36010000 		.4byte	.LASF17
 713 00ce 01       		.byte	0x1
 714 00cf 25       		.byte	0x25
 715 00d0 2C000000 		.4byte	0x2c
 716 00d4 00000000 		.4byte	.LLST0
 717 00d8 08       		.uleb128 0x8
 718 00d9 72656700 		.ascii	"reg\000"
 719 00dd 01       		.byte	0x1
 720 00de 25       		.byte	0x25
 721 00df 2C000000 		.4byte	0x2c
 722 00e3 21000000 		.4byte	.LLST1
 723 00e7 09       		.uleb128 0x9
 724 00e8 48000000 		.4byte	.LASF18
 725 00ec 01       		.byte	0x1
 726 00ed 27       		.byte	0x27
 727 00ee 2C000000 		.4byte	0x2c
 728 00f2 01       		.uleb128 0x1
 729 00f3 54       		.byte	0x54
 730 00f4 0A       		.uleb128 0xa
 731 00f5 0C000000 		.4byte	.LVL2
 732 00f9 1F070000 		.4byte	0x71f
 733 00fd 0D010000 		.4byte	0x10d
 734 0101 0B       		.uleb128 0xb
 735 0102 01       		.uleb128 0x1
 736 0103 50       		.byte	0x50
 737 0104 02       		.uleb128 0x2
 738 0105 74       		.byte	0x74
 739 0106 00       		.sleb128 0
 740 0107 0B       		.uleb128 0xb
 741 0108 01       		.uleb128 0x1
 742 0109 51       		.byte	0x51
 743 010a 01       		.uleb128 0x1
 744 010b 30       		.byte	0x30
 745 010c 00       		.byte	0
 746 010d 0A       		.uleb128 0xa
 747 010e 12000000 		.4byte	.LVL3
 748 0112 2A070000 		.4byte	0x72a
 749 0116 21010000 		.4byte	0x121
 750 011a 0B       		.uleb128 0xb
 751 011b 01       		.uleb128 0x1
 752 011c 50       		.byte	0x50
 753 011d 02       		.uleb128 0x2
 754 011e 75       		.byte	0x75
 755 011f 00       		.sleb128 0
 756 0120 00       		.byte	0
 757 0121 0A       		.uleb128 0xa
 758 0122 1A000000 		.4byte	.LVL4
 759 0126 35070000 		.4byte	0x735
 760 012a 3A010000 		.4byte	0x13a
ARM GAS  C:\Users\OLEKSA~1\AppData\Local\Temp\cchGH56P.s 			page 17


 761 012e 0B       		.uleb128 0xb
 762 012f 01       		.uleb128 0x1
 763 0130 50       		.byte	0x50
 764 0131 02       		.uleb128 0x2
 765 0132 74       		.byte	0x74
 766 0133 00       		.sleb128 0
 767 0134 0B       		.uleb128 0xb
 768 0135 01       		.uleb128 0x1
 769 0136 51       		.byte	0x51
 770 0137 01       		.uleb128 0x1
 771 0138 31       		.byte	0x31
 772 0139 00       		.byte	0
 773 013a 0A       		.uleb128 0xa
 774 013b 20000000 		.4byte	.LVL5
 775 013f 40070000 		.4byte	0x740
 776 0143 4D010000 		.4byte	0x14d
 777 0147 0B       		.uleb128 0xb
 778 0148 01       		.uleb128 0x1
 779 0149 50       		.byte	0x50
 780 014a 01       		.uleb128 0x1
 781 014b 31       		.byte	0x31
 782 014c 00       		.byte	0
 783 014d 0A       		.uleb128 0xa
 784 014e 26000000 		.4byte	.LVL6
 785 0152 4B070000 		.4byte	0x74b
 786 0156 60010000 		.4byte	0x160
 787 015a 0B       		.uleb128 0xb
 788 015b 01       		.uleb128 0x1
 789 015c 50       		.byte	0x50
 790 015d 01       		.uleb128 0x1
 791 015e 31       		.byte	0x31
 792 015f 00       		.byte	0
 793 0160 0C       		.uleb128 0xc
 794 0161 2C000000 		.4byte	.LVL8
 795 0165 56070000 		.4byte	0x756
 796 0169 00       		.byte	0
 797 016a 0D       		.uleb128 0xd
 798 016b 8A020000 		.4byte	.LASF19
 799 016f 01       		.byte	0x1
 800 0170 35       		.byte	0x35
 801 0171 00000000 		.4byte	.LFB65
 802 0175 1E000000 		.4byte	.LFE65-.LFB65
 803 0179 01       		.uleb128 0x1
 804 017a 9C       		.byte	0x9c
 805 017b F1010000 		.4byte	0x1f1
 806 017f 07       		.uleb128 0x7
 807 0180 36010000 		.4byte	.LASF17
 808 0184 01       		.byte	0x1
 809 0185 35       		.byte	0x35
 810 0186 2C000000 		.4byte	0x2c
 811 018a 42000000 		.4byte	.LLST2
 812 018e 08       		.uleb128 0x8
 813 018f 72656700 		.ascii	"reg\000"
 814 0193 01       		.byte	0x1
 815 0194 35       		.byte	0x35
 816 0195 2C000000 		.4byte	0x2c
 817 0199 63000000 		.4byte	.LLST3
ARM GAS  C:\Users\OLEKSA~1\AppData\Local\Temp\cchGH56P.s 			page 18


 818 019d 07       		.uleb128 0x7
 819 019e 48000000 		.4byte	.LASF18
 820 01a2 01       		.byte	0x1
 821 01a3 35       		.byte	0x35
 822 01a4 2C000000 		.4byte	0x2c
 823 01a8 84000000 		.4byte	.LLST4
 824 01ac 0A       		.uleb128 0xa
 825 01ad 0C000000 		.4byte	.LVL11
 826 01b1 1F070000 		.4byte	0x71f
 827 01b5 BF010000 		.4byte	0x1bf
 828 01b9 0B       		.uleb128 0xb
 829 01ba 01       		.uleb128 0x1
 830 01bb 51       		.byte	0x51
 831 01bc 01       		.uleb128 0x1
 832 01bd 30       		.byte	0x30
 833 01be 00       		.byte	0
 834 01bf 0A       		.uleb128 0xa
 835 01c0 12000000 		.4byte	.LVL12
 836 01c4 2A070000 		.4byte	0x72a
 837 01c8 D3010000 		.4byte	0x1d3
 838 01cc 0B       		.uleb128 0xb
 839 01cd 01       		.uleb128 0x1
 840 01ce 50       		.byte	0x50
 841 01cf 02       		.uleb128 0x2
 842 01d0 75       		.byte	0x75
 843 01d1 00       		.sleb128 0
 844 01d2 00       		.byte	0
 845 01d3 0A       		.uleb128 0xa
 846 01d4 18000000 		.4byte	.LVL13
 847 01d8 2A070000 		.4byte	0x72a
 848 01dc E7010000 		.4byte	0x1e7
 849 01e0 0B       		.uleb128 0xb
 850 01e1 01       		.uleb128 0x1
 851 01e2 50       		.byte	0x50
 852 01e3 02       		.uleb128 0x2
 853 01e4 74       		.byte	0x74
 854 01e5 00       		.sleb128 0
 855 01e6 00       		.byte	0
 856 01e7 0C       		.uleb128 0xc
 857 01e8 1C000000 		.4byte	.LVL14
 858 01ec 56070000 		.4byte	0x756
 859 01f0 00       		.byte	0
 860 01f1 0D       		.uleb128 0xd
 861 01f2 60010000 		.4byte	.LASF20
 862 01f6 01       		.byte	0x1
 863 01f7 3D       		.byte	0x3d
 864 01f8 00000000 		.4byte	.LFB66
 865 01fc 2E000000 		.4byte	.LFE66-.LFB66
 866 0200 01       		.uleb128 0x1
 867 0201 9C       		.byte	0x9c
 868 0202 86020000 		.4byte	0x286
 869 0206 0A       		.uleb128 0xa
 870 0207 08000000 		.4byte	.LVL15
 871 020b 40070000 		.4byte	0x740
 872 020f 19020000 		.4byte	0x219
 873 0213 0B       		.uleb128 0xb
 874 0214 01       		.uleb128 0x1
ARM GAS  C:\Users\OLEKSA~1\AppData\Local\Temp\cchGH56P.s 			page 19


 875 0215 50       		.byte	0x50
 876 0216 01       		.uleb128 0x1
 877 0217 32       		.byte	0x32
 878 0218 00       		.byte	0
 879 0219 0A       		.uleb128 0xa
 880 021a 12000000 		.4byte	.LVL16
 881 021e 6A010000 		.4byte	0x16a
 882 0222 38020000 		.4byte	0x238
 883 0226 0B       		.uleb128 0xb
 884 0227 01       		.uleb128 0x1
 885 0228 50       		.byte	0x50
 886 0229 02       		.uleb128 0x2
 887 022a 08       		.byte	0x8
 888 022b 53       		.byte	0x53
 889 022c 0B       		.uleb128 0xb
 890 022d 01       		.uleb128 0x1
 891 022e 51       		.byte	0x51
 892 022f 02       		.uleb128 0x2
 893 0230 08       		.byte	0x8
 894 0231 2C       		.byte	0x2c
 895 0232 0B       		.uleb128 0xb
 896 0233 01       		.uleb128 0x1
 897 0234 52       		.byte	0x52
 898 0235 01       		.uleb128 0x1
 899 0236 39       		.byte	0x39
 900 0237 00       		.byte	0
 901 0238 0A       		.uleb128 0xa
 902 0239 1C000000 		.4byte	.LVL17
 903 023d 6A010000 		.4byte	0x16a
 904 0241 57020000 		.4byte	0x257
 905 0245 0B       		.uleb128 0xb
 906 0246 01       		.uleb128 0x1
 907 0247 50       		.byte	0x50
 908 0248 02       		.uleb128 0x2
 909 0249 08       		.byte	0x8
 910 024a 53       		.byte	0x53
 911 024b 0B       		.uleb128 0xb
 912 024c 01       		.uleb128 0x1
 913 024d 51       		.byte	0x51
 914 024e 02       		.uleb128 0x2
 915 024f 08       		.byte	0x8
 916 0250 31       		.byte	0x31
 917 0251 0B       		.uleb128 0xb
 918 0252 01       		.uleb128 0x1
 919 0253 52       		.byte	0x52
 920 0254 01       		.uleb128 0x1
 921 0255 30       		.byte	0x30
 922 0256 00       		.byte	0
 923 0257 0A       		.uleb128 0xa
 924 0258 26000000 		.4byte	.LVL18
 925 025c 6A010000 		.4byte	0x16a
 926 0260 76020000 		.4byte	0x276
 927 0264 0B       		.uleb128 0xb
 928 0265 01       		.uleb128 0x1
 929 0266 50       		.byte	0x50
 930 0267 02       		.uleb128 0x2
 931 0268 08       		.byte	0x8
ARM GAS  C:\Users\OLEKSA~1\AppData\Local\Temp\cchGH56P.s 			page 20


 932 0269 53       		.byte	0x53
 933 026a 0B       		.uleb128 0xb
 934 026b 01       		.uleb128 0x1
 935 026c 51       		.byte	0x51
 936 026d 02       		.uleb128 0x2
 937 026e 08       		.byte	0x8
 938 026f 2D       		.byte	0x2d
 939 0270 0B       		.uleb128 0xb
 940 0271 01       		.uleb128 0x1
 941 0272 52       		.byte	0x52
 942 0273 01       		.uleb128 0x1
 943 0274 38       		.byte	0x38
 944 0275 00       		.byte	0
 945 0276 0E       		.uleb128 0xe
 946 0277 2C000000 		.4byte	.LVL19
 947 027b 40070000 		.4byte	0x740
 948 027f 0B       		.uleb128 0xb
 949 0280 01       		.uleb128 0x1
 950 0281 50       		.byte	0x50
 951 0282 01       		.uleb128 0x1
 952 0283 32       		.byte	0x32
 953 0284 00       		.byte	0
 954 0285 00       		.byte	0
 955 0286 0F       		.uleb128 0xf
 956 0287 E6010000 		.4byte	.LASF21
 957 028b 01       		.byte	0x1
 958 028c 46       		.byte	0x46
 959 028d 00000000 		.4byte	.LFB67
 960 0291 B4000000 		.4byte	.LFE67-.LFB67
 961 0295 01       		.uleb128 0x1
 962 0296 9C       		.byte	0x9c
 963 0297 34030000 		.4byte	0x334
 964 029b 0A       		.uleb128 0xa
 965 029c 0A000000 		.4byte	.LVL20
 966 02a0 B0000000 		.4byte	0xb0
 967 02a4 B5020000 		.4byte	0x2b5
 968 02a8 0B       		.uleb128 0xb
 969 02a9 01       		.uleb128 0x1
 970 02aa 50       		.byte	0x50
 971 02ab 02       		.uleb128 0x2
 972 02ac 08       		.byte	0x8
 973 02ad 53       		.byte	0x53
 974 02ae 0B       		.uleb128 0xb
 975 02af 01       		.uleb128 0x1
 976 02b0 51       		.byte	0x51
 977 02b1 02       		.uleb128 0x2
 978 02b2 08       		.byte	0x8
 979 02b3 33       		.byte	0x33
 980 02b4 00       		.byte	0
 981 02b5 0A       		.uleb128 0xa
 982 02b6 14000000 		.4byte	.LVL21
 983 02ba B0000000 		.4byte	0xb0
 984 02be CF020000 		.4byte	0x2cf
 985 02c2 0B       		.uleb128 0xb
 986 02c3 01       		.uleb128 0x1
 987 02c4 50       		.byte	0x50
 988 02c5 02       		.uleb128 0x2
ARM GAS  C:\Users\OLEKSA~1\AppData\Local\Temp\cchGH56P.s 			page 21


 989 02c6 08       		.byte	0x8
 990 02c7 53       		.byte	0x53
 991 02c8 0B       		.uleb128 0xb
 992 02c9 01       		.uleb128 0x1
 993 02ca 51       		.byte	0x51
 994 02cb 02       		.uleb128 0x2
 995 02cc 08       		.byte	0x8
 996 02cd 32       		.byte	0x32
 997 02ce 00       		.byte	0
 998 02cf 0A       		.uleb128 0xa
 999 02d0 22000000 		.4byte	.LVL22
 1000 02d4 B0000000 		.4byte	0xb0
 1001 02d8 E9020000 		.4byte	0x2e9
 1002 02dc 0B       		.uleb128 0xb
 1003 02dd 01       		.uleb128 0x1
 1004 02de 50       		.byte	0x50
 1005 02df 02       		.uleb128 0x2
 1006 02e0 08       		.byte	0x8
 1007 02e1 53       		.byte	0x53
 1008 02e2 0B       		.uleb128 0xb
 1009 02e3 01       		.uleb128 0x1
 1010 02e4 51       		.byte	0x51
 1011 02e5 02       		.uleb128 0x2
 1012 02e6 08       		.byte	0x8
 1013 02e7 35       		.byte	0x35
 1014 02e8 00       		.byte	0
 1015 02e9 0A       		.uleb128 0xa
 1016 02ea 2C000000 		.4byte	.LVL23
 1017 02ee B0000000 		.4byte	0xb0
 1018 02f2 03030000 		.4byte	0x303
 1019 02f6 0B       		.uleb128 0xb
 1020 02f7 01       		.uleb128 0x1
 1021 02f8 50       		.byte	0x50
 1022 02f9 02       		.uleb128 0x2
 1023 02fa 08       		.byte	0x8
 1024 02fb 53       		.byte	0x53
 1025 02fc 0B       		.uleb128 0xb
 1026 02fd 01       		.uleb128 0x1
 1027 02fe 51       		.byte	0x51
 1028 02ff 02       		.uleb128 0x2
 1029 0300 08       		.byte	0x8
 1030 0301 34       		.byte	0x34
 1031 0302 00       		.byte	0
 1032 0303 0A       		.uleb128 0xa
 1033 0304 3A000000 		.4byte	.LVL24
 1034 0308 B0000000 		.4byte	0xb0
 1035 030c 1D030000 		.4byte	0x31d
 1036 0310 0B       		.uleb128 0xb
 1037 0311 01       		.uleb128 0x1
 1038 0312 50       		.byte	0x50
 1039 0313 02       		.uleb128 0x2
 1040 0314 08       		.byte	0x8
 1041 0315 53       		.byte	0x53
 1042 0316 0B       		.uleb128 0xb
 1043 0317 01       		.uleb128 0x1
 1044 0318 51       		.byte	0x51
 1045 0319 02       		.uleb128 0x2
ARM GAS  C:\Users\OLEKSA~1\AppData\Local\Temp\cchGH56P.s 			page 22


 1046 031a 08       		.byte	0x8
 1047 031b 37       		.byte	0x37
 1048 031c 00       		.byte	0
 1049 031d 0E       		.uleb128 0xe
 1050 031e 44000000 		.4byte	.LVL25
 1051 0322 B0000000 		.4byte	0xb0
 1052 0326 0B       		.uleb128 0xb
 1053 0327 01       		.uleb128 0x1
 1054 0328 50       		.byte	0x50
 1055 0329 02       		.uleb128 0x2
 1056 032a 08       		.byte	0x8
 1057 032b 53       		.byte	0x53
 1058 032c 0B       		.uleb128 0xb
 1059 032d 01       		.uleb128 0x1
 1060 032e 51       		.byte	0x51
 1061 032f 02       		.uleb128 0x2
 1062 0330 08       		.byte	0x8
 1063 0331 36       		.byte	0x36
 1064 0332 00       		.byte	0
 1065 0333 00       		.byte	0
 1066 0334 0F       		.uleb128 0xf
 1067 0335 48010000 		.4byte	.LASF22
 1068 0339 01       		.byte	0x1
 1069 033a 51       		.byte	0x51
 1070 033b 00000000 		.4byte	.LFB68
 1071 033f 90000000 		.4byte	.LFE68-.LFB68
 1072 0343 01       		.uleb128 0x1
 1073 0344 9C       		.byte	0x9c
 1074 0345 2E040000 		.4byte	0x42e
 1075 0349 0A       		.uleb128 0xa
 1076 034a 0A000000 		.4byte	.LVL35
 1077 034e B0000000 		.4byte	0xb0
 1078 0352 63030000 		.4byte	0x363
 1079 0356 0B       		.uleb128 0xb
 1080 0357 01       		.uleb128 0x1
 1081 0358 50       		.byte	0x50
 1082 0359 02       		.uleb128 0x2
 1083 035a 08       		.byte	0x8
 1084 035b 53       		.byte	0x53
 1085 035c 0B       		.uleb128 0xb
 1086 035d 01       		.uleb128 0x1
 1087 035e 51       		.byte	0x51
 1088 035f 02       		.uleb128 0x2
 1089 0360 08       		.byte	0x8
 1090 0361 33       		.byte	0x33
 1091 0362 00       		.byte	0
 1092 0363 0A       		.uleb128 0xa
 1093 0364 14000000 		.4byte	.LVL36
 1094 0368 B0000000 		.4byte	0xb0
 1095 036c 7D030000 		.4byte	0x37d
 1096 0370 0B       		.uleb128 0xb
 1097 0371 01       		.uleb128 0x1
 1098 0372 50       		.byte	0x50
 1099 0373 02       		.uleb128 0x2
 1100 0374 08       		.byte	0x8
 1101 0375 53       		.byte	0x53
 1102 0376 0B       		.uleb128 0xb
ARM GAS  C:\Users\OLEKSA~1\AppData\Local\Temp\cchGH56P.s 			page 23


 1103 0377 01       		.uleb128 0x1
 1104 0378 51       		.byte	0x51
 1105 0379 02       		.uleb128 0x2
 1106 037a 08       		.byte	0x8
 1107 037b 32       		.byte	0x32
 1108 037c 00       		.byte	0
 1109 037d 0A       		.uleb128 0xa
 1110 037e 28000000 		.4byte	.LVL38
 1111 0382 B0000000 		.4byte	0xb0
 1112 0386 97030000 		.4byte	0x397
 1113 038a 0B       		.uleb128 0xb
 1114 038b 01       		.uleb128 0x1
 1115 038c 50       		.byte	0x50
 1116 038d 02       		.uleb128 0x2
 1117 038e 08       		.byte	0x8
 1118 038f 53       		.byte	0x53
 1119 0390 0B       		.uleb128 0xb
 1120 0391 01       		.uleb128 0x1
 1121 0392 51       		.byte	0x51
 1122 0393 02       		.uleb128 0x2
 1123 0394 08       		.byte	0x8
 1124 0395 35       		.byte	0x35
 1125 0396 00       		.byte	0
 1126 0397 0A       		.uleb128 0xa
 1127 0398 32000000 		.4byte	.LVL39
 1128 039c B0000000 		.4byte	0xb0
 1129 03a0 B1030000 		.4byte	0x3b1
 1130 03a4 0B       		.uleb128 0xb
 1131 03a5 01       		.uleb128 0x1
 1132 03a6 50       		.byte	0x50
 1133 03a7 02       		.uleb128 0x2
 1134 03a8 08       		.byte	0x8
 1135 03a9 53       		.byte	0x53
 1136 03aa 0B       		.uleb128 0xb
 1137 03ab 01       		.uleb128 0x1
 1138 03ac 51       		.byte	0x51
 1139 03ad 02       		.uleb128 0x2
 1140 03ae 08       		.byte	0x8
 1141 03af 34       		.byte	0x34
 1142 03b0 00       		.byte	0
 1143 03b1 0A       		.uleb128 0xa
 1144 03b2 44000000 		.4byte	.LVL41
 1145 03b6 B0000000 		.4byte	0xb0
 1146 03ba CB030000 		.4byte	0x3cb
 1147 03be 0B       		.uleb128 0xb
 1148 03bf 01       		.uleb128 0x1
 1149 03c0 50       		.byte	0x50
 1150 03c1 02       		.uleb128 0x2
 1151 03c2 08       		.byte	0x8
 1152 03c3 53       		.byte	0x53
 1153 03c4 0B       		.uleb128 0xb
 1154 03c5 01       		.uleb128 0x1
 1155 03c6 51       		.byte	0x51
 1156 03c7 02       		.uleb128 0x2
 1157 03c8 08       		.byte	0x8
 1158 03c9 37       		.byte	0x37
 1159 03ca 00       		.byte	0
ARM GAS  C:\Users\OLEKSA~1\AppData\Local\Temp\cchGH56P.s 			page 24


 1160 03cb 0A       		.uleb128 0xa
 1161 03cc 4E000000 		.4byte	.LVL42
 1162 03d0 B0000000 		.4byte	0xb0
 1163 03d4 E5030000 		.4byte	0x3e5
 1164 03d8 0B       		.uleb128 0xb
 1165 03d9 01       		.uleb128 0x1
 1166 03da 50       		.byte	0x50
 1167 03db 02       		.uleb128 0x2
 1168 03dc 08       		.byte	0x8
 1169 03dd 53       		.byte	0x53
 1170 03de 0B       		.uleb128 0xb
 1171 03df 01       		.uleb128 0x1
 1172 03e0 51       		.byte	0x51
 1173 03e1 02       		.uleb128 0x2
 1174 03e2 08       		.byte	0x8
 1175 03e3 36       		.byte	0x36
 1176 03e4 00       		.byte	0
 1177 03e5 0A       		.uleb128 0xa
 1178 03e6 68000000 		.4byte	.LVL45
 1179 03ea 6A010000 		.4byte	0x16a
 1180 03ee FE030000 		.4byte	0x3fe
 1181 03f2 0B       		.uleb128 0xb
 1182 03f3 01       		.uleb128 0x1
 1183 03f4 50       		.byte	0x50
 1184 03f5 02       		.uleb128 0x2
 1185 03f6 08       		.byte	0x8
 1186 03f7 53       		.byte	0x53
 1187 03f8 0B       		.uleb128 0xb
 1188 03f9 01       		.uleb128 0x1
 1189 03fa 51       		.byte	0x51
 1190 03fb 01       		.uleb128 0x1
 1191 03fc 4E       		.byte	0x4e
 1192 03fd 00       		.byte	0
 1193 03fe 0A       		.uleb128 0xa
 1194 03ff 78000000 		.4byte	.LVL47
 1195 0403 6A010000 		.4byte	0x16a
 1196 0407 17040000 		.4byte	0x417
 1197 040b 0B       		.uleb128 0xb
 1198 040c 01       		.uleb128 0x1
 1199 040d 50       		.byte	0x50
 1200 040e 02       		.uleb128 0x2
 1201 040f 08       		.byte	0x8
 1202 0410 53       		.byte	0x53
 1203 0411 0B       		.uleb128 0xb
 1204 0412 01       		.uleb128 0x1
 1205 0413 51       		.byte	0x51
 1206 0414 01       		.uleb128 0x1
 1207 0415 4F       		.byte	0x4f
 1208 0416 00       		.byte	0
 1209 0417 0E       		.uleb128 0xe
 1210 0418 88000000 		.4byte	.LVL49
 1211 041c 6A010000 		.4byte	0x16a
 1212 0420 0B       		.uleb128 0xb
 1213 0421 01       		.uleb128 0x1
 1214 0422 50       		.byte	0x50
 1215 0423 02       		.uleb128 0x2
 1216 0424 08       		.byte	0x8
ARM GAS  C:\Users\OLEKSA~1\AppData\Local\Temp\cchGH56P.s 			page 25


 1217 0425 53       		.byte	0x53
 1218 0426 0B       		.uleb128 0xb
 1219 0427 01       		.uleb128 0x1
 1220 0428 51       		.byte	0x51
 1221 0429 02       		.uleb128 0x2
 1222 042a 08       		.byte	0x8
 1223 042b 20       		.byte	0x20
 1224 042c 00       		.byte	0
 1225 042d 00       		.byte	0
 1226 042e 10       		.uleb128 0x10
 1227 042f 5B010000 		.4byte	.LASF24
 1228 0433 01       		.byte	0x1
 1229 0434 5C       		.byte	0x5c
 1230 0435 68000000 		.4byte	0x68
 1231 0439 00000000 		.4byte	.LFB69
 1232 043d 20010000 		.4byte	.LFE69-.LFB69
 1233 0441 01       		.uleb128 0x1
 1234 0442 9C       		.byte	0x9c
 1235 0443 5D060000 		.4byte	0x65d
 1236 0447 0C       		.uleb128 0xc
 1237 0448 08000000 		.4byte	.LVL50
 1238 044c 61070000 		.4byte	0x761
 1239 0450 0C       		.uleb128 0xc
 1240 0451 0C000000 		.4byte	.LVL51
 1241 0455 6C070000 		.4byte	0x76c
 1242 0459 0C       		.uleb128 0xc
 1243 045a 10000000 		.4byte	.LVL52
 1244 045e 77070000 		.4byte	0x777
 1245 0462 0C       		.uleb128 0xc
 1246 0463 14000000 		.4byte	.LVL53
 1247 0467 F1010000 		.4byte	0x1f1
 1248 046b 0A       		.uleb128 0xa
 1249 046c 1A000000 		.4byte	.LVL54
 1250 0470 82070000 		.4byte	0x782
 1251 0474 82040000 		.4byte	0x482
 1252 0478 0B       		.uleb128 0xb
 1253 0479 01       		.uleb128 0x1
 1254 047a 50       		.byte	0x50
 1255 047b 05       		.uleb128 0x5
 1256 047c 03       		.byte	0x3
 1257 047d 00000000 		.4byte	.LC0
 1258 0481 00       		.byte	0
 1259 0482 0A       		.uleb128 0xa
 1260 0483 20000000 		.4byte	.LVL55
 1261 0487 82070000 		.4byte	0x782
 1262 048b 99040000 		.4byte	0x499
 1263 048f 0B       		.uleb128 0xb
 1264 0490 01       		.uleb128 0x1
 1265 0491 50       		.byte	0x50
 1266 0492 05       		.uleb128 0x5
 1267 0493 03       		.byte	0x3
 1268 0494 10000000 		.4byte	.LC1
 1269 0498 00       		.byte	0
 1270 0499 0C       		.uleb128 0xc
 1271 049a 24000000 		.4byte	.LVL56
 1272 049e 86020000 		.4byte	0x286
 1273 04a2 0A       		.uleb128 0xa
ARM GAS  C:\Users\OLEKSA~1\AppData\Local\Temp\cchGH56P.s 			page 26


 1274 04a3 2C000000 		.4byte	.LVL57
 1275 04a7 8D070000 		.4byte	0x78d
 1276 04ab BA040000 		.4byte	0x4ba
 1277 04af 0B       		.uleb128 0xb
 1278 04b0 01       		.uleb128 0x1
 1279 04b1 50       		.byte	0x50
 1280 04b2 01       		.uleb128 0x1
 1281 04b3 30       		.byte	0x30
 1282 04b4 0B       		.uleb128 0xb
 1283 04b5 01       		.uleb128 0x1
 1284 04b6 51       		.byte	0x51
 1285 04b7 01       		.uleb128 0x1
 1286 04b8 30       		.byte	0x30
 1287 04b9 00       		.byte	0
 1288 04ba 0A       		.uleb128 0xa
 1289 04bb 3C000000 		.4byte	.LVL58
 1290 04bf 98070000 		.4byte	0x798
 1291 04c3 D7040000 		.4byte	0x4d7
 1292 04c7 0B       		.uleb128 0xb
 1293 04c8 01       		.uleb128 0x1
 1294 04c9 50       		.byte	0x50
 1295 04ca 02       		.uleb128 0x2
 1296 04cb 74       		.byte	0x74
 1297 04cc 00       		.sleb128 0
 1298 04cd 0B       		.uleb128 0xb
 1299 04ce 01       		.uleb128 0x1
 1300 04cf 51       		.byte	0x51
 1301 04d0 05       		.uleb128 0x5
 1302 04d1 03       		.byte	0x3
 1303 04d2 14000000 		.4byte	.LC2
 1304 04d6 00       		.byte	0
 1305 04d7 0A       		.uleb128 0xa
 1306 04d8 42000000 		.4byte	.LVL59
 1307 04dc 82070000 		.4byte	0x782
 1308 04e0 EB040000 		.4byte	0x4eb
 1309 04e4 0B       		.uleb128 0xb
 1310 04e5 01       		.uleb128 0x1
 1311 04e6 50       		.byte	0x50
 1312 04e7 02       		.uleb128 0x2
 1313 04e8 74       		.byte	0x74
 1314 04e9 00       		.sleb128 0
 1315 04ea 00       		.byte	0
 1316 04eb 0A       		.uleb128 0xa
 1317 04ec 48000000 		.4byte	.LVL60
 1318 04f0 A3070000 		.4byte	0x7a3
 1319 04f4 FF040000 		.4byte	0x4ff
 1320 04f8 0B       		.uleb128 0xb
 1321 04f9 01       		.uleb128 0x1
 1322 04fa 50       		.byte	0x50
 1323 04fb 02       		.uleb128 0x2
 1324 04fc 74       		.byte	0x74
 1325 04fd 00       		.sleb128 0
 1326 04fe 00       		.byte	0
 1327 04ff 0A       		.uleb128 0xa
 1328 0500 56000000 		.4byte	.LVL61
 1329 0504 98070000 		.4byte	0x798
 1330 0508 1C050000 		.4byte	0x51c
ARM GAS  C:\Users\OLEKSA~1\AppData\Local\Temp\cchGH56P.s 			page 27


 1331 050c 0B       		.uleb128 0xb
 1332 050d 01       		.uleb128 0x1
 1333 050e 50       		.byte	0x50
 1334 050f 02       		.uleb128 0x2
 1335 0510 74       		.byte	0x74
 1336 0511 00       		.sleb128 0
 1337 0512 0B       		.uleb128 0xb
 1338 0513 01       		.uleb128 0x1
 1339 0514 51       		.byte	0x51
 1340 0515 05       		.uleb128 0x5
 1341 0516 03       		.byte	0x3
 1342 0517 20000000 		.4byte	.LC3
 1343 051b 00       		.byte	0
 1344 051c 0A       		.uleb128 0xa
 1345 051d 5C000000 		.4byte	.LVL62
 1346 0521 82070000 		.4byte	0x782
 1347 0525 30050000 		.4byte	0x530
 1348 0529 0B       		.uleb128 0xb
 1349 052a 01       		.uleb128 0x1
 1350 052b 50       		.byte	0x50
 1351 052c 02       		.uleb128 0x2
 1352 052d 74       		.byte	0x74
 1353 052e 00       		.sleb128 0
 1354 052f 00       		.byte	0
 1355 0530 0A       		.uleb128 0xa
 1356 0531 62000000 		.4byte	.LVL63
 1357 0535 A3070000 		.4byte	0x7a3
 1358 0539 44050000 		.4byte	0x544
 1359 053d 0B       		.uleb128 0xb
 1360 053e 01       		.uleb128 0x1
 1361 053f 50       		.byte	0x50
 1362 0540 02       		.uleb128 0x2
 1363 0541 74       		.byte	0x74
 1364 0542 00       		.sleb128 0
 1365 0543 00       		.byte	0
 1366 0544 0A       		.uleb128 0xa
 1367 0545 6A000000 		.4byte	.LVL64
 1368 0549 8D070000 		.4byte	0x78d
 1369 054d 5C050000 		.4byte	0x55c
 1370 0551 0B       		.uleb128 0xb
 1371 0552 01       		.uleb128 0x1
 1372 0553 50       		.byte	0x50
 1373 0554 01       		.uleb128 0x1
 1374 0555 31       		.byte	0x31
 1375 0556 0B       		.uleb128 0xb
 1376 0557 01       		.uleb128 0x1
 1377 0558 51       		.byte	0x51
 1378 0559 01       		.uleb128 0x1
 1379 055a 30       		.byte	0x30
 1380 055b 00       		.byte	0
 1381 055c 0A       		.uleb128 0xa
 1382 055d 78000000 		.4byte	.LVL65
 1383 0561 98070000 		.4byte	0x798
 1384 0565 79050000 		.4byte	0x579
 1385 0569 0B       		.uleb128 0xb
 1386 056a 01       		.uleb128 0x1
 1387 056b 50       		.byte	0x50
ARM GAS  C:\Users\OLEKSA~1\AppData\Local\Temp\cchGH56P.s 			page 28


 1388 056c 02       		.uleb128 0x2
 1389 056d 74       		.byte	0x74
 1390 056e 00       		.sleb128 0
 1391 056f 0B       		.uleb128 0xb
 1392 0570 01       		.uleb128 0x1
 1393 0571 51       		.byte	0x51
 1394 0572 05       		.uleb128 0x5
 1395 0573 03       		.byte	0x3
 1396 0574 2C000000 		.4byte	.LC4
 1397 0578 00       		.byte	0
 1398 0579 0A       		.uleb128 0xa
 1399 057a 7E000000 		.4byte	.LVL66
 1400 057e 82070000 		.4byte	0x782
 1401 0582 8D050000 		.4byte	0x58d
 1402 0586 0B       		.uleb128 0xb
 1403 0587 01       		.uleb128 0x1
 1404 0588 50       		.byte	0x50
 1405 0589 02       		.uleb128 0x2
 1406 058a 74       		.byte	0x74
 1407 058b 00       		.sleb128 0
 1408 058c 00       		.byte	0
 1409 058d 0A       		.uleb128 0xa
 1410 058e 84000000 		.4byte	.LVL67
 1411 0592 A3070000 		.4byte	0x7a3
 1412 0596 A1050000 		.4byte	0x5a1
 1413 059a 0B       		.uleb128 0xb
 1414 059b 01       		.uleb128 0x1
 1415 059c 50       		.byte	0x50
 1416 059d 02       		.uleb128 0x2
 1417 059e 74       		.byte	0x74
 1418 059f 00       		.sleb128 0
 1419 05a0 00       		.byte	0
 1420 05a1 0A       		.uleb128 0xa
 1421 05a2 98000000 		.4byte	.LVL69
 1422 05a6 98070000 		.4byte	0x798
 1423 05aa BE050000 		.4byte	0x5be
 1424 05ae 0B       		.uleb128 0xb
 1425 05af 01       		.uleb128 0x1
 1426 05b0 50       		.byte	0x50
 1427 05b1 02       		.uleb128 0x2
 1428 05b2 74       		.byte	0x74
 1429 05b3 00       		.sleb128 0
 1430 05b4 0B       		.uleb128 0xb
 1431 05b5 01       		.uleb128 0x1
 1432 05b6 51       		.byte	0x51
 1433 05b7 05       		.uleb128 0x5
 1434 05b8 03       		.byte	0x3
 1435 05b9 38000000 		.4byte	.LC5
 1436 05bd 00       		.byte	0
 1437 05be 0A       		.uleb128 0xa
 1438 05bf 9E000000 		.4byte	.LVL70
 1439 05c3 82070000 		.4byte	0x782
 1440 05c7 D2050000 		.4byte	0x5d2
 1441 05cb 0B       		.uleb128 0xb
 1442 05cc 01       		.uleb128 0x1
 1443 05cd 50       		.byte	0x50
 1444 05ce 02       		.uleb128 0x2
ARM GAS  C:\Users\OLEKSA~1\AppData\Local\Temp\cchGH56P.s 			page 29


 1445 05cf 74       		.byte	0x74
 1446 05d0 00       		.sleb128 0
 1447 05d1 00       		.byte	0
 1448 05d2 0A       		.uleb128 0xa
 1449 05d3 B2000000 		.4byte	.LVL72
 1450 05d7 98070000 		.4byte	0x798
 1451 05db EF050000 		.4byte	0x5ef
 1452 05df 0B       		.uleb128 0xb
 1453 05e0 01       		.uleb128 0x1
 1454 05e1 50       		.byte	0x50
 1455 05e2 02       		.uleb128 0x2
 1456 05e3 74       		.byte	0x74
 1457 05e4 00       		.sleb128 0
 1458 05e5 0B       		.uleb128 0xb
 1459 05e6 01       		.uleb128 0x1
 1460 05e7 51       		.byte	0x51
 1461 05e8 05       		.uleb128 0x5
 1462 05e9 03       		.byte	0x3
 1463 05ea 44000000 		.4byte	.LC6
 1464 05ee 00       		.byte	0
 1465 05ef 0A       		.uleb128 0xa
 1466 05f0 B8000000 		.4byte	.LVL73
 1467 05f4 82070000 		.4byte	0x782
 1468 05f8 03060000 		.4byte	0x603
 1469 05fc 0B       		.uleb128 0xb
 1470 05fd 01       		.uleb128 0x1
 1471 05fe 50       		.byte	0x50
 1472 05ff 02       		.uleb128 0x2
 1473 0600 74       		.byte	0x74
 1474 0601 00       		.sleb128 0
 1475 0602 00       		.byte	0
 1476 0603 0A       		.uleb128 0xa
 1477 0604 CC000000 		.4byte	.LVL75
 1478 0608 98070000 		.4byte	0x798
 1479 060c 20060000 		.4byte	0x620
 1480 0610 0B       		.uleb128 0xb
 1481 0611 01       		.uleb128 0x1
 1482 0612 50       		.byte	0x50
 1483 0613 02       		.uleb128 0x2
 1484 0614 74       		.byte	0x74
 1485 0615 00       		.sleb128 0
 1486 0616 0B       		.uleb128 0xb
 1487 0617 01       		.uleb128 0x1
 1488 0618 51       		.byte	0x51
 1489 0619 05       		.uleb128 0x5
 1490 061a 03       		.byte	0x3
 1491 061b 50000000 		.4byte	.LC7
 1492 061f 00       		.byte	0
 1493 0620 0A       		.uleb128 0xa
 1494 0621 D2000000 		.4byte	.LVL76
 1495 0625 82070000 		.4byte	0x782
 1496 0629 34060000 		.4byte	0x634
 1497 062d 0B       		.uleb128 0xb
 1498 062e 01       		.uleb128 0x1
 1499 062f 50       		.byte	0x50
 1500 0630 02       		.uleb128 0x2
 1501 0631 74       		.byte	0x74
ARM GAS  C:\Users\OLEKSA~1\AppData\Local\Temp\cchGH56P.s 			page 30


 1502 0632 00       		.sleb128 0
 1503 0633 00       		.byte	0
 1504 0634 0A       		.uleb128 0xa
 1505 0635 D8000000 		.4byte	.LVL77
 1506 0639 82070000 		.4byte	0x782
 1507 063d 4B060000 		.4byte	0x64b
 1508 0641 0B       		.uleb128 0xb
 1509 0642 01       		.uleb128 0x1
 1510 0643 50       		.byte	0x50
 1511 0644 05       		.uleb128 0x5
 1512 0645 03       		.byte	0x3
 1513 0646 10000000 		.4byte	.LC1
 1514 064a 00       		.byte	0
 1515 064b 0E       		.uleb128 0xe
 1516 064c E0000000 		.4byte	.LVL78
 1517 0650 40070000 		.4byte	0x740
 1518 0654 0B       		.uleb128 0xb
 1519 0655 01       		.uleb128 0x1
 1520 0656 50       		.byte	0x50
 1521 0657 03       		.uleb128 0x3
 1522 0658 0A       		.byte	0xa
 1523 0659 F401     		.2byte	0x1f4
 1524 065b 00       		.byte	0
 1525 065c 00       		.byte	0
 1526 065d 11       		.uleb128 0x11
 1527 065e 29010000 		.4byte	.LASF25
 1528 0662 05       		.byte	0x5
 1529 0663 1207     		.2byte	0x712
 1530 0665 69060000 		.4byte	0x669
 1531 0669 12       		.uleb128 0x12
 1532 066a 76000000 		.4byte	0x76
 1533 066e 13       		.uleb128 0x13
 1534 066f 84020000 		.4byte	.LASF26
 1535 0673 01       		.byte	0x1
 1536 0674 1F       		.byte	0x1f
 1537 0675 8D000000 		.4byte	0x8d
 1538 0679 05       		.uleb128 0x5
 1539 067a 03       		.byte	0x3
 1540 067b 00000000 		.4byte	cal_X
 1541 067f 13       		.uleb128 0x13
 1542 0680 0A000000 		.4byte	.LASF27
 1543 0684 01       		.byte	0x1
 1544 0685 1F       		.byte	0x1f
 1545 0686 8D000000 		.4byte	0x8d
 1546 068a 05       		.uleb128 0x5
 1547 068b 03       		.byte	0x3
 1548 068c 00000000 		.4byte	cal_Y
 1549 0690 13       		.uleb128 0x13
 1550 0691 94020000 		.4byte	.LASF28
 1551 0695 01       		.byte	0x1
 1552 0696 1F       		.byte	0x1f
 1553 0697 8D000000 		.4byte	0x8d
 1554 069b 05       		.uleb128 0x5
 1555 069c 03       		.byte	0x3
 1556 069d 00000000 		.4byte	cal_Z
 1557 06a1 14       		.uleb128 0x14
 1558 06a2 9B000000 		.4byte	0x9b
ARM GAS  C:\Users\OLEKSA~1\AppData\Local\Temp\cchGH56P.s 			page 31


 1559 06a6 B1060000 		.4byte	0x6b1
 1560 06aa 15       		.uleb128 0x15
 1561 06ab A9000000 		.4byte	0xa9
 1562 06af 31       		.byte	0x31
 1563 06b0 00       		.byte	0
 1564 06b1 13       		.uleb128 0x13
 1565 06b2 61020000 		.4byte	.LASF29
 1566 06b6 01       		.byte	0x1
 1567 06b7 21       		.byte	0x21
 1568 06b8 A1060000 		.4byte	0x6a1
 1569 06bc 05       		.uleb128 0x5
 1570 06bd 03       		.byte	0x3
 1571 06be 00000000 		.4byte	buffer
 1572 06c2 16       		.uleb128 0x16
 1573 06c3 7800     		.ascii	"x\000"
 1574 06c5 01       		.byte	0x1
 1575 06c6 22       		.byte	0x22
 1576 06c7 81000000 		.4byte	0x81
 1577 06cb 05       		.uleb128 0x5
 1578 06cc 03       		.byte	0x3
 1579 06cd 00000000 		.4byte	x
 1580 06d1 16       		.uleb128 0x16
 1581 06d2 7900     		.ascii	"y\000"
 1582 06d4 01       		.byte	0x1
 1583 06d5 22       		.byte	0x22
 1584 06d6 81000000 		.4byte	0x81
 1585 06da 05       		.uleb128 0x5
 1586 06db 03       		.byte	0x3
 1587 06dc 00000000 		.4byte	y
 1588 06e0 16       		.uleb128 0x16
 1589 06e1 7A00     		.ascii	"z\000"
 1590 06e3 01       		.byte	0x1
 1591 06e4 22       		.byte	0x22
 1592 06e5 81000000 		.4byte	0x81
 1593 06e9 05       		.uleb128 0x5
 1594 06ea 03       		.byte	0x3
 1595 06eb 00000000 		.4byte	z
 1596 06ef 16       		.uleb128 0x16
 1597 06f0 786700   		.ascii	"xg\000"
 1598 06f3 01       		.byte	0x1
 1599 06f4 23       		.byte	0x23
 1600 06f5 8D000000 		.4byte	0x8d
 1601 06f9 05       		.uleb128 0x5
 1602 06fa 03       		.byte	0x3
 1603 06fb 00000000 		.4byte	xg
 1604 06ff 16       		.uleb128 0x16
 1605 0700 796700   		.ascii	"yg\000"
 1606 0703 01       		.byte	0x1
 1607 0704 23       		.byte	0x23
 1608 0705 8D000000 		.4byte	0x8d
 1609 0709 05       		.uleb128 0x5
 1610 070a 03       		.byte	0x3
 1611 070b 00000000 		.4byte	yg
 1612 070f 16       		.uleb128 0x16
 1613 0710 7A6700   		.ascii	"zg\000"
 1614 0713 01       		.byte	0x1
 1615 0714 23       		.byte	0x23
ARM GAS  C:\Users\OLEKSA~1\AppData\Local\Temp\cchGH56P.s 			page 32


 1616 0715 8D000000 		.4byte	0x8d
 1617 0719 05       		.uleb128 0x5
 1618 071a 03       		.byte	0x3
 1619 071b 00000000 		.4byte	zg
 1620 071f 17       		.uleb128 0x17
 1621 0720 15010000 		.4byte	.LASF30
 1622 0724 15010000 		.4byte	.LASF30
 1623 0728 06       		.byte	0x6
 1624 0729 B1       		.byte	0xb1
 1625 072a 17       		.uleb128 0x17
 1626 072b B5020000 		.4byte	.LASF31
 1627 072f B5020000 		.4byte	.LASF31
 1628 0733 06       		.byte	0x6
 1629 0734 B6       		.byte	0xb6
 1630 0735 17       		.uleb128 0x17
 1631 0736 A1010000 		.4byte	.LASF32
 1632 073a A1010000 		.4byte	.LASF32
 1633 073e 06       		.byte	0x6
 1634 073f B3       		.byte	0xb3
 1635 0740 17       		.uleb128 0x17
 1636 0741 D1020000 		.4byte	.LASF33
 1637 0745 D1020000 		.4byte	.LASF33
 1638 0749 07       		.byte	0x7
 1639 074a 76       		.byte	0x76
 1640 074b 17       		.uleb128 0x17
 1641 074c 00020000 		.4byte	.LASF34
 1642 0750 00020000 		.4byte	.LASF34
 1643 0754 06       		.byte	0x6
 1644 0755 B7       		.byte	0xb7
 1645 0756 17       		.uleb128 0x17
 1646 0757 68020000 		.4byte	.LASF35
 1647 075b 68020000 		.4byte	.LASF35
 1648 075f 06       		.byte	0x6
 1649 0760 B5       		.byte	0xb5
 1650 0761 17       		.uleb128 0x17
 1651 0762 23000000 		.4byte	.LASF36
 1652 0766 23000000 		.4byte	.LASF36
 1653 076a 06       		.byte	0x6
 1654 076b 93       		.byte	0x93
 1655 076c 17       		.uleb128 0x17
 1656 076d 0A010000 		.4byte	.LASF37
 1657 0771 0A010000 		.4byte	.LASF37
 1658 0775 08       		.byte	0x8
 1659 0776 54       		.byte	0x54
 1660 0777 17       		.uleb128 0x17
 1661 0778 F7010000 		.4byte	.LASF38
 1662 077c F7010000 		.4byte	.LASF38
 1663 0780 09       		.byte	0x9
 1664 0781 36       		.byte	0x36
 1665 0782 17       		.uleb128 0x17
 1666 0783 A6020000 		.4byte	.LASF39
 1667 0787 A6020000 		.4byte	.LASF39
 1668 078b 08       		.byte	0x8
 1669 078c 8B       		.byte	0x8b
 1670 078d 17       		.uleb128 0x17
 1671 078e 35000000 		.4byte	.LASF40
 1672 0792 35000000 		.4byte	.LASF40
ARM GAS  C:\Users\OLEKSA~1\AppData\Local\Temp\cchGH56P.s 			page 33


 1673 0796 09       		.byte	0x9
 1674 0797 3D       		.byte	0x3d
 1675 0798 17       		.uleb128 0x17
 1676 0799 C9020000 		.4byte	.LASF41
 1677 079d C9020000 		.4byte	.LASF41
 1678 07a1 0A       		.byte	0xa
 1679 07a2 E7       		.byte	0xe7
 1680 07a3 17       		.uleb128 0x17
 1681 07a4 6D010000 		.4byte	.LASF42
 1682 07a8 6D010000 		.4byte	.LASF42
 1683 07ac 09       		.byte	0x9
 1684 07ad 3C       		.byte	0x3c
 1685 07ae 00       		.byte	0
 1686              		.section	.debug_abbrev,"",%progbits
 1687              	.Ldebug_abbrev0:
 1688 0000 01       		.uleb128 0x1
 1689 0001 11       		.uleb128 0x11
 1690 0002 01       		.byte	0x1
 1691 0003 25       		.uleb128 0x25
 1692 0004 0E       		.uleb128 0xe
 1693 0005 13       		.uleb128 0x13
 1694 0006 0B       		.uleb128 0xb
 1695 0007 03       		.uleb128 0x3
 1696 0008 0E       		.uleb128 0xe
 1697 0009 1B       		.uleb128 0x1b
 1698 000a 0E       		.uleb128 0xe
 1699 000b 55       		.uleb128 0x55
 1700 000c 17       		.uleb128 0x17
 1701 000d 11       		.uleb128 0x11
 1702 000e 01       		.uleb128 0x1
 1703 000f 10       		.uleb128 0x10
 1704 0010 17       		.uleb128 0x17
 1705 0011 00       		.byte	0
 1706 0012 00       		.byte	0
 1707 0013 02       		.uleb128 0x2
 1708 0014 24       		.uleb128 0x24
 1709 0015 00       		.byte	0
 1710 0016 0B       		.uleb128 0xb
 1711 0017 0B       		.uleb128 0xb
 1712 0018 3E       		.uleb128 0x3e
 1713 0019 0B       		.uleb128 0xb
 1714 001a 03       		.uleb128 0x3
 1715 001b 0E       		.uleb128 0xe
 1716 001c 00       		.byte	0
 1717 001d 00       		.byte	0
 1718 001e 03       		.uleb128 0x3
 1719 001f 16       		.uleb128 0x16
 1720 0020 00       		.byte	0
 1721 0021 03       		.uleb128 0x3
 1722 0022 0E       		.uleb128 0xe
 1723 0023 3A       		.uleb128 0x3a
 1724 0024 0B       		.uleb128 0xb
 1725 0025 3B       		.uleb128 0x3b
 1726 0026 0B       		.uleb128 0xb
 1727 0027 49       		.uleb128 0x49
 1728 0028 13       		.uleb128 0x13
 1729 0029 00       		.byte	0
ARM GAS  C:\Users\OLEKSA~1\AppData\Local\Temp\cchGH56P.s 			page 34


 1730 002a 00       		.byte	0
 1731 002b 04       		.uleb128 0x4
 1732 002c 24       		.uleb128 0x24
 1733 002d 00       		.byte	0
 1734 002e 0B       		.uleb128 0xb
 1735 002f 0B       		.uleb128 0xb
 1736 0030 3E       		.uleb128 0x3e
 1737 0031 0B       		.uleb128 0xb
 1738 0032 03       		.uleb128 0x3
 1739 0033 08       		.uleb128 0x8
 1740 0034 00       		.byte	0
 1741 0035 00       		.byte	0
 1742 0036 05       		.uleb128 0x5
 1743 0037 16       		.uleb128 0x16
 1744 0038 00       		.byte	0
 1745 0039 03       		.uleb128 0x3
 1746 003a 0E       		.uleb128 0xe
 1747 003b 3A       		.uleb128 0x3a
 1748 003c 0B       		.uleb128 0xb
 1749 003d 3B       		.uleb128 0x3b
 1750 003e 05       		.uleb128 0x5
 1751 003f 49       		.uleb128 0x49
 1752 0040 13       		.uleb128 0x13
 1753 0041 00       		.byte	0
 1754 0042 00       		.byte	0
 1755 0043 06       		.uleb128 0x6
 1756 0044 2E       		.uleb128 0x2e
 1757 0045 01       		.byte	0x1
 1758 0046 3F       		.uleb128 0x3f
 1759 0047 19       		.uleb128 0x19
 1760 0048 03       		.uleb128 0x3
 1761 0049 0E       		.uleb128 0xe
 1762 004a 3A       		.uleb128 0x3a
 1763 004b 0B       		.uleb128 0xb
 1764 004c 3B       		.uleb128 0x3b
 1765 004d 0B       		.uleb128 0xb
 1766 004e 27       		.uleb128 0x27
 1767 004f 19       		.uleb128 0x19
 1768 0050 49       		.uleb128 0x49
 1769 0051 13       		.uleb128 0x13
 1770 0052 11       		.uleb128 0x11
 1771 0053 01       		.uleb128 0x1
 1772 0054 12       		.uleb128 0x12
 1773 0055 06       		.uleb128 0x6
 1774 0056 40       		.uleb128 0x40
 1775 0057 18       		.uleb128 0x18
 1776 0058 9742     		.uleb128 0x2117
 1777 005a 19       		.uleb128 0x19
 1778 005b 01       		.uleb128 0x1
 1779 005c 13       		.uleb128 0x13
 1780 005d 00       		.byte	0
 1781 005e 00       		.byte	0
 1782 005f 07       		.uleb128 0x7
 1783 0060 05       		.uleb128 0x5
 1784 0061 00       		.byte	0
 1785 0062 03       		.uleb128 0x3
 1786 0063 0E       		.uleb128 0xe
ARM GAS  C:\Users\OLEKSA~1\AppData\Local\Temp\cchGH56P.s 			page 35


 1787 0064 3A       		.uleb128 0x3a
 1788 0065 0B       		.uleb128 0xb
 1789 0066 3B       		.uleb128 0x3b
 1790 0067 0B       		.uleb128 0xb
 1791 0068 49       		.uleb128 0x49
 1792 0069 13       		.uleb128 0x13
 1793 006a 02       		.uleb128 0x2
 1794 006b 17       		.uleb128 0x17
 1795 006c 00       		.byte	0
 1796 006d 00       		.byte	0
 1797 006e 08       		.uleb128 0x8
 1798 006f 05       		.uleb128 0x5
 1799 0070 00       		.byte	0
 1800 0071 03       		.uleb128 0x3
 1801 0072 08       		.uleb128 0x8
 1802 0073 3A       		.uleb128 0x3a
 1803 0074 0B       		.uleb128 0xb
 1804 0075 3B       		.uleb128 0x3b
 1805 0076 0B       		.uleb128 0xb
 1806 0077 49       		.uleb128 0x49
 1807 0078 13       		.uleb128 0x13
 1808 0079 02       		.uleb128 0x2
 1809 007a 17       		.uleb128 0x17
 1810 007b 00       		.byte	0
 1811 007c 00       		.byte	0
 1812 007d 09       		.uleb128 0x9
 1813 007e 34       		.uleb128 0x34
 1814 007f 00       		.byte	0
 1815 0080 03       		.uleb128 0x3
 1816 0081 0E       		.uleb128 0xe
 1817 0082 3A       		.uleb128 0x3a
 1818 0083 0B       		.uleb128 0xb
 1819 0084 3B       		.uleb128 0x3b
 1820 0085 0B       		.uleb128 0xb
 1821 0086 49       		.uleb128 0x49
 1822 0087 13       		.uleb128 0x13
 1823 0088 02       		.uleb128 0x2
 1824 0089 18       		.uleb128 0x18
 1825 008a 00       		.byte	0
 1826 008b 00       		.byte	0
 1827 008c 0A       		.uleb128 0xa
 1828 008d 898201   		.uleb128 0x4109
 1829 0090 01       		.byte	0x1
 1830 0091 11       		.uleb128 0x11
 1831 0092 01       		.uleb128 0x1
 1832 0093 31       		.uleb128 0x31
 1833 0094 13       		.uleb128 0x13
 1834 0095 01       		.uleb128 0x1
 1835 0096 13       		.uleb128 0x13
 1836 0097 00       		.byte	0
 1837 0098 00       		.byte	0
 1838 0099 0B       		.uleb128 0xb
 1839 009a 8A8201   		.uleb128 0x410a
 1840 009d 00       		.byte	0
 1841 009e 02       		.uleb128 0x2
 1842 009f 18       		.uleb128 0x18
 1843 00a0 9142     		.uleb128 0x2111
ARM GAS  C:\Users\OLEKSA~1\AppData\Local\Temp\cchGH56P.s 			page 36


 1844 00a2 18       		.uleb128 0x18
 1845 00a3 00       		.byte	0
 1846 00a4 00       		.byte	0
 1847 00a5 0C       		.uleb128 0xc
 1848 00a6 898201   		.uleb128 0x4109
 1849 00a9 00       		.byte	0
 1850 00aa 11       		.uleb128 0x11
 1851 00ab 01       		.uleb128 0x1
 1852 00ac 31       		.uleb128 0x31
 1853 00ad 13       		.uleb128 0x13
 1854 00ae 00       		.byte	0
 1855 00af 00       		.byte	0
 1856 00b0 0D       		.uleb128 0xd
 1857 00b1 2E       		.uleb128 0x2e
 1858 00b2 01       		.byte	0x1
 1859 00b3 3F       		.uleb128 0x3f
 1860 00b4 19       		.uleb128 0x19
 1861 00b5 03       		.uleb128 0x3
 1862 00b6 0E       		.uleb128 0xe
 1863 00b7 3A       		.uleb128 0x3a
 1864 00b8 0B       		.uleb128 0xb
 1865 00b9 3B       		.uleb128 0x3b
 1866 00ba 0B       		.uleb128 0xb
 1867 00bb 27       		.uleb128 0x27
 1868 00bc 19       		.uleb128 0x19
 1869 00bd 11       		.uleb128 0x11
 1870 00be 01       		.uleb128 0x1
 1871 00bf 12       		.uleb128 0x12
 1872 00c0 06       		.uleb128 0x6
 1873 00c1 40       		.uleb128 0x40
 1874 00c2 18       		.uleb128 0x18
 1875 00c3 9742     		.uleb128 0x2117
 1876 00c5 19       		.uleb128 0x19
 1877 00c6 01       		.uleb128 0x1
 1878 00c7 13       		.uleb128 0x13
 1879 00c8 00       		.byte	0
 1880 00c9 00       		.byte	0
 1881 00ca 0E       		.uleb128 0xe
 1882 00cb 898201   		.uleb128 0x4109
 1883 00ce 01       		.byte	0x1
 1884 00cf 11       		.uleb128 0x11
 1885 00d0 01       		.uleb128 0x1
 1886 00d1 31       		.uleb128 0x31
 1887 00d2 13       		.uleb128 0x13
 1888 00d3 00       		.byte	0
 1889 00d4 00       		.byte	0
 1890 00d5 0F       		.uleb128 0xf
 1891 00d6 2E       		.uleb128 0x2e
 1892 00d7 01       		.byte	0x1
 1893 00d8 3F       		.uleb128 0x3f
 1894 00d9 19       		.uleb128 0x19
 1895 00da 03       		.uleb128 0x3
 1896 00db 0E       		.uleb128 0xe
 1897 00dc 3A       		.uleb128 0x3a
 1898 00dd 0B       		.uleb128 0xb
 1899 00de 3B       		.uleb128 0x3b
 1900 00df 0B       		.uleb128 0xb
ARM GAS  C:\Users\OLEKSA~1\AppData\Local\Temp\cchGH56P.s 			page 37


 1901 00e0 27       		.uleb128 0x27
 1902 00e1 19       		.uleb128 0x19
 1903 00e2 11       		.uleb128 0x11
 1904 00e3 01       		.uleb128 0x1
 1905 00e4 12       		.uleb128 0x12
 1906 00e5 06       		.uleb128 0x6
 1907 00e6 40       		.uleb128 0x40
 1908 00e7 18       		.uleb128 0x18
 1909 00e8 9642     		.uleb128 0x2116
 1910 00ea 19       		.uleb128 0x19
 1911 00eb 01       		.uleb128 0x1
 1912 00ec 13       		.uleb128 0x13
 1913 00ed 00       		.byte	0
 1914 00ee 00       		.byte	0
 1915 00ef 10       		.uleb128 0x10
 1916 00f0 2E       		.uleb128 0x2e
 1917 00f1 01       		.byte	0x1
 1918 00f2 3F       		.uleb128 0x3f
 1919 00f3 19       		.uleb128 0x19
 1920 00f4 03       		.uleb128 0x3
 1921 00f5 0E       		.uleb128 0xe
 1922 00f6 3A       		.uleb128 0x3a
 1923 00f7 0B       		.uleb128 0xb
 1924 00f8 3B       		.uleb128 0x3b
 1925 00f9 0B       		.uleb128 0xb
 1926 00fa 49       		.uleb128 0x49
 1927 00fb 13       		.uleb128 0x13
 1928 00fc 8701     		.uleb128 0x87
 1929 00fe 19       		.uleb128 0x19
 1930 00ff 11       		.uleb128 0x11
 1931 0100 01       		.uleb128 0x1
 1932 0101 12       		.uleb128 0x12
 1933 0102 06       		.uleb128 0x6
 1934 0103 40       		.uleb128 0x40
 1935 0104 18       		.uleb128 0x18
 1936 0105 9642     		.uleb128 0x2116
 1937 0107 19       		.uleb128 0x19
 1938 0108 01       		.uleb128 0x1
 1939 0109 13       		.uleb128 0x13
 1940 010a 00       		.byte	0
 1941 010b 00       		.byte	0
 1942 010c 11       		.uleb128 0x11
 1943 010d 34       		.uleb128 0x34
 1944 010e 00       		.byte	0
 1945 010f 03       		.uleb128 0x3
 1946 0110 0E       		.uleb128 0xe
 1947 0111 3A       		.uleb128 0x3a
 1948 0112 0B       		.uleb128 0xb
 1949 0113 3B       		.uleb128 0x3b
 1950 0114 05       		.uleb128 0x5
 1951 0115 49       		.uleb128 0x49
 1952 0116 13       		.uleb128 0x13
 1953 0117 3F       		.uleb128 0x3f
 1954 0118 19       		.uleb128 0x19
 1955 0119 3C       		.uleb128 0x3c
 1956 011a 19       		.uleb128 0x19
 1957 011b 00       		.byte	0
ARM GAS  C:\Users\OLEKSA~1\AppData\Local\Temp\cchGH56P.s 			page 38


 1958 011c 00       		.byte	0
 1959 011d 12       		.uleb128 0x12
 1960 011e 35       		.uleb128 0x35
 1961 011f 00       		.byte	0
 1962 0120 49       		.uleb128 0x49
 1963 0121 13       		.uleb128 0x13
 1964 0122 00       		.byte	0
 1965 0123 00       		.byte	0
 1966 0124 13       		.uleb128 0x13
 1967 0125 34       		.uleb128 0x34
 1968 0126 00       		.byte	0
 1969 0127 03       		.uleb128 0x3
 1970 0128 0E       		.uleb128 0xe
 1971 0129 3A       		.uleb128 0x3a
 1972 012a 0B       		.uleb128 0xb
 1973 012b 3B       		.uleb128 0x3b
 1974 012c 0B       		.uleb128 0xb
 1975 012d 49       		.uleb128 0x49
 1976 012e 13       		.uleb128 0x13
 1977 012f 3F       		.uleb128 0x3f
 1978 0130 19       		.uleb128 0x19
 1979 0131 02       		.uleb128 0x2
 1980 0132 18       		.uleb128 0x18
 1981 0133 00       		.byte	0
 1982 0134 00       		.byte	0
 1983 0135 14       		.uleb128 0x14
 1984 0136 01       		.uleb128 0x1
 1985 0137 01       		.byte	0x1
 1986 0138 49       		.uleb128 0x49
 1987 0139 13       		.uleb128 0x13
 1988 013a 01       		.uleb128 0x1
 1989 013b 13       		.uleb128 0x13
 1990 013c 00       		.byte	0
 1991 013d 00       		.byte	0
 1992 013e 15       		.uleb128 0x15
 1993 013f 21       		.uleb128 0x21
 1994 0140 00       		.byte	0
 1995 0141 49       		.uleb128 0x49
 1996 0142 13       		.uleb128 0x13
 1997 0143 2F       		.uleb128 0x2f
 1998 0144 0B       		.uleb128 0xb
 1999 0145 00       		.byte	0
 2000 0146 00       		.byte	0
 2001 0147 16       		.uleb128 0x16
 2002 0148 34       		.uleb128 0x34
 2003 0149 00       		.byte	0
 2004 014a 03       		.uleb128 0x3
 2005 014b 08       		.uleb128 0x8
 2006 014c 3A       		.uleb128 0x3a
 2007 014d 0B       		.uleb128 0xb
 2008 014e 3B       		.uleb128 0x3b
 2009 014f 0B       		.uleb128 0xb
 2010 0150 49       		.uleb128 0x49
 2011 0151 13       		.uleb128 0x13
 2012 0152 3F       		.uleb128 0x3f
 2013 0153 19       		.uleb128 0x19
 2014 0154 02       		.uleb128 0x2
ARM GAS  C:\Users\OLEKSA~1\AppData\Local\Temp\cchGH56P.s 			page 39


 2015 0155 18       		.uleb128 0x18
 2016 0156 00       		.byte	0
 2017 0157 00       		.byte	0
 2018 0158 17       		.uleb128 0x17
 2019 0159 2E       		.uleb128 0x2e
 2020 015a 00       		.byte	0
 2021 015b 3F       		.uleb128 0x3f
 2022 015c 19       		.uleb128 0x19
 2023 015d 3C       		.uleb128 0x3c
 2024 015e 19       		.uleb128 0x19
 2025 015f 6E       		.uleb128 0x6e
 2026 0160 0E       		.uleb128 0xe
 2027 0161 03       		.uleb128 0x3
 2028 0162 0E       		.uleb128 0xe
 2029 0163 3A       		.uleb128 0x3a
 2030 0164 0B       		.uleb128 0xb
 2031 0165 3B       		.uleb128 0x3b
 2032 0166 0B       		.uleb128 0xb
 2033 0167 00       		.byte	0
 2034 0168 00       		.byte	0
 2035 0169 00       		.byte	0
 2036              		.section	.debug_loc,"",%progbits
 2037              	.Ldebug_loc0:
 2038              	.LLST0:
 2039 0000 00000000 		.4byte	.LVL0
 2040 0004 0B000000 		.4byte	.LVL2-1
 2041 0008 0100     		.2byte	0x1
 2042 000a 50       		.byte	0x50
 2043 000b 0B000000 		.4byte	.LVL2-1
 2044 000f 30000000 		.4byte	.LFE64
 2045 0013 0400     		.2byte	0x4
 2046 0015 F3       		.byte	0xf3
 2047 0016 01       		.uleb128 0x1
 2048 0017 50       		.byte	0x50
 2049 0018 9F       		.byte	0x9f
 2050 0019 00000000 		.4byte	0
 2051 001d 00000000 		.4byte	0
 2052              	.LLST1:
 2053 0021 00000000 		.4byte	.LVL0
 2054 0025 08000000 		.4byte	.LVL1
 2055 0029 0100     		.2byte	0x1
 2056 002b 51       		.byte	0x51
 2057 002c 08000000 		.4byte	.LVL1
 2058 0030 30000000 		.4byte	.LFE64
 2059 0034 0400     		.2byte	0x4
 2060 0036 F3       		.byte	0xf3
 2061 0037 01       		.uleb128 0x1
 2062 0038 51       		.byte	0x51
 2063 0039 9F       		.byte	0x9f
 2064 003a 00000000 		.4byte	0
 2065 003e 00000000 		.4byte	0
 2066              	.LLST2:
 2067 0042 00000000 		.4byte	.LVL9
 2068 0046 0B000000 		.4byte	.LVL11-1
 2069 004a 0100     		.2byte	0x1
 2070 004c 50       		.byte	0x50
 2071 004d 0B000000 		.4byte	.LVL11-1
ARM GAS  C:\Users\OLEKSA~1\AppData\Local\Temp\cchGH56P.s 			page 40


 2072 0051 1E000000 		.4byte	.LFE65
 2073 0055 0400     		.2byte	0x4
 2074 0057 F3       		.byte	0xf3
 2075 0058 01       		.uleb128 0x1
 2076 0059 50       		.byte	0x50
 2077 005a 9F       		.byte	0x9f
 2078 005b 00000000 		.4byte	0
 2079 005f 00000000 		.4byte	0
 2080              	.LLST3:
 2081 0063 00000000 		.4byte	.LVL9
 2082 0067 08000000 		.4byte	.LVL10
 2083 006b 0100     		.2byte	0x1
 2084 006d 51       		.byte	0x51
 2085 006e 08000000 		.4byte	.LVL10
 2086 0072 1E000000 		.4byte	.LFE65
 2087 0076 0400     		.2byte	0x4
 2088 0078 F3       		.byte	0xf3
 2089 0079 01       		.uleb128 0x1
 2090 007a 51       		.byte	0x51
 2091 007b 9F       		.byte	0x9f
 2092 007c 00000000 		.4byte	0
 2093 0080 00000000 		.4byte	0
 2094              	.LLST4:
 2095 0084 00000000 		.4byte	.LVL9
 2096 0088 0B000000 		.4byte	.LVL11-1
 2097 008c 0100     		.2byte	0x1
 2098 008e 52       		.byte	0x52
 2099 008f 0B000000 		.4byte	.LVL11-1
 2100 0093 1E000000 		.4byte	.LFE65
 2101 0097 0400     		.2byte	0x4
 2102 0099 F3       		.byte	0xf3
 2103 009a 01       		.uleb128 0x1
 2104 009b 52       		.byte	0x52
 2105 009c 9F       		.byte	0x9f
 2106 009d 00000000 		.4byte	0
 2107 00a1 00000000 		.4byte	0
 2108              		.section	.debug_aranges,"",%progbits
 2109 0000 44000000 		.4byte	0x44
 2110 0004 0200     		.2byte	0x2
 2111 0006 00000000 		.4byte	.Ldebug_info0
 2112 000a 04       		.byte	0x4
 2113 000b 00       		.byte	0
 2114 000c 0000     		.2byte	0
 2115 000e 0000     		.2byte	0
 2116 0010 00000000 		.4byte	.LFB64
 2117 0014 30000000 		.4byte	.LFE64-.LFB64
 2118 0018 00000000 		.4byte	.LFB65
 2119 001c 1E000000 		.4byte	.LFE65-.LFB65
 2120 0020 00000000 		.4byte	.LFB66
 2121 0024 2E000000 		.4byte	.LFE66-.LFB66
 2122 0028 00000000 		.4byte	.LFB67
 2123 002c B4000000 		.4byte	.LFE67-.LFB67
 2124 0030 00000000 		.4byte	.LFB68
 2125 0034 90000000 		.4byte	.LFE68-.LFB68
 2126 0038 00000000 		.4byte	.LFB69
 2127 003c 20010000 		.4byte	.LFE69-.LFB69
 2128 0040 00000000 		.4byte	0
ARM GAS  C:\Users\OLEKSA~1\AppData\Local\Temp\cchGH56P.s 			page 41


 2129 0044 00000000 		.4byte	0
 2130              		.section	.debug_ranges,"",%progbits
 2131              	.Ldebug_ranges0:
 2132 0000 00000000 		.4byte	.LFB64
 2133 0004 30000000 		.4byte	.LFE64
 2134 0008 00000000 		.4byte	.LFB65
 2135 000c 1E000000 		.4byte	.LFE65
 2136 0010 00000000 		.4byte	.LFB66
 2137 0014 2E000000 		.4byte	.LFE66
 2138 0018 00000000 		.4byte	.LFB67
 2139 001c B4000000 		.4byte	.LFE67
 2140 0020 00000000 		.4byte	.LFB68
 2141 0024 90000000 		.4byte	.LFE68
 2142 0028 00000000 		.4byte	.LFB69
 2143 002c 20010000 		.4byte	.LFE69
 2144 0030 00000000 		.4byte	0
 2145 0034 00000000 		.4byte	0
 2146              		.section	.debug_line,"",%progbits
 2147              	.Ldebug_line0:
 2148 0000 D0020000 		.section	.debug_str,"MS",%progbits,1
 2148      0200E601 
 2148      00000201 
 2148      FB0E0D00 
 2148      01010101 
 2149              	.LASF9:
 2150 0000 5F5F696E 		.ascii	"__int32_t\000"
 2150      7433325F 
 2150      7400
 2151              	.LASF27:
 2152 000a 63616C5F 		.ascii	"cal_Y\000"
 2152      5900
 2153              	.LASF3:
 2154 0010 73686F72 		.ascii	"short unsigned int\000"
 2154      7420756E 
 2154      7369676E 
 2154      65642069 
 2154      6E7400
 2155              	.LASF36:
 2156 0023 4932435F 		.ascii	"I2C_Start\000"
 2156      53746172 
 2156      7400
 2157              	.LASF10:
 2158 002d 696E7433 		.ascii	"int32_t\000"
 2158      325F7400 
 2159              	.LASF40:
 2160 0035 4C43445F 		.ascii	"LCD_Position\000"
 2160      506F7369 
 2160      74696F6E 
 2160      00
 2161              	.LASF12:
 2162 0042 666C6F61 		.ascii	"float\000"
 2162      7400
 2163              	.LASF18:
 2164 0048 64617461 		.ascii	"data\000"
 2164      00
 2165              	.LASF1:
 2166 004d 756E7369 		.ascii	"unsigned char\000"
ARM GAS  C:\Users\OLEKSA~1\AppData\Local\Temp\cchGH56P.s 			page 42


 2166      676E6564 
 2166      20636861 
 2166      7200
 2167              	.LASF43:
 2168 005b 474E5520 		.ascii	"GNU C11 5.4.1 20160609 (release) [ARM/embedded-5-br"
 2168      43313120 
 2168      352E342E 
 2168      31203230 
 2168      31363036 
 2169 008e 616E6368 		.ascii	"anch revision 237715] -mcpu=cortex-m3 -mthumb -g -O"
 2169      20726576 
 2169      6973696F 
 2169      6E203233 
 2169      37373135 
 2170 00c1 67202D66 		.ascii	"g -ffunction-sections -ffat-lto-objects\000"
 2170      66756E63 
 2170      74696F6E 
 2170      2D736563 
 2170      74696F6E 
 2171              	.LASF11:
 2172 00e9 696E7431 		.ascii	"int16\000"
 2172      3600
 2173              	.LASF5:
 2174 00ef 6C6F6E67 		.ascii	"long unsigned int\000"
 2174      20756E73 
 2174      69676E65 
 2174      6420696E 
 2174      7400
 2175              	.LASF23:
 2176 0101 52656164 		.ascii	"Read_I2C\000"
 2176      5F493243 
 2176      00
 2177              	.LASF37:
 2178 010a 55415254 		.ascii	"UART_Start\000"
 2178      5F537461 
 2178      727400
 2179              	.LASF30:
 2180 0115 4932435F 		.ascii	"I2C_MasterSendStart\000"
 2180      4D617374 
 2180      65725365 
 2180      6E645374 
 2180      61727400 
 2181              	.LASF25:
 2182 0129 49544D5F 		.ascii	"ITM_RxBuffer\000"
 2182      52784275 
 2182      66666572 
 2182      00
 2183              	.LASF17:
 2184 0136 42757341 		.ascii	"BusAddress\000"
 2184      64647265 
 2184      737300
 2185              	.LASF13:
 2186 0141 646F7562 		.ascii	"double\000"
 2186      6C6500
 2187              	.LASF22:
 2188 0148 4F666673 		.ascii	"Offset_Calibration\000"
 2188      65745F43 
ARM GAS  C:\Users\OLEKSA~1\AppData\Local\Temp\cchGH56P.s 			page 43


 2188      616C6962 
 2188      72617469 
 2188      6F6E00
 2189              	.LASF24:
 2190 015b 6D61696E 		.ascii	"main\000"
 2190      00
 2191              	.LASF20:
 2192 0160 4144584C 		.ascii	"ADXL345_Init\000"
 2192      3334355F 
 2192      496E6974 
 2192      00
 2193              	.LASF42:
 2194 016d 4C43445F 		.ascii	"LCD_PrintString\000"
 2194      5072696E 
 2194      74537472 
 2194      696E6700 
 2195              	.LASF8:
 2196 017d 756E7369 		.ascii	"unsigned int\000"
 2196      676E6564 
 2196      20696E74 
 2196      00
 2197              	.LASF7:
 2198 018a 6C6F6E67 		.ascii	"long long unsigned int\000"
 2198      206C6F6E 
 2198      6720756E 
 2198      7369676E 
 2198      65642069 
 2199              	.LASF32:
 2200 01a1 4932435F 		.ascii	"I2C_MasterSendRestart\000"
 2200      4D617374 
 2200      65725365 
 2200      6E645265 
 2200      73746172 
 2201              	.LASF15:
 2202 01b7 6C6F6E67 		.ascii	"long double\000"
 2202      20646F75 
 2202      626C6500 
 2203              	.LASF16:
 2204 01c3 73697A65 		.ascii	"sizetype\000"
 2204      74797065 
 2204      00
 2205              	.LASF6:
 2206 01cc 6C6F6E67 		.ascii	"long long int\000"
 2206      206C6F6E 
 2206      6720696E 
 2206      7400
 2207              	.LASF44:
 2208 01da 6D61696E 		.ascii	"main.c\000"
 2208      2E6300
 2209              	.LASF14:
 2210 01e1 63686172 		.ascii	"char\000"
 2210      00
 2211              	.LASF21:
 2212 01e6 4765745F 		.ascii	"Get_Accel_Values\000"
 2212      41636365 
 2212      6C5F5661 
 2212      6C756573 
ARM GAS  C:\Users\OLEKSA~1\AppData\Local\Temp\cchGH56P.s 			page 44


 2212      00
 2213              	.LASF38:
 2214 01f7 4C43445F 		.ascii	"LCD_Init\000"
 2214      496E6974 
 2214      00
 2215              	.LASF34:
 2216 0200 4932435F 		.ascii	"I2C_MasterReadByte\000"
 2216      4D617374 
 2216      65725265 
 2216      61644279 
 2216      746500
 2217              	.LASF2:
 2218 0213 73686F72 		.ascii	"short int\000"
 2218      7420696E 
 2218      7400
 2219              	.LASF45:
 2220 021d 433A5C55 		.ascii	"C:\\Users\\oleksandr\\Documents\\PSoC Creator\\Work"
 2220      73657273 
 2220      5C6F6C65 
 2220      6B73616E 
 2220      64725C44 
 2221 024b 73706163 		.ascii	"space07\\ADXL345.cydsn\000"
 2221      6530375C 
 2221      4144584C 
 2221      3334352E 
 2221      63796473 
 2222              	.LASF29:
 2223 0261 62756666 		.ascii	"buffer\000"
 2223      657200
 2224              	.LASF35:
 2225 0268 4932435F 		.ascii	"I2C_MasterSendStop\000"
 2225      4D617374 
 2225      65725365 
 2225      6E645374 
 2225      6F7000
 2226              	.LASF4:
 2227 027b 6C6F6E67 		.ascii	"long int\000"
 2227      20696E74 
 2227      00
 2228              	.LASF26:
 2229 0284 63616C5F 		.ascii	"cal_X\000"
 2229      5800
 2230              	.LASF19:
 2231 028a 57726974 		.ascii	"Write_I2C\000"
 2231      655F4932 
 2231      4300
 2232              	.LASF28:
 2233 0294 63616C5F 		.ascii	"cal_Z\000"
 2233      5A00
 2234              	.LASF0:
 2235 029a 7369676E 		.ascii	"signed char\000"
 2235      65642063 
 2235      68617200 
 2236              	.LASF39:
 2237 02a6 55415254 		.ascii	"UART_PutString\000"
 2237      5F507574 
 2237      53747269 
ARM GAS  C:\Users\OLEKSA~1\AppData\Local\Temp\cchGH56P.s 			page 45


 2237      6E6700
 2238              	.LASF31:
 2239 02b5 4932435F 		.ascii	"I2C_MasterWriteByte\000"
 2239      4D617374 
 2239      65725772 
 2239      69746542 
 2239      79746500 
 2240              	.LASF41:
 2241 02c9 73707269 		.ascii	"sprintf\000"
 2241      6E746600 
 2242              	.LASF33:
 2243 02d1 43794465 		.ascii	"CyDelay\000"
 2243      6C617900 
 2244              		.ident	"GCC: (GNU Tools for ARM Embedded Processors) 5.4.1 20160609 (release) [ARM/embedded-5-bran
