ARM GAS  C:\Users\slavi\AppData\Local\Temp\ccm89HsE.s 			page 1


   1              		.syntax unified
   2              		.cpu cortex-m3
   3              		.fpu softvfp
   4              		.eabi_attribute 20, 1
   5              		.eabi_attribute 21, 1
   6              		.eabi_attribute 23, 3
   7              		.eabi_attribute 24, 1
   8              		.eabi_attribute 25, 1
   9              		.eabi_attribute 26, 1
  10              		.eabi_attribute 30, 1
  11              		.eabi_attribute 34, 1
  12              		.eabi_attribute 18, 4
  13              		.thumb
  14              		.syntax unified
  15              		.file	"main.c"
  16              		.text
  17              	.Ltext0:
  18              		.cfi_sections	.debug_frame
  19              		.section	.text.Read_I2C,"ax",%progbits
  20              		.align	2
  21              		.global	Read_I2C
  22              		.thumb
  23              		.thumb_func
  24              		.type	Read_I2C, %function
  25              	Read_I2C:
  26              	.LFB64:
  27              		.file 1 "main.c"
   1:main.c        **** /* ========================================
   2:main.c        ****  *
   3:main.c        ****  * Copyright YOUR COMPANY, THE YEAR
   4:main.c        ****  * All Rights Reserved
   5:main.c        ****  * UNPUBLISHED, LICENSED SOFTWARE.
   6:main.c        ****  *
   7:main.c        ****  * CONFIDENTIAL AND PROPRIETARY INFORMATION
   8:main.c        ****  * WHICH IS THE PROPERTY OF your company.
   9:main.c        ****  *
  10:main.c        ****  * ========================================
  11:main.c        **** */
  12:main.c        **** #include <project.h>
  13:main.c        **** #include <stdio.h>
  14:main.c        **** 
  15:main.c        **** #define     ADXL345_Addr    0x53
  16:main.c        **** #define     RA_BW_RATE          0x2C    // R/W   0x0A   Data rate and power mode control
  17:main.c        **** #define 	RA_DATA_FORMAT 	    0x31 	// R/W 	 0   	Data format control
  18:main.c        **** #define 	RA_POWER_CTL 	    0x2D 	// R/W 	 0   	Power-saving features control
  19:main.c        **** #define 	RA_DATAX0 	        0x32 	// R 	 0 	    X-Axis Data 0
  20:main.c        **** #define 	RA_DATAX1 	        0x33 	// R 	 0 	    X-Axis Data 1
  21:main.c        **** #define 	RA_DATAY0 	        0x34 	// R 	 0 	    Y-Axis Data 0
  22:main.c        **** #define 	RA_DATAY1 	        0x35 	// R 	 0 	    Y-Axis Data 1
  23:main.c        **** #define 	RA_DATAZ0 	        0x36 	// R 	 0 	    Z-Axis Data 0
  24:main.c        **** #define 	RA_DATAZ1 	        0x37 	// R 	 0 	    Z-Axis Data 1
  25:main.c        **** #define     RA_OFSX             0x1E    // R/W   0      X-axis offset
  26:main.c        **** #define     RA_OFSY             0x1F    // R/W   0      Y-axis offset
  27:main.c        **** #define     RA_OFSZ             0x20    // R/W   0      Z-axis offset
  28:main.c        **** 
  29:main.c        **** #define SCALE_FACTOR 3.9f               // convert raw x,y,z values to corresponding g-values
  30:main.c        **** 
ARM GAS  C:\Users\slavi\AppData\Local\Temp\ccm89HsE.s 			page 2


  31:main.c        **** float cal_X = 0, cal_Y = 0, cal_Z = 0;  // x,y,z values for offset calibration
  32:main.c        **** 
  33:main.c        **** char buffer[50];                        // buffer to convert numbers to strings
  34:main.c        **** int16 x, y, z;
  35:main.c        **** float xg, yg, zg;
  36:main.c        **** 
  37:main.c        **** unsigned char Read_I2C(unsigned char BusAddress , unsigned char reg)
  38:main.c        **** {  
  28              		.loc 1 38 0
  29              		.cfi_startproc
  30              		@ args = 0, pretend = 0, frame = 0
  31              		@ frame_needed = 0, uses_anonymous_args = 0
  32              	.LVL0:
  33 0000 38B5     		push	{r3, r4, r5, lr}
  34              		.cfi_def_cfa_offset 16
  35              		.cfi_offset 3, -16
  36              		.cfi_offset 4, -12
  37              		.cfi_offset 5, -8
  38              		.cfi_offset 14, -4
  39 0002 0446     		mov	r4, r0
  40 0004 0D46     		mov	r5, r1
  39:main.c        ****     unsigned char data;
  40:main.c        **** 
  41:main.c        ****     I2C_MasterSendStart(BusAddress,I2C_WRITE_XFER_MODE);    // Initialize a transaction for writing
  41              		.loc 1 41 0
  42 0006 0021     		movs	r1, #0
  43              	.LVL1:
  44 0008 FFF7FEFF 		bl	I2C_MasterSendStart
  45              	.LVL2:
  42:main.c        ****     I2C_MasterWriteByte(reg);                                // Indicate which register you want to
  46              		.loc 1 42 0
  47 000c 2846     		mov	r0, r5
  48 000e FFF7FEFF 		bl	I2C_MasterWriteByte
  49              	.LVL3:
  43:main.c        ****     I2C_MasterSendRestart(BusAddress,I2C_READ_XFER_MODE);   // Initialize a transaction for reading
  50              		.loc 1 43 0
  51 0012 0121     		movs	r1, #1
  52 0014 2046     		mov	r0, r4
  53 0016 FFF7FEFF 		bl	I2C_MasterSendRestart
  54              	.LVL4:
  44:main.c        ****     
  45:main.c        ****     CyDelay(1u);
  55              		.loc 1 45 0
  56 001a 0120     		movs	r0, #1
  57 001c FFF7FEFF 		bl	CyDelay
  58              	.LVL5:
  46:main.c        ****     
  47:main.c        ****     data = I2C_MasterReadByte(I2C_ACK_DATA);       // Read from register
  59              		.loc 1 47 0
  60 0020 0120     		movs	r0, #1
  61 0022 FFF7FEFF 		bl	I2C_MasterReadByte
  62              	.LVL6:
  63 0026 0446     		mov	r4, r0
  64              	.LVL7:
  48:main.c        ****     //I2C_MasterReadByte(I2C_NAK_DATA);            // Read from register, last byte is NAKed (optio
  49:main.c        ****     I2C_MasterSendStop();                           // End of transaction
  65              		.loc 1 49 0
ARM GAS  C:\Users\slavi\AppData\Local\Temp\ccm89HsE.s 			page 3


  66 0028 FFF7FEFF 		bl	I2C_MasterSendStop
  67              	.LVL8:
  50:main.c        ****     return data;
  51:main.c        **** }
  68              		.loc 1 51 0
  69 002c 2046     		mov	r0, r4
  70 002e 38BD     		pop	{r3, r4, r5, pc}
  71              		.cfi_endproc
  72              	.LFE64:
  73              		.size	Read_I2C, .-Read_I2C
  74              		.section	.text.Write_I2C,"ax",%progbits
  75              		.align	2
  76              		.global	Write_I2C
  77              		.thumb
  78              		.thumb_func
  79              		.type	Write_I2C, %function
  80              	Write_I2C:
  81              	.LFB65:
  52:main.c        **** 
  53:main.c        **** void Write_I2C(unsigned char BusAddress , unsigned char reg , unsigned char data)
  54:main.c        **** {
  82              		.loc 1 54 0
  83              		.cfi_startproc
  84              		@ args = 0, pretend = 0, frame = 0
  85              		@ frame_needed = 0, uses_anonymous_args = 0
  86              	.LVL9:
  87 0000 38B5     		push	{r3, r4, r5, lr}
  88              		.cfi_def_cfa_offset 16
  89              		.cfi_offset 3, -16
  90              		.cfi_offset 4, -12
  91              		.cfi_offset 5, -8
  92              		.cfi_offset 14, -4
  93 0002 0D46     		mov	r5, r1
  94 0004 1446     		mov	r4, r2
  55:main.c        ****     I2C_MasterSendStart(BusAddress,I2C_WRITE_XFER_MODE);     // Initialize a transaction for writin
  95              		.loc 1 55 0
  96 0006 0021     		movs	r1, #0
  97              	.LVL10:
  98 0008 FFF7FEFF 		bl	I2C_MasterSendStart
  99              	.LVL11:
  56:main.c        ****     I2C_MasterWriteByte(reg);                                // Indicate which register you want to
 100              		.loc 1 56 0
 101 000c 2846     		mov	r0, r5
 102 000e FFF7FEFF 		bl	I2C_MasterWriteByte
 103              	.LVL12:
  57:main.c        ****     I2C_MasterWriteByte(data);                              // Write to register
 104              		.loc 1 57 0
 105 0012 2046     		mov	r0, r4
 106 0014 FFF7FEFF 		bl	I2C_MasterWriteByte
 107              	.LVL13:
  58:main.c        ****     I2C_MasterSendStop();                                   // End of transaction
 108              		.loc 1 58 0
 109 0018 FFF7FEFF 		bl	I2C_MasterSendStop
 110              	.LVL14:
 111 001c 38BD     		pop	{r3, r4, r5, pc}
 112              		.cfi_endproc
 113              	.LFE65:
ARM GAS  C:\Users\slavi\AppData\Local\Temp\ccm89HsE.s 			page 4


 114              		.size	Write_I2C, .-Write_I2C
 115 001e 00BF     		.section	.text.ADXL345_Init,"ax",%progbits
 116              		.align	2
 117              		.global	ADXL345_Init
 118              		.thumb
 119              		.thumb_func
 120              		.type	ADXL345_Init, %function
 121              	ADXL345_Init:
 122              	.LFB66:
  59:main.c        **** }
  60:main.c        **** 
  61:main.c        **** void ADXL345_Init(void)
  62:main.c        **** {
 123              		.loc 1 62 0
 124              		.cfi_startproc
 125              		@ args = 0, pretend = 0, frame = 0
 126              		@ frame_needed = 0, uses_anonymous_args = 0
 127 0000 08B5     		push	{r3, lr}
 128              		.cfi_def_cfa_offset 8
 129              		.cfi_offset 3, -8
 130              		.cfi_offset 14, -4
  63:main.c        ****     CyDelay(2u);
 131              		.loc 1 63 0
 132 0002 0220     		movs	r0, #2
 133 0004 FFF7FEFF 		bl	CyDelay
 134              	.LVL15:
  64:main.c        ****     Write_I2C(ADXL345_Addr,RA_BW_RATE, 0x0A);       //  100 Hz
 135              		.loc 1 64 0
 136 0008 0A22     		movs	r2, #10
 137 000a 2C21     		movs	r1, #44
 138 000c 5320     		movs	r0, #83
 139 000e FFF7FEFF 		bl	Write_I2C
 140              	.LVL16:
  65:main.c        ****     Write_I2C(ADXL345_Addr,RA_DATA_FORMAT, 0x09);   //  +/-4g , 13-BIT MODE
 141              		.loc 1 65 0
 142 0012 0922     		movs	r2, #9
 143 0014 3121     		movs	r1, #49
 144 0016 5320     		movs	r0, #83
 145 0018 FFF7FEFF 		bl	Write_I2C
 146              	.LVL17:
  66:main.c        ****     Write_I2C(ADXL345_Addr,RA_POWER_CTL, 0x08);     //  START MEASUREMENT
 147              		.loc 1 66 0
 148 001c 0822     		movs	r2, #8
 149 001e 2D21     		movs	r1, #45
 150 0020 5320     		movs	r0, #83
 151 0022 FFF7FEFF 		bl	Write_I2C
 152              	.LVL18:
  67:main.c        ****     CyDelay(2u);
 153              		.loc 1 67 0
 154 0026 0220     		movs	r0, #2
 155 0028 FFF7FEFF 		bl	CyDelay
 156              	.LVL19:
 157 002c 08BD     		pop	{r3, pc}
 158              		.cfi_endproc
 159              	.LFE66:
 160              		.size	ADXL345_Init, .-ADXL345_Init
 161              		.global	__aeabi_i2f
ARM GAS  C:\Users\slavi\AppData\Local\Temp\ccm89HsE.s 			page 5


 162              		.global	__aeabi_fmul
 163              		.global	__aeabi_fdiv
 164 002e 00BF     		.section	.text.Get_Accel_Values,"ax",%progbits
 165              		.align	2
 166              		.global	Get_Accel_Values
 167              		.thumb
 168              		.thumb_func
 169              		.type	Get_Accel_Values, %function
 170              	Get_Accel_Values:
 171              	.LFB67:
  68:main.c        **** }
  69:main.c        **** 
  70:main.c        **** void Get_Accel_Values(void)
  71:main.c        **** {
 172              		.loc 1 71 0
 173              		.cfi_startproc
 174              		@ args = 0, pretend = 0, frame = 0
 175              		@ frame_needed = 0, uses_anonymous_args = 0
 176 0000 70B5     		push	{r4, r5, r6, lr}
 177              		.cfi_def_cfa_offset 16
 178              		.cfi_offset 4, -16
 179              		.cfi_offset 5, -12
 180              		.cfi_offset 6, -8
 181              		.cfi_offset 14, -4
  72:main.c        ****     x = ((Read_I2C(ADXL345_Addr, RA_DATAX1) << 8) | Read_I2C(ADXL345_Addr, RA_DATAX0)); 
 182              		.loc 1 72 0
 183 0002 3321     		movs	r1, #51
 184 0004 5320     		movs	r0, #83
 185 0006 FFF7FEFF 		bl	Read_I2C
 186              	.LVL20:
 187 000a 0402     		lsls	r4, r0, #8
 188 000c 3221     		movs	r1, #50
 189 000e 5320     		movs	r0, #83
 190 0010 FFF7FEFF 		bl	Read_I2C
 191              	.LVL21:
 192 0014 1F4D     		ldr	r5, .L9
 193 0016 2043     		orrs	r0, r0, r4
 194 0018 2880     		strh	r0, [r5]	@ movhi
  73:main.c        ****     y = ((Read_I2C(ADXL345_Addr, RA_DATAY1) << 8) | Read_I2C(ADXL345_Addr, RA_DATAY0)); 
 195              		.loc 1 73 0
 196 001a 3521     		movs	r1, #53
 197 001c 5320     		movs	r0, #83
 198 001e FFF7FEFF 		bl	Read_I2C
 199              	.LVL22:
 200 0022 0402     		lsls	r4, r0, #8
 201 0024 3421     		movs	r1, #52
 202 0026 5320     		movs	r0, #83
 203 0028 FFF7FEFF 		bl	Read_I2C
 204              	.LVL23:
 205 002c 1A4E     		ldr	r6, .L9+4
 206 002e 2043     		orrs	r0, r0, r4
 207 0030 3080     		strh	r0, [r6]	@ movhi
  74:main.c        ****     z = ((Read_I2C(ADXL345_Addr, RA_DATAZ1) << 8) | Read_I2C(ADXL345_Addr, RA_DATAZ0)); 
 208              		.loc 1 74 0
 209 0032 3721     		movs	r1, #55
 210 0034 5320     		movs	r0, #83
 211 0036 FFF7FEFF 		bl	Read_I2C
ARM GAS  C:\Users\slavi\AppData\Local\Temp\ccm89HsE.s 			page 6


 212              	.LVL24:
 213 003a 0402     		lsls	r4, r0, #8
 214 003c 3621     		movs	r1, #54
 215 003e 5320     		movs	r0, #83
 216 0040 FFF7FEFF 		bl	Read_I2C
 217              	.LVL25:
 218 0044 2043     		orrs	r0, r0, r4
 219 0046 04B2     		sxth	r4, r0
 220 0048 144B     		ldr	r3, .L9+8
 221 004a 1C80     		strh	r4, [r3]	@ movhi
  75:main.c        ****     
  76:main.c        ****     xg = SCALE_FACTOR * (float)x / 1000.0;
 222              		.loc 1 76 0
 223 004c B5F90000 		ldrsh	r0, [r5]
 224 0050 FFF7FEFF 		bl	__aeabi_i2f
 225              	.LVL26:
 226 0054 1249     		ldr	r1, .L9+12
 227 0056 FFF7FEFF 		bl	__aeabi_fmul
 228              	.LVL27:
 229 005a 1249     		ldr	r1, .L9+16
 230 005c FFF7FEFF 		bl	__aeabi_fdiv
 231              	.LVL28:
 232 0060 114B     		ldr	r3, .L9+20
 233 0062 1860     		str	r0, [r3]	@ float
  77:main.c        ****     yg = SCALE_FACTOR * (float)y / 1000.0;
 234              		.loc 1 77 0
 235 0064 B6F90000 		ldrsh	r0, [r6]
 236 0068 FFF7FEFF 		bl	__aeabi_i2f
 237              	.LVL29:
 238 006c 0C49     		ldr	r1, .L9+12
 239 006e FFF7FEFF 		bl	__aeabi_fmul
 240              	.LVL30:
 241 0072 0C49     		ldr	r1, .L9+16
 242 0074 FFF7FEFF 		bl	__aeabi_fdiv
 243              	.LVL31:
 244 0078 0C4B     		ldr	r3, .L9+24
 245 007a 1860     		str	r0, [r3]	@ float
  78:main.c        ****     zg = SCALE_FACTOR * (float)z / 1000.0;   
 246              		.loc 1 78 0
 247 007c 2046     		mov	r0, r4
 248 007e FFF7FEFF 		bl	__aeabi_i2f
 249              	.LVL32:
 250 0082 0749     		ldr	r1, .L9+12
 251 0084 FFF7FEFF 		bl	__aeabi_fmul
 252              	.LVL33:
 253 0088 0649     		ldr	r1, .L9+16
 254 008a FFF7FEFF 		bl	__aeabi_fdiv
 255              	.LVL34:
 256 008e 084B     		ldr	r3, .L9+28
 257 0090 1860     		str	r0, [r3]	@ float
 258 0092 70BD     		pop	{r4, r5, r6, pc}
 259              	.L10:
 260              		.align	2
 261              	.L9:
 262 0094 00000000 		.word	x
 263 0098 00000000 		.word	y
 264 009c 00000000 		.word	z
ARM GAS  C:\Users\slavi\AppData\Local\Temp\ccm89HsE.s 			page 7


 265 00a0 9A997940 		.word	1081711002
 266 00a4 00007A44 		.word	1148846080
 267 00a8 00000000 		.word	xg
 268 00ac 00000000 		.word	yg
 269 00b0 00000000 		.word	zg
 270              		.cfi_endproc
 271              	.LFE67:
 272              		.size	Get_Accel_Values, .-Get_Accel_Values
 273              		.global	__aeabi_f2uiz
 274              		.section	.text.Offset_Calibration,"ax",%progbits
 275              		.align	2
 276              		.global	Offset_Calibration
 277              		.thumb
 278              		.thumb_func
 279              		.type	Offset_Calibration, %function
 280              	Offset_Calibration:
 281              	.LFB68:
  79:main.c        **** }
  80:main.c        **** 
  81:main.c        **** void Offset_Calibration(void)
  82:main.c        **** {
 282              		.loc 1 82 0
 283              		.cfi_startproc
 284              		@ args = 0, pretend = 0, frame = 0
 285              		@ frame_needed = 0, uses_anonymous_args = 0
 286 0000 38B5     		push	{r3, r4, r5, lr}
 287              		.cfi_def_cfa_offset 16
 288              		.cfi_offset 3, -16
 289              		.cfi_offset 4, -12
 290              		.cfi_offset 5, -8
 291              		.cfi_offset 14, -4
  83:main.c        ****     cal_X = -1 * ((Read_I2C(ADXL345_Addr, RA_DATAX1) << 8) | Read_I2C(ADXL345_Addr, RA_DATAX0));
 292              		.loc 1 83 0
 293 0002 3321     		movs	r1, #51
 294 0004 5320     		movs	r0, #83
 295 0006 FFF7FEFF 		bl	Read_I2C
 296              	.LVL35:
 297 000a 0402     		lsls	r4, r0, #8
 298 000c 3221     		movs	r1, #50
 299 000e 5320     		movs	r0, #83
 300 0010 FFF7FEFF 		bl	Read_I2C
 301              	.LVL36:
 302 0014 2043     		orrs	r0, r0, r4
 303 0016 1D4C     		ldr	r4, .L13
 304 0018 4042     		negs	r0, r0
 305 001a FFF7FEFF 		bl	__aeabi_i2f
 306              	.LVL37:
 307 001e 2060     		str	r0, [r4]	@ float
  84:main.c        ****     cal_Y = -1 * ((Read_I2C(ADXL345_Addr, RA_DATAY1) << 8) | Read_I2C(ADXL345_Addr, RA_DATAY0));
 308              		.loc 1 84 0
 309 0020 3521     		movs	r1, #53
 310 0022 5320     		movs	r0, #83
 311 0024 FFF7FEFF 		bl	Read_I2C
 312              	.LVL38:
 313 0028 0502     		lsls	r5, r0, #8
 314 002a 3421     		movs	r1, #52
 315 002c 5320     		movs	r0, #83
ARM GAS  C:\Users\slavi\AppData\Local\Temp\ccm89HsE.s 			page 8


 316 002e FFF7FEFF 		bl	Read_I2C
 317              	.LVL39:
 318 0032 2843     		orrs	r0, r0, r5
 319 0034 4042     		negs	r0, r0
 320 0036 FFF7FEFF 		bl	__aeabi_i2f
 321              	.LVL40:
 322 003a 6060     		str	r0, [r4, #4]	@ float
  85:main.c        ****     cal_Z = -1 * ((Read_I2C(ADXL345_Addr, RA_DATAZ1) << 8) | Read_I2C(ADXL345_Addr, RA_DATAZ0));
 323              		.loc 1 85 0
 324 003c 3721     		movs	r1, #55
 325 003e 5320     		movs	r0, #83
 326 0040 FFF7FEFF 		bl	Read_I2C
 327              	.LVL41:
 328 0044 0502     		lsls	r5, r0, #8
 329 0046 3621     		movs	r1, #54
 330 0048 5320     		movs	r0, #83
 331 004a FFF7FEFF 		bl	Read_I2C
 332              	.LVL42:
 333 004e 2843     		orrs	r0, r0, r5
 334 0050 4042     		negs	r0, r0
 335 0052 FFF7FEFF 		bl	__aeabi_i2f
 336              	.LVL43:
 337 0056 A060     		str	r0, [r4, #8]	@ float
  86:main.c        ****     
  87:main.c        ****     Write_I2C(ADXL345_Addr, RA_OFSX, cal_X);
 338              		.loc 1 87 0
 339 0058 2068     		ldr	r0, [r4]	@ float
 340 005a FFF7FEFF 		bl	__aeabi_f2uiz
 341              	.LVL44:
 342 005e C2B2     		uxtb	r2, r0
 343 0060 1E21     		movs	r1, #30
 344 0062 5320     		movs	r0, #83
 345 0064 FFF7FEFF 		bl	Write_I2C
 346              	.LVL45:
  88:main.c        ****     Write_I2C(ADXL345_Addr, RA_OFSY, cal_Y);
 347              		.loc 1 88 0
 348 0068 6068     		ldr	r0, [r4, #4]	@ float
 349 006a FFF7FEFF 		bl	__aeabi_f2uiz
 350              	.LVL46:
 351 006e C2B2     		uxtb	r2, r0
 352 0070 1F21     		movs	r1, #31
 353 0072 5320     		movs	r0, #83
 354 0074 FFF7FEFF 		bl	Write_I2C
 355              	.LVL47:
  89:main.c        ****     Write_I2C(ADXL345_Addr, RA_OFSZ, cal_Z);
 356              		.loc 1 89 0
 357 0078 A068     		ldr	r0, [r4, #8]	@ float
 358 007a FFF7FEFF 		bl	__aeabi_f2uiz
 359              	.LVL48:
 360 007e C2B2     		uxtb	r2, r0
 361 0080 2021     		movs	r1, #32
 362 0082 5320     		movs	r0, #83
 363 0084 FFF7FEFF 		bl	Write_I2C
 364              	.LVL49:
 365 0088 38BD     		pop	{r3, r4, r5, pc}
 366              	.L14:
 367 008a 00BF     		.align	2
ARM GAS  C:\Users\slavi\AppData\Local\Temp\ccm89HsE.s 			page 9


 368              	.L13:
 369 008c 00000000 		.word	.LANCHOR0
 370              		.cfi_endproc
 371              	.LFE68:
 372              		.size	Offset_Calibration, .-Offset_Calibration
 373              		.global	__aeabi_f2d
 374              		.section	.text.main,"ax",%progbits
 375              		.align	2
 376              		.global	main
 377              		.thumb
 378              		.thumb_func
 379              		.type	main, %function
 380              	main:
 381              	.LFB69:
  90:main.c        **** }
  91:main.c        **** 
  92:main.c        **** int main()
  93:main.c        **** {    
 382              		.loc 1 93 0
 383              		.cfi_startproc
 384              		@ Volatile: function does not return.
 385              		@ args = 0, pretend = 0, frame = 0
 386              		@ frame_needed = 0, uses_anonymous_args = 0
 387 0000 08B5     		push	{r3, lr}
 388              		.cfi_def_cfa_offset 8
 389              		.cfi_offset 3, -8
 390              		.cfi_offset 14, -4
  94:main.c        ****     CyGlobalIntEnable; /* Enable global interrupts. */
 391              		.loc 1 94 0
 392              		.syntax unified
 393              	@ 94 "main.c" 1
 394 0002 62B6     		CPSIE   i
 395              	@ 0 "" 2
  95:main.c        **** 
  96:main.c        ****     I2C_Start();
 396              		.loc 1 96 0
 397              		.thumb
 398              		.syntax unified
 399 0004 FFF7FEFF 		bl	I2C_Start
 400              	.LVL50:
  97:main.c        ****     UART_Start();
 401              		.loc 1 97 0
 402 0008 FFF7FEFF 		bl	UART_Start
 403              	.LVL51:
  98:main.c        ****     
  99:main.c        ****     ADXL345_Init();
 404              		.loc 1 99 0
 405 000c FFF7FEFF 		bl	ADXL345_Init
 406              	.LVL52:
 100:main.c        ****     //Offset_Calibration();
 101:main.c        ****     
 102:main.c        ****     UART_PutString("***ADXL345***");
 407              		.loc 1 102 0
 408 0010 2A48     		ldr	r0, .L18
 409 0012 FFF7FEFF 		bl	UART_PutString
 410              	.LVL53:
 103:main.c        ****     UART_PutString("\r\n");
ARM GAS  C:\Users\slavi\AppData\Local\Temp\ccm89HsE.s 			page 10


 411              		.loc 1 103 0
 412 0016 2A48     		ldr	r0, .L18+4
 413 0018 FFF7FEFF 		bl	UART_PutString
 414              	.LVL54:
 415              	.L16:
 104:main.c        ****     
 105:main.c        ****     for(;;)
 106:main.c        ****     {
 107:main.c        ****         Get_Accel_Values();
 416              		.loc 1 107 0 discriminator 1
 417 001c FFF7FEFF 		bl	Get_Accel_Values
 418              	.LVL55:
 108:main.c        **** 
 109:main.c        ****         sprintf(buffer,"X: %3d   ", x);
 419              		.loc 1 109 0 discriminator 1
 420 0020 284C     		ldr	r4, .L18+8
 421 0022 294B     		ldr	r3, .L18+12
 422 0024 B3F90020 		ldrsh	r2, [r3]
 423 0028 2849     		ldr	r1, .L18+16
 424 002a 2046     		mov	r0, r4
 425 002c FFF7FEFF 		bl	sprintf
 426              	.LVL56:
 110:main.c        ****         UART_PutString(buffer);
 427              		.loc 1 110 0 discriminator 1
 428 0030 2046     		mov	r0, r4
 429 0032 FFF7FEFF 		bl	UART_PutString
 430              	.LVL57:
 111:main.c        **** 
 112:main.c        ****         sprintf(buffer,"Y: %3d   ", y);
 431              		.loc 1 112 0 discriminator 1
 432 0036 264B     		ldr	r3, .L18+20
 433 0038 B3F90020 		ldrsh	r2, [r3]
 434 003c 2549     		ldr	r1, .L18+24
 435 003e 2046     		mov	r0, r4
 436 0040 FFF7FEFF 		bl	sprintf
 437              	.LVL58:
 113:main.c        ****         UART_PutString(buffer);
 438              		.loc 1 113 0 discriminator 1
 439 0044 2046     		mov	r0, r4
 440 0046 FFF7FEFF 		bl	UART_PutString
 441              	.LVL59:
 114:main.c        **** 
 115:main.c        ****         sprintf(buffer,"Z: %3d   ", z);
 442              		.loc 1 115 0 discriminator 1
 443 004a 234B     		ldr	r3, .L18+28
 444 004c B3F90020 		ldrsh	r2, [r3]
 445 0050 2249     		ldr	r1, .L18+32
 446 0052 2046     		mov	r0, r4
 447 0054 FFF7FEFF 		bl	sprintf
 448              	.LVL60:
 116:main.c        ****         UART_PutString(buffer);
 449              		.loc 1 116 0 discriminator 1
 450 0058 2046     		mov	r0, r4
 451 005a FFF7FEFF 		bl	UART_PutString
 452              	.LVL61:
 117:main.c        ****         
 118:main.c        ****         sprintf(buffer,"Xg: %.2f   ", xg);
ARM GAS  C:\Users\slavi\AppData\Local\Temp\ccm89HsE.s 			page 11


 453              		.loc 1 118 0 discriminator 1
 454 005e 204B     		ldr	r3, .L18+36
 455 0060 1868     		ldr	r0, [r3]	@ float
 456 0062 FFF7FEFF 		bl	__aeabi_f2d
 457              	.LVL62:
 458 0066 0246     		mov	r2, r0
 459 0068 0B46     		mov	r3, r1
 460 006a 1E49     		ldr	r1, .L18+40
 461 006c 2046     		mov	r0, r4
 462 006e FFF7FEFF 		bl	sprintf
 463              	.LVL63:
 119:main.c        ****         UART_PutString(buffer);
 464              		.loc 1 119 0 discriminator 1
 465 0072 2046     		mov	r0, r4
 466 0074 FFF7FEFF 		bl	UART_PutString
 467              	.LVL64:
 120:main.c        **** 
 121:main.c        ****         sprintf(buffer,"Yg: %.2f   ", yg);
 468              		.loc 1 121 0 discriminator 1
 469 0078 1B4B     		ldr	r3, .L18+44
 470 007a 1868     		ldr	r0, [r3]	@ float
 471 007c FFF7FEFF 		bl	__aeabi_f2d
 472              	.LVL65:
 473 0080 0246     		mov	r2, r0
 474 0082 0B46     		mov	r3, r1
 475 0084 1949     		ldr	r1, .L18+48
 476 0086 2046     		mov	r0, r4
 477 0088 FFF7FEFF 		bl	sprintf
 478              	.LVL66:
 122:main.c        ****         UART_PutString(buffer);
 479              		.loc 1 122 0 discriminator 1
 480 008c 2046     		mov	r0, r4
 481 008e FFF7FEFF 		bl	UART_PutString
 482              	.LVL67:
 123:main.c        **** 
 124:main.c        ****         sprintf(buffer,"Zg: %.2f   ", zg);
 483              		.loc 1 124 0 discriminator 1
 484 0092 174B     		ldr	r3, .L18+52
 485 0094 1868     		ldr	r0, [r3]	@ float
 486 0096 FFF7FEFF 		bl	__aeabi_f2d
 487              	.LVL68:
 488 009a 0246     		mov	r2, r0
 489 009c 0B46     		mov	r3, r1
 490 009e 1549     		ldr	r1, .L18+56
 491 00a0 2046     		mov	r0, r4
 492 00a2 FFF7FEFF 		bl	sprintf
 493              	.LVL69:
 125:main.c        ****         UART_PutString(buffer);
 494              		.loc 1 125 0 discriminator 1
 495 00a6 2046     		mov	r0, r4
 496 00a8 FFF7FEFF 		bl	UART_PutString
 497              	.LVL70:
 126:main.c        ****         
 127:main.c        ****         UART_PutString("\r\n");
 498              		.loc 1 127 0 discriminator 1
 499 00ac 0448     		ldr	r0, .L18+4
 500 00ae FFF7FEFF 		bl	UART_PutString
ARM GAS  C:\Users\slavi\AppData\Local\Temp\ccm89HsE.s 			page 12


 501              	.LVL71:
 128:main.c        ****         
 129:main.c        ****         CyDelay(500);
 502              		.loc 1 129 0 discriminator 1
 503 00b2 4FF4FA70 		mov	r0, #500
 504 00b6 FFF7FEFF 		bl	CyDelay
 505              	.LVL72:
 506 00ba AFE7     		b	.L16
 507              	.L19:
 508              		.align	2
 509              	.L18:
 510 00bc 00000000 		.word	.LC0
 511 00c0 10000000 		.word	.LC1
 512 00c4 00000000 		.word	buffer
 513 00c8 00000000 		.word	x
 514 00cc 14000000 		.word	.LC2
 515 00d0 00000000 		.word	y
 516 00d4 20000000 		.word	.LC3
 517 00d8 00000000 		.word	z
 518 00dc 2C000000 		.word	.LC4
 519 00e0 00000000 		.word	xg
 520 00e4 38000000 		.word	.LC5
 521 00e8 00000000 		.word	yg
 522 00ec 44000000 		.word	.LC6
 523 00f0 00000000 		.word	zg
 524 00f4 50000000 		.word	.LC7
 525              		.cfi_endproc
 526              	.LFE69:
 527              		.size	main, .-main
 528              		.comm	zg,4,4
 529              		.comm	yg,4,4
 530              		.comm	xg,4,4
 531              		.comm	z,2,2
 532              		.comm	y,2,2
 533              		.comm	x,2,2
 534              		.comm	buffer,50,4
 535              		.global	cal_Z
 536              		.global	cal_Y
 537              		.global	cal_X
 538              		.section	.rodata.str1.4,"aMS",%progbits,1
 539              		.align	2
 540              	.LC0:
 541 0000 2A2A2A41 		.ascii	"***ADXL345***\000"
 541      44584C33 
 541      34352A2A 
 541      2A00
 542 000e 0000     		.space	2
 543              	.LC1:
 544 0010 0D0A00   		.ascii	"\015\012\000"
 545 0013 00       		.space	1
 546              	.LC2:
 547 0014 583A2025 		.ascii	"X: %3d   \000"
 547      33642020 
 547      2000
 548 001e 0000     		.space	2
 549              	.LC3:
 550 0020 593A2025 		.ascii	"Y: %3d   \000"
ARM GAS  C:\Users\slavi\AppData\Local\Temp\ccm89HsE.s 			page 13


 550      33642020 
 550      2000
 551 002a 0000     		.space	2
 552              	.LC4:
 553 002c 5A3A2025 		.ascii	"Z: %3d   \000"
 553      33642020 
 553      2000
 554 0036 0000     		.space	2
 555              	.LC5:
 556 0038 58673A20 		.ascii	"Xg: %.2f   \000"
 556      252E3266 
 556      20202000 
 557              	.LC6:
 558 0044 59673A20 		.ascii	"Yg: %.2f   \000"
 558      252E3266 
 558      20202000 
 559              	.LC7:
 560 0050 5A673A20 		.ascii	"Zg: %.2f   \000"
 560      252E3266 
 560      20202000 
 561              		.bss
 562              		.align	2
 563              		.set	.LANCHOR0,. + 0
 564              		.type	cal_X, %object
 565              		.size	cal_X, 4
 566              	cal_X:
 567 0000 00000000 		.space	4
 568              		.type	cal_Y, %object
 569              		.size	cal_Y, 4
 570              	cal_Y:
 571 0004 00000000 		.space	4
 572              		.type	cal_Z, %object
 573              		.size	cal_Z, 4
 574              	cal_Z:
 575 0008 00000000 		.space	4
 576              		.text
 577              	.Letext0:
 578              		.file 2 "c:\\program files (x86)\\cypress\\psoc creator\\4.4\\psoc creator\\import\\gnu\\arm\\5.4.
 579              		.file 3 "c:\\program files (x86)\\cypress\\psoc creator\\4.4\\psoc creator\\import\\gnu\\arm\\5.4.
 580              		.file 4 "Generated_Source\\PSoC5/cytypes.h"
 581              		.file 5 "Generated_Source\\PSoC5/core_cm3.h"
 582              		.file 6 "Generated_Source\\PSoC5/I2C.h"
 583              		.file 7 "Generated_Source\\PSoC5/CyLib.h"
 584              		.file 8 "Generated_Source\\PSoC5/UART.h"
 585              		.file 9 "c:\\program files (x86)\\cypress\\psoc creator\\4.4\\psoc creator\\import\\gnu\\arm\\5.4.
 586              		.section	.debug_info,"",%progbits
 587              	.Ldebug_info0:
 588 0000 15070000 		.4byte	0x715
 589 0004 0400     		.2byte	0x4
 590 0006 00000000 		.4byte	.Ldebug_abbrev0
 591 000a 04       		.byte	0x4
 592 000b 01       		.uleb128 0x1
 593 000c 4E000000 		.4byte	.LASF40
 594 0010 0C       		.byte	0xc
 595 0011 FE010000 		.4byte	.LASF41
 596 0015 AF010000 		.4byte	.LASF42
 597 0019 00000000 		.4byte	.Ldebug_ranges0+0
ARM GAS  C:\Users\slavi\AppData\Local\Temp\ccm89HsE.s 			page 14


 598 001d 00000000 		.4byte	0
 599 0021 00000000 		.4byte	.Ldebug_line0
 600 0025 02       		.uleb128 0x2
 601 0026 01       		.byte	0x1
 602 0027 06       		.byte	0x6
 603 0028 71020000 		.4byte	.LASF0
 604 002c 02       		.uleb128 0x2
 605 002d 01       		.byte	0x1
 606 002e 08       		.byte	0x8
 607 002f 40000000 		.4byte	.LASF1
 608 0033 02       		.uleb128 0x2
 609 0034 02       		.byte	0x2
 610 0035 05       		.byte	0x5
 611 0036 2E020000 		.4byte	.LASF2
 612 003a 02       		.uleb128 0x2
 613 003b 02       		.byte	0x2
 614 003c 07       		.byte	0x7
 615 003d 10000000 		.4byte	.LASF3
 616 0041 03       		.uleb128 0x3
 617 0042 00000000 		.4byte	.LASF9
 618 0046 02       		.byte	0x2
 619 0047 3F       		.byte	0x3f
 620 0048 4C000000 		.4byte	0x4c
 621 004c 02       		.uleb128 0x2
 622 004d 04       		.byte	0x4
 623 004e 05       		.byte	0x5
 624 004f 52020000 		.4byte	.LASF4
 625 0053 02       		.uleb128 0x2
 626 0054 04       		.byte	0x4
 627 0055 07       		.byte	0x7
 628 0056 E2000000 		.4byte	.LASF5
 629 005a 02       		.uleb128 0x2
 630 005b 08       		.byte	0x8
 631 005c 05       		.byte	0x5
 632 005d F0010000 		.4byte	.LASF6
 633 0061 02       		.uleb128 0x2
 634 0062 08       		.byte	0x8
 635 0063 07       		.byte	0x7
 636 0064 6D010000 		.4byte	.LASF7
 637 0068 04       		.uleb128 0x4
 638 0069 04       		.byte	0x4
 639 006a 05       		.byte	0x5
 640 006b 696E7400 		.ascii	"int\000"
 641 006f 02       		.uleb128 0x2
 642 0070 04       		.byte	0x4
 643 0071 07       		.byte	0x7
 644 0072 60010000 		.4byte	.LASF8
 645 0076 03       		.uleb128 0x3
 646 0077 2D000000 		.4byte	.LASF10
 647 007b 03       		.byte	0x3
 648 007c 2C       		.byte	0x2c
 649 007d 41000000 		.4byte	0x41
 650 0081 05       		.uleb128 0x5
 651 0082 DC000000 		.4byte	.LASF11
 652 0086 04       		.byte	0x4
 653 0087 EC01     		.2byte	0x1ec
 654 0089 33000000 		.4byte	0x33
ARM GAS  C:\Users\slavi\AppData\Local\Temp\ccm89HsE.s 			page 15


 655 008d 02       		.uleb128 0x2
 656 008e 04       		.byte	0x4
 657 008f 04       		.byte	0x4
 658 0090 35000000 		.4byte	.LASF12
 659 0094 02       		.uleb128 0x2
 660 0095 08       		.byte	0x8
 661 0096 04       		.byte	0x4
 662 0097 34010000 		.4byte	.LASF13
 663 009b 02       		.uleb128 0x2
 664 009c 01       		.byte	0x1
 665 009d 08       		.byte	0x8
 666 009e 05020000 		.4byte	.LASF14
 667 00a2 02       		.uleb128 0x2
 668 00a3 08       		.byte	0x8
 669 00a4 04       		.byte	0x4
 670 00a5 9A010000 		.4byte	.LASF15
 671 00a9 02       		.uleb128 0x2
 672 00aa 04       		.byte	0x4
 673 00ab 07       		.byte	0x7
 674 00ac A6010000 		.4byte	.LASF16
 675 00b0 06       		.uleb128 0x6
 676 00b1 F4000000 		.4byte	.LASF23
 677 00b5 01       		.byte	0x1
 678 00b6 25       		.byte	0x25
 679 00b7 2C000000 		.4byte	0x2c
 680 00bb 00000000 		.4byte	.LFB64
 681 00bf 30000000 		.4byte	.LFE64-.LFB64
 682 00c3 01       		.uleb128 0x1
 683 00c4 9C       		.byte	0x9c
 684 00c5 6A010000 		.4byte	0x16a
 685 00c9 07       		.uleb128 0x7
 686 00ca 29010000 		.4byte	.LASF17
 687 00ce 01       		.byte	0x1
 688 00cf 25       		.byte	0x25
 689 00d0 2C000000 		.4byte	0x2c
 690 00d4 00000000 		.4byte	.LLST0
 691 00d8 08       		.uleb128 0x8
 692 00d9 72656700 		.ascii	"reg\000"
 693 00dd 01       		.byte	0x1
 694 00de 25       		.byte	0x25
 695 00df 2C000000 		.4byte	0x2c
 696 00e3 21000000 		.4byte	.LLST1
 697 00e7 09       		.uleb128 0x9
 698 00e8 3B000000 		.4byte	.LASF18
 699 00ec 01       		.byte	0x1
 700 00ed 27       		.byte	0x27
 701 00ee 2C000000 		.4byte	0x2c
 702 00f2 01       		.uleb128 0x1
 703 00f3 54       		.byte	0x54
 704 00f4 0A       		.uleb128 0xa
 705 00f5 0C000000 		.4byte	.LVL2
 706 00f9 AA060000 		.4byte	0x6aa
 707 00fd 0D010000 		.4byte	0x10d
 708 0101 0B       		.uleb128 0xb
 709 0102 01       		.uleb128 0x1
 710 0103 50       		.byte	0x50
 711 0104 02       		.uleb128 0x2
ARM GAS  C:\Users\slavi\AppData\Local\Temp\ccm89HsE.s 			page 16


 712 0105 74       		.byte	0x74
 713 0106 00       		.sleb128 0
 714 0107 0B       		.uleb128 0xb
 715 0108 01       		.uleb128 0x1
 716 0109 51       		.byte	0x51
 717 010a 01       		.uleb128 0x1
 718 010b 30       		.byte	0x30
 719 010c 00       		.byte	0
 720 010d 0A       		.uleb128 0xa
 721 010e 12000000 		.4byte	.LVL3
 722 0112 B5060000 		.4byte	0x6b5
 723 0116 21010000 		.4byte	0x121
 724 011a 0B       		.uleb128 0xb
 725 011b 01       		.uleb128 0x1
 726 011c 50       		.byte	0x50
 727 011d 02       		.uleb128 0x2
 728 011e 75       		.byte	0x75
 729 011f 00       		.sleb128 0
 730 0120 00       		.byte	0
 731 0121 0A       		.uleb128 0xa
 732 0122 1A000000 		.4byte	.LVL4
 733 0126 C0060000 		.4byte	0x6c0
 734 012a 3A010000 		.4byte	0x13a
 735 012e 0B       		.uleb128 0xb
 736 012f 01       		.uleb128 0x1
 737 0130 50       		.byte	0x50
 738 0131 02       		.uleb128 0x2
 739 0132 74       		.byte	0x74
 740 0133 00       		.sleb128 0
 741 0134 0B       		.uleb128 0xb
 742 0135 01       		.uleb128 0x1
 743 0136 51       		.byte	0x51
 744 0137 01       		.uleb128 0x1
 745 0138 31       		.byte	0x31
 746 0139 00       		.byte	0
 747 013a 0A       		.uleb128 0xa
 748 013b 20000000 		.4byte	.LVL5
 749 013f CB060000 		.4byte	0x6cb
 750 0143 4D010000 		.4byte	0x14d
 751 0147 0B       		.uleb128 0xb
 752 0148 01       		.uleb128 0x1
 753 0149 50       		.byte	0x50
 754 014a 01       		.uleb128 0x1
 755 014b 31       		.byte	0x31
 756 014c 00       		.byte	0
 757 014d 0A       		.uleb128 0xa
 758 014e 26000000 		.4byte	.LVL6
 759 0152 D6060000 		.4byte	0x6d6
 760 0156 60010000 		.4byte	0x160
 761 015a 0B       		.uleb128 0xb
 762 015b 01       		.uleb128 0x1
 763 015c 50       		.byte	0x50
 764 015d 01       		.uleb128 0x1
 765 015e 31       		.byte	0x31
 766 015f 00       		.byte	0
 767 0160 0C       		.uleb128 0xc
 768 0161 2C000000 		.4byte	.LVL8
ARM GAS  C:\Users\slavi\AppData\Local\Temp\ccm89HsE.s 			page 17


 769 0165 E1060000 		.4byte	0x6e1
 770 0169 00       		.byte	0
 771 016a 0D       		.uleb128 0xd
 772 016b 61020000 		.4byte	.LASF19
 773 016f 01       		.byte	0x1
 774 0170 35       		.byte	0x35
 775 0171 00000000 		.4byte	.LFB65
 776 0175 1E000000 		.4byte	.LFE65-.LFB65
 777 0179 01       		.uleb128 0x1
 778 017a 9C       		.byte	0x9c
 779 017b F1010000 		.4byte	0x1f1
 780 017f 07       		.uleb128 0x7
 781 0180 29010000 		.4byte	.LASF17
 782 0184 01       		.byte	0x1
 783 0185 35       		.byte	0x35
 784 0186 2C000000 		.4byte	0x2c
 785 018a 42000000 		.4byte	.LLST2
 786 018e 08       		.uleb128 0x8
 787 018f 72656700 		.ascii	"reg\000"
 788 0193 01       		.byte	0x1
 789 0194 35       		.byte	0x35
 790 0195 2C000000 		.4byte	0x2c
 791 0199 63000000 		.4byte	.LLST3
 792 019d 07       		.uleb128 0x7
 793 019e 3B000000 		.4byte	.LASF18
 794 01a2 01       		.byte	0x1
 795 01a3 35       		.byte	0x35
 796 01a4 2C000000 		.4byte	0x2c
 797 01a8 84000000 		.4byte	.LLST4
 798 01ac 0A       		.uleb128 0xa
 799 01ad 0C000000 		.4byte	.LVL11
 800 01b1 AA060000 		.4byte	0x6aa
 801 01b5 BF010000 		.4byte	0x1bf
 802 01b9 0B       		.uleb128 0xb
 803 01ba 01       		.uleb128 0x1
 804 01bb 51       		.byte	0x51
 805 01bc 01       		.uleb128 0x1
 806 01bd 30       		.byte	0x30
 807 01be 00       		.byte	0
 808 01bf 0A       		.uleb128 0xa
 809 01c0 12000000 		.4byte	.LVL12
 810 01c4 B5060000 		.4byte	0x6b5
 811 01c8 D3010000 		.4byte	0x1d3
 812 01cc 0B       		.uleb128 0xb
 813 01cd 01       		.uleb128 0x1
 814 01ce 50       		.byte	0x50
 815 01cf 02       		.uleb128 0x2
 816 01d0 75       		.byte	0x75
 817 01d1 00       		.sleb128 0
 818 01d2 00       		.byte	0
 819 01d3 0A       		.uleb128 0xa
 820 01d4 18000000 		.4byte	.LVL13
 821 01d8 B5060000 		.4byte	0x6b5
 822 01dc E7010000 		.4byte	0x1e7
 823 01e0 0B       		.uleb128 0xb
 824 01e1 01       		.uleb128 0x1
 825 01e2 50       		.byte	0x50
ARM GAS  C:\Users\slavi\AppData\Local\Temp\ccm89HsE.s 			page 18


 826 01e3 02       		.uleb128 0x2
 827 01e4 74       		.byte	0x74
 828 01e5 00       		.sleb128 0
 829 01e6 00       		.byte	0
 830 01e7 0C       		.uleb128 0xc
 831 01e8 1C000000 		.4byte	.LVL14
 832 01ec E1060000 		.4byte	0x6e1
 833 01f0 00       		.byte	0
 834 01f1 0D       		.uleb128 0xd
 835 01f2 53010000 		.4byte	.LASF20
 836 01f6 01       		.byte	0x1
 837 01f7 3D       		.byte	0x3d
 838 01f8 00000000 		.4byte	.LFB66
 839 01fc 2E000000 		.4byte	.LFE66-.LFB66
 840 0200 01       		.uleb128 0x1
 841 0201 9C       		.byte	0x9c
 842 0202 86020000 		.4byte	0x286
 843 0206 0A       		.uleb128 0xa
 844 0207 08000000 		.4byte	.LVL15
 845 020b CB060000 		.4byte	0x6cb
 846 020f 19020000 		.4byte	0x219
 847 0213 0B       		.uleb128 0xb
 848 0214 01       		.uleb128 0x1
 849 0215 50       		.byte	0x50
 850 0216 01       		.uleb128 0x1
 851 0217 32       		.byte	0x32
 852 0218 00       		.byte	0
 853 0219 0A       		.uleb128 0xa
 854 021a 12000000 		.4byte	.LVL16
 855 021e 6A010000 		.4byte	0x16a
 856 0222 38020000 		.4byte	0x238
 857 0226 0B       		.uleb128 0xb
 858 0227 01       		.uleb128 0x1
 859 0228 50       		.byte	0x50
 860 0229 02       		.uleb128 0x2
 861 022a 08       		.byte	0x8
 862 022b 53       		.byte	0x53
 863 022c 0B       		.uleb128 0xb
 864 022d 01       		.uleb128 0x1
 865 022e 51       		.byte	0x51
 866 022f 02       		.uleb128 0x2
 867 0230 08       		.byte	0x8
 868 0231 2C       		.byte	0x2c
 869 0232 0B       		.uleb128 0xb
 870 0233 01       		.uleb128 0x1
 871 0234 52       		.byte	0x52
 872 0235 01       		.uleb128 0x1
 873 0236 3A       		.byte	0x3a
 874 0237 00       		.byte	0
 875 0238 0A       		.uleb128 0xa
 876 0239 1C000000 		.4byte	.LVL17
 877 023d 6A010000 		.4byte	0x16a
 878 0241 57020000 		.4byte	0x257
 879 0245 0B       		.uleb128 0xb
 880 0246 01       		.uleb128 0x1
 881 0247 50       		.byte	0x50
 882 0248 02       		.uleb128 0x2
ARM GAS  C:\Users\slavi\AppData\Local\Temp\ccm89HsE.s 			page 19


 883 0249 08       		.byte	0x8
 884 024a 53       		.byte	0x53
 885 024b 0B       		.uleb128 0xb
 886 024c 01       		.uleb128 0x1
 887 024d 51       		.byte	0x51
 888 024e 02       		.uleb128 0x2
 889 024f 08       		.byte	0x8
 890 0250 31       		.byte	0x31
 891 0251 0B       		.uleb128 0xb
 892 0252 01       		.uleb128 0x1
 893 0253 52       		.byte	0x52
 894 0254 01       		.uleb128 0x1
 895 0255 39       		.byte	0x39
 896 0256 00       		.byte	0
 897 0257 0A       		.uleb128 0xa
 898 0258 26000000 		.4byte	.LVL18
 899 025c 6A010000 		.4byte	0x16a
 900 0260 76020000 		.4byte	0x276
 901 0264 0B       		.uleb128 0xb
 902 0265 01       		.uleb128 0x1
 903 0266 50       		.byte	0x50
 904 0267 02       		.uleb128 0x2
 905 0268 08       		.byte	0x8
 906 0269 53       		.byte	0x53
 907 026a 0B       		.uleb128 0xb
 908 026b 01       		.uleb128 0x1
 909 026c 51       		.byte	0x51
 910 026d 02       		.uleb128 0x2
 911 026e 08       		.byte	0x8
 912 026f 2D       		.byte	0x2d
 913 0270 0B       		.uleb128 0xb
 914 0271 01       		.uleb128 0x1
 915 0272 52       		.byte	0x52
 916 0273 01       		.uleb128 0x1
 917 0274 38       		.byte	0x38
 918 0275 00       		.byte	0
 919 0276 0E       		.uleb128 0xe
 920 0277 2C000000 		.4byte	.LVL19
 921 027b CB060000 		.4byte	0x6cb
 922 027f 0B       		.uleb128 0xb
 923 0280 01       		.uleb128 0x1
 924 0281 50       		.byte	0x50
 925 0282 01       		.uleb128 0x1
 926 0283 32       		.byte	0x32
 927 0284 00       		.byte	0
 928 0285 00       		.byte	0
 929 0286 0F       		.uleb128 0xf
 930 0287 0A020000 		.4byte	.LASF21
 931 028b 01       		.byte	0x1
 932 028c 46       		.byte	0x46
 933 028d 00000000 		.4byte	.LFB67
 934 0291 B4000000 		.4byte	.LFE67-.LFB67
 935 0295 01       		.uleb128 0x1
 936 0296 9C       		.byte	0x9c
 937 0297 34030000 		.4byte	0x334
 938 029b 0A       		.uleb128 0xa
 939 029c 0A000000 		.4byte	.LVL20
ARM GAS  C:\Users\slavi\AppData\Local\Temp\ccm89HsE.s 			page 20


 940 02a0 B0000000 		.4byte	0xb0
 941 02a4 B5020000 		.4byte	0x2b5
 942 02a8 0B       		.uleb128 0xb
 943 02a9 01       		.uleb128 0x1
 944 02aa 50       		.byte	0x50
 945 02ab 02       		.uleb128 0x2
 946 02ac 08       		.byte	0x8
 947 02ad 53       		.byte	0x53
 948 02ae 0B       		.uleb128 0xb
 949 02af 01       		.uleb128 0x1
 950 02b0 51       		.byte	0x51
 951 02b1 02       		.uleb128 0x2
 952 02b2 08       		.byte	0x8
 953 02b3 33       		.byte	0x33
 954 02b4 00       		.byte	0
 955 02b5 0A       		.uleb128 0xa
 956 02b6 14000000 		.4byte	.LVL21
 957 02ba B0000000 		.4byte	0xb0
 958 02be CF020000 		.4byte	0x2cf
 959 02c2 0B       		.uleb128 0xb
 960 02c3 01       		.uleb128 0x1
 961 02c4 50       		.byte	0x50
 962 02c5 02       		.uleb128 0x2
 963 02c6 08       		.byte	0x8
 964 02c7 53       		.byte	0x53
 965 02c8 0B       		.uleb128 0xb
 966 02c9 01       		.uleb128 0x1
 967 02ca 51       		.byte	0x51
 968 02cb 02       		.uleb128 0x2
 969 02cc 08       		.byte	0x8
 970 02cd 32       		.byte	0x32
 971 02ce 00       		.byte	0
 972 02cf 0A       		.uleb128 0xa
 973 02d0 22000000 		.4byte	.LVL22
 974 02d4 B0000000 		.4byte	0xb0
 975 02d8 E9020000 		.4byte	0x2e9
 976 02dc 0B       		.uleb128 0xb
 977 02dd 01       		.uleb128 0x1
 978 02de 50       		.byte	0x50
 979 02df 02       		.uleb128 0x2
 980 02e0 08       		.byte	0x8
 981 02e1 53       		.byte	0x53
 982 02e2 0B       		.uleb128 0xb
 983 02e3 01       		.uleb128 0x1
 984 02e4 51       		.byte	0x51
 985 02e5 02       		.uleb128 0x2
 986 02e6 08       		.byte	0x8
 987 02e7 35       		.byte	0x35
 988 02e8 00       		.byte	0
 989 02e9 0A       		.uleb128 0xa
 990 02ea 2C000000 		.4byte	.LVL23
 991 02ee B0000000 		.4byte	0xb0
 992 02f2 03030000 		.4byte	0x303
 993 02f6 0B       		.uleb128 0xb
 994 02f7 01       		.uleb128 0x1
 995 02f8 50       		.byte	0x50
 996 02f9 02       		.uleb128 0x2
ARM GAS  C:\Users\slavi\AppData\Local\Temp\ccm89HsE.s 			page 21


 997 02fa 08       		.byte	0x8
 998 02fb 53       		.byte	0x53
 999 02fc 0B       		.uleb128 0xb
 1000 02fd 01       		.uleb128 0x1
 1001 02fe 51       		.byte	0x51
 1002 02ff 02       		.uleb128 0x2
 1003 0300 08       		.byte	0x8
 1004 0301 34       		.byte	0x34
 1005 0302 00       		.byte	0
 1006 0303 0A       		.uleb128 0xa
 1007 0304 3A000000 		.4byte	.LVL24
 1008 0308 B0000000 		.4byte	0xb0
 1009 030c 1D030000 		.4byte	0x31d
 1010 0310 0B       		.uleb128 0xb
 1011 0311 01       		.uleb128 0x1
 1012 0312 50       		.byte	0x50
 1013 0313 02       		.uleb128 0x2
 1014 0314 08       		.byte	0x8
 1015 0315 53       		.byte	0x53
 1016 0316 0B       		.uleb128 0xb
 1017 0317 01       		.uleb128 0x1
 1018 0318 51       		.byte	0x51
 1019 0319 02       		.uleb128 0x2
 1020 031a 08       		.byte	0x8
 1021 031b 37       		.byte	0x37
 1022 031c 00       		.byte	0
 1023 031d 0E       		.uleb128 0xe
 1024 031e 44000000 		.4byte	.LVL25
 1025 0322 B0000000 		.4byte	0xb0
 1026 0326 0B       		.uleb128 0xb
 1027 0327 01       		.uleb128 0x1
 1028 0328 50       		.byte	0x50
 1029 0329 02       		.uleb128 0x2
 1030 032a 08       		.byte	0x8
 1031 032b 53       		.byte	0x53
 1032 032c 0B       		.uleb128 0xb
 1033 032d 01       		.uleb128 0x1
 1034 032e 51       		.byte	0x51
 1035 032f 02       		.uleb128 0x2
 1036 0330 08       		.byte	0x8
 1037 0331 36       		.byte	0x36
 1038 0332 00       		.byte	0
 1039 0333 00       		.byte	0
 1040 0334 0F       		.uleb128 0xf
 1041 0335 3B010000 		.4byte	.LASF22
 1042 0339 01       		.byte	0x1
 1043 033a 51       		.byte	0x51
 1044 033b 00000000 		.4byte	.LFB68
 1045 033f 90000000 		.4byte	.LFE68-.LFB68
 1046 0343 01       		.uleb128 0x1
 1047 0344 9C       		.byte	0x9c
 1048 0345 2E040000 		.4byte	0x42e
 1049 0349 0A       		.uleb128 0xa
 1050 034a 0A000000 		.4byte	.LVL35
 1051 034e B0000000 		.4byte	0xb0
 1052 0352 63030000 		.4byte	0x363
 1053 0356 0B       		.uleb128 0xb
ARM GAS  C:\Users\slavi\AppData\Local\Temp\ccm89HsE.s 			page 22


 1054 0357 01       		.uleb128 0x1
 1055 0358 50       		.byte	0x50
 1056 0359 02       		.uleb128 0x2
 1057 035a 08       		.byte	0x8
 1058 035b 53       		.byte	0x53
 1059 035c 0B       		.uleb128 0xb
 1060 035d 01       		.uleb128 0x1
 1061 035e 51       		.byte	0x51
 1062 035f 02       		.uleb128 0x2
 1063 0360 08       		.byte	0x8
 1064 0361 33       		.byte	0x33
 1065 0362 00       		.byte	0
 1066 0363 0A       		.uleb128 0xa
 1067 0364 14000000 		.4byte	.LVL36
 1068 0368 B0000000 		.4byte	0xb0
 1069 036c 7D030000 		.4byte	0x37d
 1070 0370 0B       		.uleb128 0xb
 1071 0371 01       		.uleb128 0x1
 1072 0372 50       		.byte	0x50
 1073 0373 02       		.uleb128 0x2
 1074 0374 08       		.byte	0x8
 1075 0375 53       		.byte	0x53
 1076 0376 0B       		.uleb128 0xb
 1077 0377 01       		.uleb128 0x1
 1078 0378 51       		.byte	0x51
 1079 0379 02       		.uleb128 0x2
 1080 037a 08       		.byte	0x8
 1081 037b 32       		.byte	0x32
 1082 037c 00       		.byte	0
 1083 037d 0A       		.uleb128 0xa
 1084 037e 28000000 		.4byte	.LVL38
 1085 0382 B0000000 		.4byte	0xb0
 1086 0386 97030000 		.4byte	0x397
 1087 038a 0B       		.uleb128 0xb
 1088 038b 01       		.uleb128 0x1
 1089 038c 50       		.byte	0x50
 1090 038d 02       		.uleb128 0x2
 1091 038e 08       		.byte	0x8
 1092 038f 53       		.byte	0x53
 1093 0390 0B       		.uleb128 0xb
 1094 0391 01       		.uleb128 0x1
 1095 0392 51       		.byte	0x51
 1096 0393 02       		.uleb128 0x2
 1097 0394 08       		.byte	0x8
 1098 0395 35       		.byte	0x35
 1099 0396 00       		.byte	0
 1100 0397 0A       		.uleb128 0xa
 1101 0398 32000000 		.4byte	.LVL39
 1102 039c B0000000 		.4byte	0xb0
 1103 03a0 B1030000 		.4byte	0x3b1
 1104 03a4 0B       		.uleb128 0xb
 1105 03a5 01       		.uleb128 0x1
 1106 03a6 50       		.byte	0x50
 1107 03a7 02       		.uleb128 0x2
 1108 03a8 08       		.byte	0x8
 1109 03a9 53       		.byte	0x53
 1110 03aa 0B       		.uleb128 0xb
ARM GAS  C:\Users\slavi\AppData\Local\Temp\ccm89HsE.s 			page 23


 1111 03ab 01       		.uleb128 0x1
 1112 03ac 51       		.byte	0x51
 1113 03ad 02       		.uleb128 0x2
 1114 03ae 08       		.byte	0x8
 1115 03af 34       		.byte	0x34
 1116 03b0 00       		.byte	0
 1117 03b1 0A       		.uleb128 0xa
 1118 03b2 44000000 		.4byte	.LVL41
 1119 03b6 B0000000 		.4byte	0xb0
 1120 03ba CB030000 		.4byte	0x3cb
 1121 03be 0B       		.uleb128 0xb
 1122 03bf 01       		.uleb128 0x1
 1123 03c0 50       		.byte	0x50
 1124 03c1 02       		.uleb128 0x2
 1125 03c2 08       		.byte	0x8
 1126 03c3 53       		.byte	0x53
 1127 03c4 0B       		.uleb128 0xb
 1128 03c5 01       		.uleb128 0x1
 1129 03c6 51       		.byte	0x51
 1130 03c7 02       		.uleb128 0x2
 1131 03c8 08       		.byte	0x8
 1132 03c9 37       		.byte	0x37
 1133 03ca 00       		.byte	0
 1134 03cb 0A       		.uleb128 0xa
 1135 03cc 4E000000 		.4byte	.LVL42
 1136 03d0 B0000000 		.4byte	0xb0
 1137 03d4 E5030000 		.4byte	0x3e5
 1138 03d8 0B       		.uleb128 0xb
 1139 03d9 01       		.uleb128 0x1
 1140 03da 50       		.byte	0x50
 1141 03db 02       		.uleb128 0x2
 1142 03dc 08       		.byte	0x8
 1143 03dd 53       		.byte	0x53
 1144 03de 0B       		.uleb128 0xb
 1145 03df 01       		.uleb128 0x1
 1146 03e0 51       		.byte	0x51
 1147 03e1 02       		.uleb128 0x2
 1148 03e2 08       		.byte	0x8
 1149 03e3 36       		.byte	0x36
 1150 03e4 00       		.byte	0
 1151 03e5 0A       		.uleb128 0xa
 1152 03e6 68000000 		.4byte	.LVL45
 1153 03ea 6A010000 		.4byte	0x16a
 1154 03ee FE030000 		.4byte	0x3fe
 1155 03f2 0B       		.uleb128 0xb
 1156 03f3 01       		.uleb128 0x1
 1157 03f4 50       		.byte	0x50
 1158 03f5 02       		.uleb128 0x2
 1159 03f6 08       		.byte	0x8
 1160 03f7 53       		.byte	0x53
 1161 03f8 0B       		.uleb128 0xb
 1162 03f9 01       		.uleb128 0x1
 1163 03fa 51       		.byte	0x51
 1164 03fb 01       		.uleb128 0x1
 1165 03fc 4E       		.byte	0x4e
 1166 03fd 00       		.byte	0
 1167 03fe 0A       		.uleb128 0xa
ARM GAS  C:\Users\slavi\AppData\Local\Temp\ccm89HsE.s 			page 24


 1168 03ff 78000000 		.4byte	.LVL47
 1169 0403 6A010000 		.4byte	0x16a
 1170 0407 17040000 		.4byte	0x417
 1171 040b 0B       		.uleb128 0xb
 1172 040c 01       		.uleb128 0x1
 1173 040d 50       		.byte	0x50
 1174 040e 02       		.uleb128 0x2
 1175 040f 08       		.byte	0x8
 1176 0410 53       		.byte	0x53
 1177 0411 0B       		.uleb128 0xb
 1178 0412 01       		.uleb128 0x1
 1179 0413 51       		.byte	0x51
 1180 0414 01       		.uleb128 0x1
 1181 0415 4F       		.byte	0x4f
 1182 0416 00       		.byte	0
 1183 0417 0E       		.uleb128 0xe
 1184 0418 88000000 		.4byte	.LVL49
 1185 041c 6A010000 		.4byte	0x16a
 1186 0420 0B       		.uleb128 0xb
 1187 0421 01       		.uleb128 0x1
 1188 0422 50       		.byte	0x50
 1189 0423 02       		.uleb128 0x2
 1190 0424 08       		.byte	0x8
 1191 0425 53       		.byte	0x53
 1192 0426 0B       		.uleb128 0xb
 1193 0427 01       		.uleb128 0x1
 1194 0428 51       		.byte	0x51
 1195 0429 02       		.uleb128 0x2
 1196 042a 08       		.byte	0x8
 1197 042b 20       		.byte	0x20
 1198 042c 00       		.byte	0
 1199 042d 00       		.byte	0
 1200 042e 10       		.uleb128 0x10
 1201 042f 4E010000 		.4byte	.LASF24
 1202 0433 01       		.byte	0x1
 1203 0434 5C       		.byte	0x5c
 1204 0435 68000000 		.4byte	0x68
 1205 0439 00000000 		.4byte	.LFB69
 1206 043d F8000000 		.4byte	.LFE69-.LFB69
 1207 0441 01       		.uleb128 0x1
 1208 0442 9C       		.byte	0x9c
 1209 0443 E8050000 		.4byte	0x5e8
 1210 0447 0C       		.uleb128 0xc
 1211 0448 08000000 		.4byte	.LVL50
 1212 044c EC060000 		.4byte	0x6ec
 1213 0450 0C       		.uleb128 0xc
 1214 0451 0C000000 		.4byte	.LVL51
 1215 0455 F7060000 		.4byte	0x6f7
 1216 0459 0C       		.uleb128 0xc
 1217 045a 10000000 		.4byte	.LVL52
 1218 045e F1010000 		.4byte	0x1f1
 1219 0462 0A       		.uleb128 0xa
 1220 0463 16000000 		.4byte	.LVL53
 1221 0467 02070000 		.4byte	0x702
 1222 046b 79040000 		.4byte	0x479
 1223 046f 0B       		.uleb128 0xb
 1224 0470 01       		.uleb128 0x1
ARM GAS  C:\Users\slavi\AppData\Local\Temp\ccm89HsE.s 			page 25


 1225 0471 50       		.byte	0x50
 1226 0472 05       		.uleb128 0x5
 1227 0473 03       		.byte	0x3
 1228 0474 00000000 		.4byte	.LC0
 1229 0478 00       		.byte	0
 1230 0479 0A       		.uleb128 0xa
 1231 047a 1C000000 		.4byte	.LVL54
 1232 047e 02070000 		.4byte	0x702
 1233 0482 90040000 		.4byte	0x490
 1234 0486 0B       		.uleb128 0xb
 1235 0487 01       		.uleb128 0x1
 1236 0488 50       		.byte	0x50
 1237 0489 05       		.uleb128 0x5
 1238 048a 03       		.byte	0x3
 1239 048b 10000000 		.4byte	.LC1
 1240 048f 00       		.byte	0
 1241 0490 0C       		.uleb128 0xc
 1242 0491 20000000 		.4byte	.LVL55
 1243 0495 86020000 		.4byte	0x286
 1244 0499 0A       		.uleb128 0xa
 1245 049a 30000000 		.4byte	.LVL56
 1246 049e 0D070000 		.4byte	0x70d
 1247 04a2 B6040000 		.4byte	0x4b6
 1248 04a6 0B       		.uleb128 0xb
 1249 04a7 01       		.uleb128 0x1
 1250 04a8 50       		.byte	0x50
 1251 04a9 02       		.uleb128 0x2
 1252 04aa 74       		.byte	0x74
 1253 04ab 00       		.sleb128 0
 1254 04ac 0B       		.uleb128 0xb
 1255 04ad 01       		.uleb128 0x1
 1256 04ae 51       		.byte	0x51
 1257 04af 05       		.uleb128 0x5
 1258 04b0 03       		.byte	0x3
 1259 04b1 14000000 		.4byte	.LC2
 1260 04b5 00       		.byte	0
 1261 04b6 0A       		.uleb128 0xa
 1262 04b7 36000000 		.4byte	.LVL57
 1263 04bb 02070000 		.4byte	0x702
 1264 04bf CA040000 		.4byte	0x4ca
 1265 04c3 0B       		.uleb128 0xb
 1266 04c4 01       		.uleb128 0x1
 1267 04c5 50       		.byte	0x50
 1268 04c6 02       		.uleb128 0x2
 1269 04c7 74       		.byte	0x74
 1270 04c8 00       		.sleb128 0
 1271 04c9 00       		.byte	0
 1272 04ca 0A       		.uleb128 0xa
 1273 04cb 44000000 		.4byte	.LVL58
 1274 04cf 0D070000 		.4byte	0x70d
 1275 04d3 E7040000 		.4byte	0x4e7
 1276 04d7 0B       		.uleb128 0xb
 1277 04d8 01       		.uleb128 0x1
 1278 04d9 50       		.byte	0x50
 1279 04da 02       		.uleb128 0x2
 1280 04db 74       		.byte	0x74
 1281 04dc 00       		.sleb128 0
ARM GAS  C:\Users\slavi\AppData\Local\Temp\ccm89HsE.s 			page 26


 1282 04dd 0B       		.uleb128 0xb
 1283 04de 01       		.uleb128 0x1
 1284 04df 51       		.byte	0x51
 1285 04e0 05       		.uleb128 0x5
 1286 04e1 03       		.byte	0x3
 1287 04e2 20000000 		.4byte	.LC3
 1288 04e6 00       		.byte	0
 1289 04e7 0A       		.uleb128 0xa
 1290 04e8 4A000000 		.4byte	.LVL59
 1291 04ec 02070000 		.4byte	0x702
 1292 04f0 FB040000 		.4byte	0x4fb
 1293 04f4 0B       		.uleb128 0xb
 1294 04f5 01       		.uleb128 0x1
 1295 04f6 50       		.byte	0x50
 1296 04f7 02       		.uleb128 0x2
 1297 04f8 74       		.byte	0x74
 1298 04f9 00       		.sleb128 0
 1299 04fa 00       		.byte	0
 1300 04fb 0A       		.uleb128 0xa
 1301 04fc 58000000 		.4byte	.LVL60
 1302 0500 0D070000 		.4byte	0x70d
 1303 0504 18050000 		.4byte	0x518
 1304 0508 0B       		.uleb128 0xb
 1305 0509 01       		.uleb128 0x1
 1306 050a 50       		.byte	0x50
 1307 050b 02       		.uleb128 0x2
 1308 050c 74       		.byte	0x74
 1309 050d 00       		.sleb128 0
 1310 050e 0B       		.uleb128 0xb
 1311 050f 01       		.uleb128 0x1
 1312 0510 51       		.byte	0x51
 1313 0511 05       		.uleb128 0x5
 1314 0512 03       		.byte	0x3
 1315 0513 2C000000 		.4byte	.LC4
 1316 0517 00       		.byte	0
 1317 0518 0A       		.uleb128 0xa
 1318 0519 5E000000 		.4byte	.LVL61
 1319 051d 02070000 		.4byte	0x702
 1320 0521 2C050000 		.4byte	0x52c
 1321 0525 0B       		.uleb128 0xb
 1322 0526 01       		.uleb128 0x1
 1323 0527 50       		.byte	0x50
 1324 0528 02       		.uleb128 0x2
 1325 0529 74       		.byte	0x74
 1326 052a 00       		.sleb128 0
 1327 052b 00       		.byte	0
 1328 052c 0A       		.uleb128 0xa
 1329 052d 72000000 		.4byte	.LVL63
 1330 0531 0D070000 		.4byte	0x70d
 1331 0535 49050000 		.4byte	0x549
 1332 0539 0B       		.uleb128 0xb
 1333 053a 01       		.uleb128 0x1
 1334 053b 50       		.byte	0x50
 1335 053c 02       		.uleb128 0x2
 1336 053d 74       		.byte	0x74
 1337 053e 00       		.sleb128 0
 1338 053f 0B       		.uleb128 0xb
ARM GAS  C:\Users\slavi\AppData\Local\Temp\ccm89HsE.s 			page 27


 1339 0540 01       		.uleb128 0x1
 1340 0541 51       		.byte	0x51
 1341 0542 05       		.uleb128 0x5
 1342 0543 03       		.byte	0x3
 1343 0544 38000000 		.4byte	.LC5
 1344 0548 00       		.byte	0
 1345 0549 0A       		.uleb128 0xa
 1346 054a 78000000 		.4byte	.LVL64
 1347 054e 02070000 		.4byte	0x702
 1348 0552 5D050000 		.4byte	0x55d
 1349 0556 0B       		.uleb128 0xb
 1350 0557 01       		.uleb128 0x1
 1351 0558 50       		.byte	0x50
 1352 0559 02       		.uleb128 0x2
 1353 055a 74       		.byte	0x74
 1354 055b 00       		.sleb128 0
 1355 055c 00       		.byte	0
 1356 055d 0A       		.uleb128 0xa
 1357 055e 8C000000 		.4byte	.LVL66
 1358 0562 0D070000 		.4byte	0x70d
 1359 0566 7A050000 		.4byte	0x57a
 1360 056a 0B       		.uleb128 0xb
 1361 056b 01       		.uleb128 0x1
 1362 056c 50       		.byte	0x50
 1363 056d 02       		.uleb128 0x2
 1364 056e 74       		.byte	0x74
 1365 056f 00       		.sleb128 0
 1366 0570 0B       		.uleb128 0xb
 1367 0571 01       		.uleb128 0x1
 1368 0572 51       		.byte	0x51
 1369 0573 05       		.uleb128 0x5
 1370 0574 03       		.byte	0x3
 1371 0575 44000000 		.4byte	.LC6
 1372 0579 00       		.byte	0
 1373 057a 0A       		.uleb128 0xa
 1374 057b 92000000 		.4byte	.LVL67
 1375 057f 02070000 		.4byte	0x702
 1376 0583 8E050000 		.4byte	0x58e
 1377 0587 0B       		.uleb128 0xb
 1378 0588 01       		.uleb128 0x1
 1379 0589 50       		.byte	0x50
 1380 058a 02       		.uleb128 0x2
 1381 058b 74       		.byte	0x74
 1382 058c 00       		.sleb128 0
 1383 058d 00       		.byte	0
 1384 058e 0A       		.uleb128 0xa
 1385 058f A6000000 		.4byte	.LVL69
 1386 0593 0D070000 		.4byte	0x70d
 1387 0597 AB050000 		.4byte	0x5ab
 1388 059b 0B       		.uleb128 0xb
 1389 059c 01       		.uleb128 0x1
 1390 059d 50       		.byte	0x50
 1391 059e 02       		.uleb128 0x2
 1392 059f 74       		.byte	0x74
 1393 05a0 00       		.sleb128 0
 1394 05a1 0B       		.uleb128 0xb
 1395 05a2 01       		.uleb128 0x1
ARM GAS  C:\Users\slavi\AppData\Local\Temp\ccm89HsE.s 			page 28


 1396 05a3 51       		.byte	0x51
 1397 05a4 05       		.uleb128 0x5
 1398 05a5 03       		.byte	0x3
 1399 05a6 50000000 		.4byte	.LC7
 1400 05aa 00       		.byte	0
 1401 05ab 0A       		.uleb128 0xa
 1402 05ac AC000000 		.4byte	.LVL70
 1403 05b0 02070000 		.4byte	0x702
 1404 05b4 BF050000 		.4byte	0x5bf
 1405 05b8 0B       		.uleb128 0xb
 1406 05b9 01       		.uleb128 0x1
 1407 05ba 50       		.byte	0x50
 1408 05bb 02       		.uleb128 0x2
 1409 05bc 74       		.byte	0x74
 1410 05bd 00       		.sleb128 0
 1411 05be 00       		.byte	0
 1412 05bf 0A       		.uleb128 0xa
 1413 05c0 B2000000 		.4byte	.LVL71
 1414 05c4 02070000 		.4byte	0x702
 1415 05c8 D6050000 		.4byte	0x5d6
 1416 05cc 0B       		.uleb128 0xb
 1417 05cd 01       		.uleb128 0x1
 1418 05ce 50       		.byte	0x50
 1419 05cf 05       		.uleb128 0x5
 1420 05d0 03       		.byte	0x3
 1421 05d1 10000000 		.4byte	.LC1
 1422 05d5 00       		.byte	0
 1423 05d6 0E       		.uleb128 0xe
 1424 05d7 BA000000 		.4byte	.LVL72
 1425 05db CB060000 		.4byte	0x6cb
 1426 05df 0B       		.uleb128 0xb
 1427 05e0 01       		.uleb128 0x1
 1428 05e1 50       		.byte	0x50
 1429 05e2 03       		.uleb128 0x3
 1430 05e3 0A       		.byte	0xa
 1431 05e4 F401     		.2byte	0x1f4
 1432 05e6 00       		.byte	0
 1433 05e7 00       		.byte	0
 1434 05e8 11       		.uleb128 0x11
 1435 05e9 1C010000 		.4byte	.LASF25
 1436 05ed 05       		.byte	0x5
 1437 05ee 1207     		.2byte	0x712
 1438 05f0 F4050000 		.4byte	0x5f4
 1439 05f4 12       		.uleb128 0x12
 1440 05f5 76000000 		.4byte	0x76
 1441 05f9 13       		.uleb128 0x13
 1442 05fa 5B020000 		.4byte	.LASF26
 1443 05fe 01       		.byte	0x1
 1444 05ff 1F       		.byte	0x1f
 1445 0600 8D000000 		.4byte	0x8d
 1446 0604 05       		.uleb128 0x5
 1447 0605 03       		.byte	0x3
 1448 0606 00000000 		.4byte	cal_X
 1449 060a 13       		.uleb128 0x13
 1450 060b 0A000000 		.4byte	.LASF27
 1451 060f 01       		.byte	0x1
 1452 0610 1F       		.byte	0x1f
ARM GAS  C:\Users\slavi\AppData\Local\Temp\ccm89HsE.s 			page 29


 1453 0611 8D000000 		.4byte	0x8d
 1454 0615 05       		.uleb128 0x5
 1455 0616 03       		.byte	0x3
 1456 0617 00000000 		.4byte	cal_Y
 1457 061b 13       		.uleb128 0x13
 1458 061c 6B020000 		.4byte	.LASF28
 1459 0620 01       		.byte	0x1
 1460 0621 1F       		.byte	0x1f
 1461 0622 8D000000 		.4byte	0x8d
 1462 0626 05       		.uleb128 0x5
 1463 0627 03       		.byte	0x3
 1464 0628 00000000 		.4byte	cal_Z
 1465 062c 14       		.uleb128 0x14
 1466 062d 9B000000 		.4byte	0x9b
 1467 0631 3C060000 		.4byte	0x63c
 1468 0635 15       		.uleb128 0x15
 1469 0636 A9000000 		.4byte	0xa9
 1470 063a 31       		.byte	0x31
 1471 063b 00       		.byte	0
 1472 063c 13       		.uleb128 0x13
 1473 063d 38020000 		.4byte	.LASF29
 1474 0641 01       		.byte	0x1
 1475 0642 21       		.byte	0x21
 1476 0643 2C060000 		.4byte	0x62c
 1477 0647 05       		.uleb128 0x5
 1478 0648 03       		.byte	0x3
 1479 0649 00000000 		.4byte	buffer
 1480 064d 16       		.uleb128 0x16
 1481 064e 7800     		.ascii	"x\000"
 1482 0650 01       		.byte	0x1
 1483 0651 22       		.byte	0x22
 1484 0652 81000000 		.4byte	0x81
 1485 0656 05       		.uleb128 0x5
 1486 0657 03       		.byte	0x3
 1487 0658 00000000 		.4byte	x
 1488 065c 16       		.uleb128 0x16
 1489 065d 7900     		.ascii	"y\000"
 1490 065f 01       		.byte	0x1
 1491 0660 22       		.byte	0x22
 1492 0661 81000000 		.4byte	0x81
 1493 0665 05       		.uleb128 0x5
 1494 0666 03       		.byte	0x3
 1495 0667 00000000 		.4byte	y
 1496 066b 16       		.uleb128 0x16
 1497 066c 7A00     		.ascii	"z\000"
 1498 066e 01       		.byte	0x1
 1499 066f 22       		.byte	0x22
 1500 0670 81000000 		.4byte	0x81
 1501 0674 05       		.uleb128 0x5
 1502 0675 03       		.byte	0x3
 1503 0676 00000000 		.4byte	z
 1504 067a 16       		.uleb128 0x16
 1505 067b 786700   		.ascii	"xg\000"
 1506 067e 01       		.byte	0x1
 1507 067f 23       		.byte	0x23
 1508 0680 8D000000 		.4byte	0x8d
 1509 0684 05       		.uleb128 0x5
ARM GAS  C:\Users\slavi\AppData\Local\Temp\ccm89HsE.s 			page 30


 1510 0685 03       		.byte	0x3
 1511 0686 00000000 		.4byte	xg
 1512 068a 16       		.uleb128 0x16
 1513 068b 796700   		.ascii	"yg\000"
 1514 068e 01       		.byte	0x1
 1515 068f 23       		.byte	0x23
 1516 0690 8D000000 		.4byte	0x8d
 1517 0694 05       		.uleb128 0x5
 1518 0695 03       		.byte	0x3
 1519 0696 00000000 		.4byte	yg
 1520 069a 16       		.uleb128 0x16
 1521 069b 7A6700   		.ascii	"zg\000"
 1522 069e 01       		.byte	0x1
 1523 069f 23       		.byte	0x23
 1524 06a0 8D000000 		.4byte	0x8d
 1525 06a4 05       		.uleb128 0x5
 1526 06a5 03       		.byte	0x3
 1527 06a6 00000000 		.4byte	zg
 1528 06aa 17       		.uleb128 0x17
 1529 06ab 08010000 		.4byte	.LASF30
 1530 06af 08010000 		.4byte	.LASF30
 1531 06b3 06       		.byte	0x6
 1532 06b4 B1       		.byte	0xb1
 1533 06b5 17       		.uleb128 0x17
 1534 06b6 8C020000 		.4byte	.LASF31
 1535 06ba 8C020000 		.4byte	.LASF31
 1536 06be 06       		.byte	0x6
 1537 06bf B6       		.byte	0xb6
 1538 06c0 17       		.uleb128 0x17
 1539 06c1 84010000 		.4byte	.LASF32
 1540 06c5 84010000 		.4byte	.LASF32
 1541 06c9 06       		.byte	0x6
 1542 06ca B3       		.byte	0xb3
 1543 06cb 17       		.uleb128 0x17
 1544 06cc A8020000 		.4byte	.LASF33
 1545 06d0 A8020000 		.4byte	.LASF33
 1546 06d4 07       		.byte	0x7
 1547 06d5 76       		.byte	0x76
 1548 06d6 17       		.uleb128 0x17
 1549 06d7 1B020000 		.4byte	.LASF34
 1550 06db 1B020000 		.4byte	.LASF34
 1551 06df 06       		.byte	0x6
 1552 06e0 B7       		.byte	0xb7
 1553 06e1 17       		.uleb128 0x17
 1554 06e2 3F020000 		.4byte	.LASF35
 1555 06e6 3F020000 		.4byte	.LASF35
 1556 06ea 06       		.byte	0x6
 1557 06eb B5       		.byte	0xb5
 1558 06ec 17       		.uleb128 0x17
 1559 06ed 23000000 		.4byte	.LASF36
 1560 06f1 23000000 		.4byte	.LASF36
 1561 06f5 06       		.byte	0x6
 1562 06f6 93       		.byte	0x93
 1563 06f7 17       		.uleb128 0x17
 1564 06f8 FD000000 		.4byte	.LASF37
 1565 06fc FD000000 		.4byte	.LASF37
 1566 0700 08       		.byte	0x8
ARM GAS  C:\Users\slavi\AppData\Local\Temp\ccm89HsE.s 			page 31


 1567 0701 54       		.byte	0x54
 1568 0702 17       		.uleb128 0x17
 1569 0703 7D020000 		.4byte	.LASF38
 1570 0707 7D020000 		.4byte	.LASF38
 1571 070b 08       		.byte	0x8
 1572 070c 8B       		.byte	0x8b
 1573 070d 17       		.uleb128 0x17
 1574 070e A0020000 		.4byte	.LASF39
 1575 0712 A0020000 		.4byte	.LASF39
 1576 0716 09       		.byte	0x9
 1577 0717 E7       		.byte	0xe7
 1578 0718 00       		.byte	0
 1579              		.section	.debug_abbrev,"",%progbits
 1580              	.Ldebug_abbrev0:
 1581 0000 01       		.uleb128 0x1
 1582 0001 11       		.uleb128 0x11
 1583 0002 01       		.byte	0x1
 1584 0003 25       		.uleb128 0x25
 1585 0004 0E       		.uleb128 0xe
 1586 0005 13       		.uleb128 0x13
 1587 0006 0B       		.uleb128 0xb
 1588 0007 03       		.uleb128 0x3
 1589 0008 0E       		.uleb128 0xe
 1590 0009 1B       		.uleb128 0x1b
 1591 000a 0E       		.uleb128 0xe
 1592 000b 55       		.uleb128 0x55
 1593 000c 17       		.uleb128 0x17
 1594 000d 11       		.uleb128 0x11
 1595 000e 01       		.uleb128 0x1
 1596 000f 10       		.uleb128 0x10
 1597 0010 17       		.uleb128 0x17
 1598 0011 00       		.byte	0
 1599 0012 00       		.byte	0
 1600 0013 02       		.uleb128 0x2
 1601 0014 24       		.uleb128 0x24
 1602 0015 00       		.byte	0
 1603 0016 0B       		.uleb128 0xb
 1604 0017 0B       		.uleb128 0xb
 1605 0018 3E       		.uleb128 0x3e
 1606 0019 0B       		.uleb128 0xb
 1607 001a 03       		.uleb128 0x3
 1608 001b 0E       		.uleb128 0xe
 1609 001c 00       		.byte	0
 1610 001d 00       		.byte	0
 1611 001e 03       		.uleb128 0x3
 1612 001f 16       		.uleb128 0x16
 1613 0020 00       		.byte	0
 1614 0021 03       		.uleb128 0x3
 1615 0022 0E       		.uleb128 0xe
 1616 0023 3A       		.uleb128 0x3a
 1617 0024 0B       		.uleb128 0xb
 1618 0025 3B       		.uleb128 0x3b
 1619 0026 0B       		.uleb128 0xb
 1620 0027 49       		.uleb128 0x49
 1621 0028 13       		.uleb128 0x13
 1622 0029 00       		.byte	0
 1623 002a 00       		.byte	0
ARM GAS  C:\Users\slavi\AppData\Local\Temp\ccm89HsE.s 			page 32


 1624 002b 04       		.uleb128 0x4
 1625 002c 24       		.uleb128 0x24
 1626 002d 00       		.byte	0
 1627 002e 0B       		.uleb128 0xb
 1628 002f 0B       		.uleb128 0xb
 1629 0030 3E       		.uleb128 0x3e
 1630 0031 0B       		.uleb128 0xb
 1631 0032 03       		.uleb128 0x3
 1632 0033 08       		.uleb128 0x8
 1633 0034 00       		.byte	0
 1634 0035 00       		.byte	0
 1635 0036 05       		.uleb128 0x5
 1636 0037 16       		.uleb128 0x16
 1637 0038 00       		.byte	0
 1638 0039 03       		.uleb128 0x3
 1639 003a 0E       		.uleb128 0xe
 1640 003b 3A       		.uleb128 0x3a
 1641 003c 0B       		.uleb128 0xb
 1642 003d 3B       		.uleb128 0x3b
 1643 003e 05       		.uleb128 0x5
 1644 003f 49       		.uleb128 0x49
 1645 0040 13       		.uleb128 0x13
 1646 0041 00       		.byte	0
 1647 0042 00       		.byte	0
 1648 0043 06       		.uleb128 0x6
 1649 0044 2E       		.uleb128 0x2e
 1650 0045 01       		.byte	0x1
 1651 0046 3F       		.uleb128 0x3f
 1652 0047 19       		.uleb128 0x19
 1653 0048 03       		.uleb128 0x3
 1654 0049 0E       		.uleb128 0xe
 1655 004a 3A       		.uleb128 0x3a
 1656 004b 0B       		.uleb128 0xb
 1657 004c 3B       		.uleb128 0x3b
 1658 004d 0B       		.uleb128 0xb
 1659 004e 27       		.uleb128 0x27
 1660 004f 19       		.uleb128 0x19
 1661 0050 49       		.uleb128 0x49
 1662 0051 13       		.uleb128 0x13
 1663 0052 11       		.uleb128 0x11
 1664 0053 01       		.uleb128 0x1
 1665 0054 12       		.uleb128 0x12
 1666 0055 06       		.uleb128 0x6
 1667 0056 40       		.uleb128 0x40
 1668 0057 18       		.uleb128 0x18
 1669 0058 9742     		.uleb128 0x2117
 1670 005a 19       		.uleb128 0x19
 1671 005b 01       		.uleb128 0x1
 1672 005c 13       		.uleb128 0x13
 1673 005d 00       		.byte	0
 1674 005e 00       		.byte	0
 1675 005f 07       		.uleb128 0x7
 1676 0060 05       		.uleb128 0x5
 1677 0061 00       		.byte	0
 1678 0062 03       		.uleb128 0x3
 1679 0063 0E       		.uleb128 0xe
 1680 0064 3A       		.uleb128 0x3a
ARM GAS  C:\Users\slavi\AppData\Local\Temp\ccm89HsE.s 			page 33


 1681 0065 0B       		.uleb128 0xb
 1682 0066 3B       		.uleb128 0x3b
 1683 0067 0B       		.uleb128 0xb
 1684 0068 49       		.uleb128 0x49
 1685 0069 13       		.uleb128 0x13
 1686 006a 02       		.uleb128 0x2
 1687 006b 17       		.uleb128 0x17
 1688 006c 00       		.byte	0
 1689 006d 00       		.byte	0
 1690 006e 08       		.uleb128 0x8
 1691 006f 05       		.uleb128 0x5
 1692 0070 00       		.byte	0
 1693 0071 03       		.uleb128 0x3
 1694 0072 08       		.uleb128 0x8
 1695 0073 3A       		.uleb128 0x3a
 1696 0074 0B       		.uleb128 0xb
 1697 0075 3B       		.uleb128 0x3b
 1698 0076 0B       		.uleb128 0xb
 1699 0077 49       		.uleb128 0x49
 1700 0078 13       		.uleb128 0x13
 1701 0079 02       		.uleb128 0x2
 1702 007a 17       		.uleb128 0x17
 1703 007b 00       		.byte	0
 1704 007c 00       		.byte	0
 1705 007d 09       		.uleb128 0x9
 1706 007e 34       		.uleb128 0x34
 1707 007f 00       		.byte	0
 1708 0080 03       		.uleb128 0x3
 1709 0081 0E       		.uleb128 0xe
 1710 0082 3A       		.uleb128 0x3a
 1711 0083 0B       		.uleb128 0xb
 1712 0084 3B       		.uleb128 0x3b
 1713 0085 0B       		.uleb128 0xb
 1714 0086 49       		.uleb128 0x49
 1715 0087 13       		.uleb128 0x13
 1716 0088 02       		.uleb128 0x2
 1717 0089 18       		.uleb128 0x18
 1718 008a 00       		.byte	0
 1719 008b 00       		.byte	0
 1720 008c 0A       		.uleb128 0xa
 1721 008d 898201   		.uleb128 0x4109
 1722 0090 01       		.byte	0x1
 1723 0091 11       		.uleb128 0x11
 1724 0092 01       		.uleb128 0x1
 1725 0093 31       		.uleb128 0x31
 1726 0094 13       		.uleb128 0x13
 1727 0095 01       		.uleb128 0x1
 1728 0096 13       		.uleb128 0x13
 1729 0097 00       		.byte	0
 1730 0098 00       		.byte	0
 1731 0099 0B       		.uleb128 0xb
 1732 009a 8A8201   		.uleb128 0x410a
 1733 009d 00       		.byte	0
 1734 009e 02       		.uleb128 0x2
 1735 009f 18       		.uleb128 0x18
 1736 00a0 9142     		.uleb128 0x2111
 1737 00a2 18       		.uleb128 0x18
ARM GAS  C:\Users\slavi\AppData\Local\Temp\ccm89HsE.s 			page 34


 1738 00a3 00       		.byte	0
 1739 00a4 00       		.byte	0
 1740 00a5 0C       		.uleb128 0xc
 1741 00a6 898201   		.uleb128 0x4109
 1742 00a9 00       		.byte	0
 1743 00aa 11       		.uleb128 0x11
 1744 00ab 01       		.uleb128 0x1
 1745 00ac 31       		.uleb128 0x31
 1746 00ad 13       		.uleb128 0x13
 1747 00ae 00       		.byte	0
 1748 00af 00       		.byte	0
 1749 00b0 0D       		.uleb128 0xd
 1750 00b1 2E       		.uleb128 0x2e
 1751 00b2 01       		.byte	0x1
 1752 00b3 3F       		.uleb128 0x3f
 1753 00b4 19       		.uleb128 0x19
 1754 00b5 03       		.uleb128 0x3
 1755 00b6 0E       		.uleb128 0xe
 1756 00b7 3A       		.uleb128 0x3a
 1757 00b8 0B       		.uleb128 0xb
 1758 00b9 3B       		.uleb128 0x3b
 1759 00ba 0B       		.uleb128 0xb
 1760 00bb 27       		.uleb128 0x27
 1761 00bc 19       		.uleb128 0x19
 1762 00bd 11       		.uleb128 0x11
 1763 00be 01       		.uleb128 0x1
 1764 00bf 12       		.uleb128 0x12
 1765 00c0 06       		.uleb128 0x6
 1766 00c1 40       		.uleb128 0x40
 1767 00c2 18       		.uleb128 0x18
 1768 00c3 9742     		.uleb128 0x2117
 1769 00c5 19       		.uleb128 0x19
 1770 00c6 01       		.uleb128 0x1
 1771 00c7 13       		.uleb128 0x13
 1772 00c8 00       		.byte	0
 1773 00c9 00       		.byte	0
 1774 00ca 0E       		.uleb128 0xe
 1775 00cb 898201   		.uleb128 0x4109
 1776 00ce 01       		.byte	0x1
 1777 00cf 11       		.uleb128 0x11
 1778 00d0 01       		.uleb128 0x1
 1779 00d1 31       		.uleb128 0x31
 1780 00d2 13       		.uleb128 0x13
 1781 00d3 00       		.byte	0
 1782 00d4 00       		.byte	0
 1783 00d5 0F       		.uleb128 0xf
 1784 00d6 2E       		.uleb128 0x2e
 1785 00d7 01       		.byte	0x1
 1786 00d8 3F       		.uleb128 0x3f
 1787 00d9 19       		.uleb128 0x19
 1788 00da 03       		.uleb128 0x3
 1789 00db 0E       		.uleb128 0xe
 1790 00dc 3A       		.uleb128 0x3a
 1791 00dd 0B       		.uleb128 0xb
 1792 00de 3B       		.uleb128 0x3b
 1793 00df 0B       		.uleb128 0xb
 1794 00e0 27       		.uleb128 0x27
ARM GAS  C:\Users\slavi\AppData\Local\Temp\ccm89HsE.s 			page 35


 1795 00e1 19       		.uleb128 0x19
 1796 00e2 11       		.uleb128 0x11
 1797 00e3 01       		.uleb128 0x1
 1798 00e4 12       		.uleb128 0x12
 1799 00e5 06       		.uleb128 0x6
 1800 00e6 40       		.uleb128 0x40
 1801 00e7 18       		.uleb128 0x18
 1802 00e8 9642     		.uleb128 0x2116
 1803 00ea 19       		.uleb128 0x19
 1804 00eb 01       		.uleb128 0x1
 1805 00ec 13       		.uleb128 0x13
 1806 00ed 00       		.byte	0
 1807 00ee 00       		.byte	0
 1808 00ef 10       		.uleb128 0x10
 1809 00f0 2E       		.uleb128 0x2e
 1810 00f1 01       		.byte	0x1
 1811 00f2 3F       		.uleb128 0x3f
 1812 00f3 19       		.uleb128 0x19
 1813 00f4 03       		.uleb128 0x3
 1814 00f5 0E       		.uleb128 0xe
 1815 00f6 3A       		.uleb128 0x3a
 1816 00f7 0B       		.uleb128 0xb
 1817 00f8 3B       		.uleb128 0x3b
 1818 00f9 0B       		.uleb128 0xb
 1819 00fa 49       		.uleb128 0x49
 1820 00fb 13       		.uleb128 0x13
 1821 00fc 8701     		.uleb128 0x87
 1822 00fe 19       		.uleb128 0x19
 1823 00ff 11       		.uleb128 0x11
 1824 0100 01       		.uleb128 0x1
 1825 0101 12       		.uleb128 0x12
 1826 0102 06       		.uleb128 0x6
 1827 0103 40       		.uleb128 0x40
 1828 0104 18       		.uleb128 0x18
 1829 0105 9642     		.uleb128 0x2116
 1830 0107 19       		.uleb128 0x19
 1831 0108 01       		.uleb128 0x1
 1832 0109 13       		.uleb128 0x13
 1833 010a 00       		.byte	0
 1834 010b 00       		.byte	0
 1835 010c 11       		.uleb128 0x11
 1836 010d 34       		.uleb128 0x34
 1837 010e 00       		.byte	0
 1838 010f 03       		.uleb128 0x3
 1839 0110 0E       		.uleb128 0xe
 1840 0111 3A       		.uleb128 0x3a
 1841 0112 0B       		.uleb128 0xb
 1842 0113 3B       		.uleb128 0x3b
 1843 0114 05       		.uleb128 0x5
 1844 0115 49       		.uleb128 0x49
 1845 0116 13       		.uleb128 0x13
 1846 0117 3F       		.uleb128 0x3f
 1847 0118 19       		.uleb128 0x19
 1848 0119 3C       		.uleb128 0x3c
 1849 011a 19       		.uleb128 0x19
 1850 011b 00       		.byte	0
 1851 011c 00       		.byte	0
ARM GAS  C:\Users\slavi\AppData\Local\Temp\ccm89HsE.s 			page 36


 1852 011d 12       		.uleb128 0x12
 1853 011e 35       		.uleb128 0x35
 1854 011f 00       		.byte	0
 1855 0120 49       		.uleb128 0x49
 1856 0121 13       		.uleb128 0x13
 1857 0122 00       		.byte	0
 1858 0123 00       		.byte	0
 1859 0124 13       		.uleb128 0x13
 1860 0125 34       		.uleb128 0x34
 1861 0126 00       		.byte	0
 1862 0127 03       		.uleb128 0x3
 1863 0128 0E       		.uleb128 0xe
 1864 0129 3A       		.uleb128 0x3a
 1865 012a 0B       		.uleb128 0xb
 1866 012b 3B       		.uleb128 0x3b
 1867 012c 0B       		.uleb128 0xb
 1868 012d 49       		.uleb128 0x49
 1869 012e 13       		.uleb128 0x13
 1870 012f 3F       		.uleb128 0x3f
 1871 0130 19       		.uleb128 0x19
 1872 0131 02       		.uleb128 0x2
 1873 0132 18       		.uleb128 0x18
 1874 0133 00       		.byte	0
 1875 0134 00       		.byte	0
 1876 0135 14       		.uleb128 0x14
 1877 0136 01       		.uleb128 0x1
 1878 0137 01       		.byte	0x1
 1879 0138 49       		.uleb128 0x49
 1880 0139 13       		.uleb128 0x13
 1881 013a 01       		.uleb128 0x1
 1882 013b 13       		.uleb128 0x13
 1883 013c 00       		.byte	0
 1884 013d 00       		.byte	0
 1885 013e 15       		.uleb128 0x15
 1886 013f 21       		.uleb128 0x21
 1887 0140 00       		.byte	0
 1888 0141 49       		.uleb128 0x49
 1889 0142 13       		.uleb128 0x13
 1890 0143 2F       		.uleb128 0x2f
 1891 0144 0B       		.uleb128 0xb
 1892 0145 00       		.byte	0
 1893 0146 00       		.byte	0
 1894 0147 16       		.uleb128 0x16
 1895 0148 34       		.uleb128 0x34
 1896 0149 00       		.byte	0
 1897 014a 03       		.uleb128 0x3
 1898 014b 08       		.uleb128 0x8
 1899 014c 3A       		.uleb128 0x3a
 1900 014d 0B       		.uleb128 0xb
 1901 014e 3B       		.uleb128 0x3b
 1902 014f 0B       		.uleb128 0xb
 1903 0150 49       		.uleb128 0x49
 1904 0151 13       		.uleb128 0x13
 1905 0152 3F       		.uleb128 0x3f
 1906 0153 19       		.uleb128 0x19
 1907 0154 02       		.uleb128 0x2
 1908 0155 18       		.uleb128 0x18
ARM GAS  C:\Users\slavi\AppData\Local\Temp\ccm89HsE.s 			page 37


 1909 0156 00       		.byte	0
 1910 0157 00       		.byte	0
 1911 0158 17       		.uleb128 0x17
 1912 0159 2E       		.uleb128 0x2e
 1913 015a 00       		.byte	0
 1914 015b 3F       		.uleb128 0x3f
 1915 015c 19       		.uleb128 0x19
 1916 015d 3C       		.uleb128 0x3c
 1917 015e 19       		.uleb128 0x19
 1918 015f 6E       		.uleb128 0x6e
 1919 0160 0E       		.uleb128 0xe
 1920 0161 03       		.uleb128 0x3
 1921 0162 0E       		.uleb128 0xe
 1922 0163 3A       		.uleb128 0x3a
 1923 0164 0B       		.uleb128 0xb
 1924 0165 3B       		.uleb128 0x3b
 1925 0166 0B       		.uleb128 0xb
 1926 0167 00       		.byte	0
 1927 0168 00       		.byte	0
 1928 0169 00       		.byte	0
 1929              		.section	.debug_loc,"",%progbits
 1930              	.Ldebug_loc0:
 1931              	.LLST0:
 1932 0000 00000000 		.4byte	.LVL0
 1933 0004 0B000000 		.4byte	.LVL2-1
 1934 0008 0100     		.2byte	0x1
 1935 000a 50       		.byte	0x50
 1936 000b 0B000000 		.4byte	.LVL2-1
 1937 000f 30000000 		.4byte	.LFE64
 1938 0013 0400     		.2byte	0x4
 1939 0015 F3       		.byte	0xf3
 1940 0016 01       		.uleb128 0x1
 1941 0017 50       		.byte	0x50
 1942 0018 9F       		.byte	0x9f
 1943 0019 00000000 		.4byte	0
 1944 001d 00000000 		.4byte	0
 1945              	.LLST1:
 1946 0021 00000000 		.4byte	.LVL0
 1947 0025 08000000 		.4byte	.LVL1
 1948 0029 0100     		.2byte	0x1
 1949 002b 51       		.byte	0x51
 1950 002c 08000000 		.4byte	.LVL1
 1951 0030 30000000 		.4byte	.LFE64
 1952 0034 0400     		.2byte	0x4
 1953 0036 F3       		.byte	0xf3
 1954 0037 01       		.uleb128 0x1
 1955 0038 51       		.byte	0x51
 1956 0039 9F       		.byte	0x9f
 1957 003a 00000000 		.4byte	0
 1958 003e 00000000 		.4byte	0
 1959              	.LLST2:
 1960 0042 00000000 		.4byte	.LVL9
 1961 0046 0B000000 		.4byte	.LVL11-1
 1962 004a 0100     		.2byte	0x1
 1963 004c 50       		.byte	0x50
 1964 004d 0B000000 		.4byte	.LVL11-1
 1965 0051 1E000000 		.4byte	.LFE65
ARM GAS  C:\Users\slavi\AppData\Local\Temp\ccm89HsE.s 			page 38


 1966 0055 0400     		.2byte	0x4
 1967 0057 F3       		.byte	0xf3
 1968 0058 01       		.uleb128 0x1
 1969 0059 50       		.byte	0x50
 1970 005a 9F       		.byte	0x9f
 1971 005b 00000000 		.4byte	0
 1972 005f 00000000 		.4byte	0
 1973              	.LLST3:
 1974 0063 00000000 		.4byte	.LVL9
 1975 0067 08000000 		.4byte	.LVL10
 1976 006b 0100     		.2byte	0x1
 1977 006d 51       		.byte	0x51
 1978 006e 08000000 		.4byte	.LVL10
 1979 0072 1E000000 		.4byte	.LFE65
 1980 0076 0400     		.2byte	0x4
 1981 0078 F3       		.byte	0xf3
 1982 0079 01       		.uleb128 0x1
 1983 007a 51       		.byte	0x51
 1984 007b 9F       		.byte	0x9f
 1985 007c 00000000 		.4byte	0
 1986 0080 00000000 		.4byte	0
 1987              	.LLST4:
 1988 0084 00000000 		.4byte	.LVL9
 1989 0088 0B000000 		.4byte	.LVL11-1
 1990 008c 0100     		.2byte	0x1
 1991 008e 52       		.byte	0x52
 1992 008f 0B000000 		.4byte	.LVL11-1
 1993 0093 1E000000 		.4byte	.LFE65
 1994 0097 0400     		.2byte	0x4
 1995 0099 F3       		.byte	0xf3
 1996 009a 01       		.uleb128 0x1
 1997 009b 52       		.byte	0x52
 1998 009c 9F       		.byte	0x9f
 1999 009d 00000000 		.4byte	0
 2000 00a1 00000000 		.4byte	0
 2001              		.section	.debug_aranges,"",%progbits
 2002 0000 44000000 		.4byte	0x44
 2003 0004 0200     		.2byte	0x2
 2004 0006 00000000 		.4byte	.Ldebug_info0
 2005 000a 04       		.byte	0x4
 2006 000b 00       		.byte	0
 2007 000c 0000     		.2byte	0
 2008 000e 0000     		.2byte	0
 2009 0010 00000000 		.4byte	.LFB64
 2010 0014 30000000 		.4byte	.LFE64-.LFB64
 2011 0018 00000000 		.4byte	.LFB65
 2012 001c 1E000000 		.4byte	.LFE65-.LFB65
 2013 0020 00000000 		.4byte	.LFB66
 2014 0024 2E000000 		.4byte	.LFE66-.LFB66
 2015 0028 00000000 		.4byte	.LFB67
 2016 002c B4000000 		.4byte	.LFE67-.LFB67
 2017 0030 00000000 		.4byte	.LFB68
 2018 0034 90000000 		.4byte	.LFE68-.LFB68
 2019 0038 00000000 		.4byte	.LFB69
 2020 003c F8000000 		.4byte	.LFE69-.LFB69
 2021 0040 00000000 		.4byte	0
 2022 0044 00000000 		.4byte	0
ARM GAS  C:\Users\slavi\AppData\Local\Temp\ccm89HsE.s 			page 39


 2023              		.section	.debug_ranges,"",%progbits
 2024              	.Ldebug_ranges0:
 2025 0000 00000000 		.4byte	.LFB64
 2026 0004 30000000 		.4byte	.LFE64
 2027 0008 00000000 		.4byte	.LFB65
 2028 000c 1E000000 		.4byte	.LFE65
 2029 0010 00000000 		.4byte	.LFB66
 2030 0014 2E000000 		.4byte	.LFE66
 2031 0018 00000000 		.4byte	.LFB67
 2032 001c B4000000 		.4byte	.LFE67
 2033 0020 00000000 		.4byte	.LFB68
 2034 0024 90000000 		.4byte	.LFE68
 2035 0028 00000000 		.4byte	.LFB69
 2036 002c F8000000 		.4byte	.LFE69
 2037 0030 00000000 		.4byte	0
 2038 0034 00000000 		.4byte	0
 2039              		.section	.debug_line,"",%progbits
 2040              	.Ldebug_line0:
 2041 0000 AD020000 		.section	.debug_str,"MS",%progbits,1
 2041      0200DD01 
 2041      00000201 
 2041      FB0E0D00 
 2041      01010101 
 2042              	.LASF9:
 2043 0000 5F5F696E 		.ascii	"__int32_t\000"
 2043      7433325F 
 2043      7400
 2044              	.LASF27:
 2045 000a 63616C5F 		.ascii	"cal_Y\000"
 2045      5900
 2046              	.LASF3:
 2047 0010 73686F72 		.ascii	"short unsigned int\000"
 2047      7420756E 
 2047      7369676E 
 2047      65642069 
 2047      6E7400
 2048              	.LASF36:
 2049 0023 4932435F 		.ascii	"I2C_Start\000"
 2049      53746172 
 2049      7400
 2050              	.LASF10:
 2051 002d 696E7433 		.ascii	"int32_t\000"
 2051      325F7400 
 2052              	.LASF12:
 2053 0035 666C6F61 		.ascii	"float\000"
 2053      7400
 2054              	.LASF18:
 2055 003b 64617461 		.ascii	"data\000"
 2055      00
 2056              	.LASF1:
 2057 0040 756E7369 		.ascii	"unsigned char\000"
 2057      676E6564 
 2057      20636861 
 2057      7200
 2058              	.LASF40:
 2059 004e 474E5520 		.ascii	"GNU C11 5.4.1 20160609 (release) [ARM/embedded-5-br"
 2059      43313120 
ARM GAS  C:\Users\slavi\AppData\Local\Temp\ccm89HsE.s 			page 40


 2059      352E342E 
 2059      31203230 
 2059      31363036 
 2060 0081 616E6368 		.ascii	"anch revision 237715] -mcpu=cortex-m3 -mthumb -g -O"
 2060      20726576 
 2060      6973696F 
 2060      6E203233 
 2060      37373135 
 2061 00b4 67202D66 		.ascii	"g -ffunction-sections -ffat-lto-objects\000"
 2061      66756E63 
 2061      74696F6E 
 2061      2D736563 
 2061      74696F6E 
 2062              	.LASF11:
 2063 00dc 696E7431 		.ascii	"int16\000"
 2063      3600
 2064              	.LASF5:
 2065 00e2 6C6F6E67 		.ascii	"long unsigned int\000"
 2065      20756E73 
 2065      69676E65 
 2065      6420696E 
 2065      7400
 2066              	.LASF23:
 2067 00f4 52656164 		.ascii	"Read_I2C\000"
 2067      5F493243 
 2067      00
 2068              	.LASF37:
 2069 00fd 55415254 		.ascii	"UART_Start\000"
 2069      5F537461 
 2069      727400
 2070              	.LASF30:
 2071 0108 4932435F 		.ascii	"I2C_MasterSendStart\000"
 2071      4D617374 
 2071      65725365 
 2071      6E645374 
 2071      61727400 
 2072              	.LASF25:
 2073 011c 49544D5F 		.ascii	"ITM_RxBuffer\000"
 2073      52784275 
 2073      66666572 
 2073      00
 2074              	.LASF17:
 2075 0129 42757341 		.ascii	"BusAddress\000"
 2075      64647265 
 2075      737300
 2076              	.LASF13:
 2077 0134 646F7562 		.ascii	"double\000"
 2077      6C6500
 2078              	.LASF22:
 2079 013b 4F666673 		.ascii	"Offset_Calibration\000"
 2079      65745F43 
 2079      616C6962 
 2079      72617469 
 2079      6F6E00
 2080              	.LASF24:
 2081 014e 6D61696E 		.ascii	"main\000"
 2081      00
ARM GAS  C:\Users\slavi\AppData\Local\Temp\ccm89HsE.s 			page 41


 2082              	.LASF20:
 2083 0153 4144584C 		.ascii	"ADXL345_Init\000"
 2083      3334355F 
 2083      496E6974 
 2083      00
 2084              	.LASF8:
 2085 0160 756E7369 		.ascii	"unsigned int\000"
 2085      676E6564 
 2085      20696E74 
 2085      00
 2086              	.LASF7:
 2087 016d 6C6F6E67 		.ascii	"long long unsigned int\000"
 2087      206C6F6E 
 2087      6720756E 
 2087      7369676E 
 2087      65642069 
 2088              	.LASF32:
 2089 0184 4932435F 		.ascii	"I2C_MasterSendRestart\000"
 2089      4D617374 
 2089      65725365 
 2089      6E645265 
 2089      73746172 
 2090              	.LASF15:
 2091 019a 6C6F6E67 		.ascii	"long double\000"
 2091      20646F75 
 2091      626C6500 
 2092              	.LASF16:
 2093 01a6 73697A65 		.ascii	"sizetype\000"
 2093      74797065 
 2093      00
 2094              	.LASF42:
 2095 01af 433A5C55 		.ascii	"C:\\Users\\slavi\\Documents\\PSoC Creator\\Workspac"
 2095      73657273 
 2095      5C736C61 
 2095      76695C44 
 2095      6F63756D 
 2096 01dd 6530325C 		.ascii	"e02\\Design01.cydsn\000"
 2096      44657369 
 2096      676E3031 
 2096      2E637964 
 2096      736E00
 2097              	.LASF6:
 2098 01f0 6C6F6E67 		.ascii	"long long int\000"
 2098      206C6F6E 
 2098      6720696E 
 2098      7400
 2099              	.LASF41:
 2100 01fe 6D61696E 		.ascii	"main.c\000"
 2100      2E6300
 2101              	.LASF14:
 2102 0205 63686172 		.ascii	"char\000"
 2102      00
 2103              	.LASF21:
 2104 020a 4765745F 		.ascii	"Get_Accel_Values\000"
 2104      41636365 
 2104      6C5F5661 
 2104      6C756573 
ARM GAS  C:\Users\slavi\AppData\Local\Temp\ccm89HsE.s 			page 42


 2104      00
 2105              	.LASF34:
 2106 021b 4932435F 		.ascii	"I2C_MasterReadByte\000"
 2106      4D617374 
 2106      65725265 
 2106      61644279 
 2106      746500
 2107              	.LASF2:
 2108 022e 73686F72 		.ascii	"short int\000"
 2108      7420696E 
 2108      7400
 2109              	.LASF29:
 2110 0238 62756666 		.ascii	"buffer\000"
 2110      657200
 2111              	.LASF35:
 2112 023f 4932435F 		.ascii	"I2C_MasterSendStop\000"
 2112      4D617374 
 2112      65725365 
 2112      6E645374 
 2112      6F7000
 2113              	.LASF4:
 2114 0252 6C6F6E67 		.ascii	"long int\000"
 2114      20696E74 
 2114      00
 2115              	.LASF26:
 2116 025b 63616C5F 		.ascii	"cal_X\000"
 2116      5800
 2117              	.LASF19:
 2118 0261 57726974 		.ascii	"Write_I2C\000"
 2118      655F4932 
 2118      4300
 2119              	.LASF28:
 2120 026b 63616C5F 		.ascii	"cal_Z\000"
 2120      5A00
 2121              	.LASF0:
 2122 0271 7369676E 		.ascii	"signed char\000"
 2122      65642063 
 2122      68617200 
 2123              	.LASF38:
 2124 027d 55415254 		.ascii	"UART_PutString\000"
 2124      5F507574 
 2124      53747269 
 2124      6E6700
 2125              	.LASF31:
 2126 028c 4932435F 		.ascii	"I2C_MasterWriteByte\000"
 2126      4D617374 
 2126      65725772 
 2126      69746542 
 2126      79746500 
 2127              	.LASF39:
 2128 02a0 73707269 		.ascii	"sprintf\000"
 2128      6E746600 
 2129              	.LASF33:
 2130 02a8 43794465 		.ascii	"CyDelay\000"
 2130      6C617900 
 2131              		.ident	"GCC: (GNU Tools for ARM Embedded Processors) 5.4.1 20160609 (release) [ARM/embedded-5-bran
